#
# There is insufficient memory for the Java Runtime Environment to continue.
# Native memory allocation (malloc) failed to allocate 1060416 bytes. Error detail: Chunk::new
# Possible reasons:
#   The system is out of physical RAM or swap space
#   This process is running with CompressedOops enabled, and the Java Heap may be blocking the growth of the native heap
# Possible solutions:
#   Reduce memory load on the system
#   Increase physical memory or swap space
#   Check if swap backing store is full
#   Decrease Java heap size (-Xmx/-Xms)
#   Decrease number of Java threads
#   Decrease Java thread stack sizes (-Xss)
#   Set larger code cache with -XX:ReservedCodeCacheSize=
#   JVM is running with Unscaled Compressed Oops mode in which the Java heap is
#     placed in the first 4GB address space. The Java Heap base address is the
#     maximum limit for the native heap growth. Please use -XX:HeapBaseMinAddress
#     to set the Java Heap base and to place the Java Heap above 4GB virtual address.
# This output file may be truncated or incomplete.
#
#  Out of Memory Error (arena.cpp:191), pid=22372, tid=21852
#
# JRE version: OpenJDK Runtime Environment OpenLogic-OpenJDK (17.0.17+10) (build 17.0.17+10-adhoc..jdk17u)
# Java VM: OpenJDK 64-Bit Server VM OpenLogic-OpenJDK (17.0.17+10-adhoc..jdk17u, mixed mode, sharing, tiered, compressed oops, compressed class ptrs, g1 gc, windows-amd64)
# No core dump will be written. Minidumps are not enabled by default on client versions of Windows
#

---------------  S U M M A R Y ------------

Command Line: org.jetbrains.kotlin.cli.jvm.K2JVMCompiler @C:\Newhergaurd\HerGuardClean\node_modules\react-native-screens\android\build\20260118_10029737350148203306.compiler.options

Host: AMD Ryzen 5 5600H with Radeon Graphics         , 12 cores, 5G,  Windows 11 , 64 bit Build 26100 (10.0.26100.7309)
Time: Sun Jan 18 00:38:52 2026 India Standard Time elapsed time: 50.303306 seconds (0d 0h 0m 50s)

---------------  T H R E A D  ---------------

Current thread (0x000001c15ac177e0):  JavaThread "C2 CompilerThread0" daemon [_thread_in_native, id=21852, stack(0x00000057c3c00000,0x00000057c3d00000)]


Current CompileTask:
C2:50306 4546       4       java.lang.ClassLoader::loadClass (7 bytes)

Stack: [0x00000057c3c00000,0x00000057c3d00000]
Native frames: (J=compiled Java code, j=interpreted, Vv=VM code, C=native code)
V  [jvm.dll+0x680b99]
V  [jvm.dll+0x8387aa]
V  [jvm.dll+0x83a26e]
V  [jvm.dll+0x83a8d3]
V  [jvm.dll+0x2484af]
V  [jvm.dll+0xaca34]
V  [jvm.dll+0xad07c]
V  [jvm.dll+0x2afaff]
V  [jvm.dll+0x587037]
V  [jvm.dll+0x223252]
V  [jvm.dll+0x22364f]
V  [jvm.dll+0x21c760]
V  [jvm.dll+0x219c61]
V  [jvm.dll+0x1a5a8d]
V  [jvm.dll+0x229a9d]
V  [jvm.dll+0x227c5c]
V  [jvm.dll+0x7ed767]
V  [jvm.dll+0x7e7cbc]
V  [jvm.dll+0x67fa67]
C  [ucrtbase.dll+0x37b0]
C  [KERNEL32.DLL+0x2e8d7]
C  [ntdll.dll+0x8c53c]


---------------  P R O C E S S  ---------------

Threads class SMR info:
_java_thread_list=0x000001c1a00f0ea0, length=12, elements={
0x000001c13a17e780, 0x000001c15abea580, 0x000001c15abeb140, 0x000001c15ac05880,
0x000001c15ac06240, 0x000001c15ac06c00, 0x000001c15ac075c0, 0x000001c15ac177e0,
0x000001c15ac281f0, 0x000001c15ac2b3e0, 0x000001c1a01296e0, 0x000001c1a012c280
}

Java Threads: ( => current thread )
  0x000001c13a17e780 JavaThread "main" [_thread_in_vm, id=416, stack(0x00000057c2f00000,0x00000057c3000000)]
  0x000001c15abea580 JavaThread "Reference Handler" daemon [_thread_blocked, id=14420, stack(0x00000057c3600000,0x00000057c3700000)]
  0x000001c15abeb140 JavaThread "Finalizer" daemon [_thread_blocked, id=20420, stack(0x00000057c3700000,0x00000057c3800000)]
  0x000001c15ac05880 JavaThread "Signal Dispatcher" daemon [_thread_blocked, id=22244, stack(0x00000057c3800000,0x00000057c3900000)]
  0x000001c15ac06240 JavaThread "Attach Listener" daemon [_thread_blocked, id=16420, stack(0x00000057c3900000,0x00000057c3a00000)]
  0x000001c15ac06c00 JavaThread "Service Thread" daemon [_thread_blocked, id=4724, stack(0x00000057c3a00000,0x00000057c3b00000)]
  0x000001c15ac075c0 JavaThread "Monitor Deflation Thread" daemon [_thread_blocked, id=20848, stack(0x00000057c3b00000,0x00000057c3c00000)]
=>0x000001c15ac177e0 JavaThread "C2 CompilerThread0" daemon [_thread_in_native, id=21852, stack(0x00000057c3c00000,0x00000057c3d00000)]
  0x000001c15ac281f0 JavaThread "C1 CompilerThread0" daemon [_thread_blocked, id=21784, stack(0x00000057c3d00000,0x00000057c3e00000)]
  0x000001c15ac2b3e0 JavaThread "Sweeper thread" daemon [_thread_blocked, id=3468, stack(0x00000057c3e00000,0x00000057c3f00000)]
  0x000001c1a01296e0 JavaThread "Notification Thread" daemon [_thread_blocked, id=15828, stack(0x00000057c3f00000,0x00000057c4000000)]
  0x000001c1a012c280 JavaThread "Common-Cleaner" daemon [_thread_blocked, id=21496, stack(0x00000057c4100000,0x00000057c4200000)]

Other Threads:
  0x000001c15abe4030 VMThread "VM Thread" [stack: 0x00000057c3500000,0x00000057c3600000] [id=4292]
  0x000001c1a0129fd0 WatcherThread [stack: 0x00000057c4000000,0x00000057c4100000] [id=7592]
  0x000001c13c42b2e0 GCTaskThread "GC Thread#0" [stack: 0x00000057c3000000,0x00000057c3100000] [id=21988]
  0x000001c1a0347e20 GCTaskThread "GC Thread#1" [stack: 0x00000057c4200000,0x00000057c4300000] [id=10616]
  0x000001c1a03423e0 GCTaskThread "GC Thread#2" [stack: 0x00000057c4300000,0x00000057c4400000] [id=15680]
  0x000001c1a045f4e0 GCTaskThread "GC Thread#3" [stack: 0x00000057c4400000,0x00000057c4500000] [id=7132]
  0x000001c1a045f7a0 GCTaskThread "GC Thread#4" [stack: 0x00000057c4500000,0x00000057c4600000] [id=21344]
  0x000001c1a045fa60 GCTaskThread "GC Thread#5" [stack: 0x00000057c4600000,0x00000057c4700000] [id=23112]
  0x000001c1a088a5a0 GCTaskThread "GC Thread#6" [stack: 0x00000057c4700000,0x00000057c4800000] [id=404]
  0x000001c1a08538e0 GCTaskThread "GC Thread#7" [stack: 0x00000057c4800000,0x00000057c4900000] [id=13508]
  0x000001c1a0853ba0 GCTaskThread "GC Thread#8" [stack: 0x00000057c4900000,0x00000057c4a00000] [id=15648]
  0x000001c1a0992360 GCTaskThread "GC Thread#9" [stack: 0x00000057c4a00000,0x00000057c4b00000] [id=20796]
  0x000001c13c439230 ConcurrentGCThread "G1 Main Marker" [stack: 0x00000057c3100000,0x00000057c3200000] [id=6844]
  0x000001c13c439c50 ConcurrentGCThread "G1 Conc#0" [stack: 0x00000057c3200000,0x00000057c3300000] [id=24496]
  0x000001c1a09912e0 ConcurrentGCThread "G1 Conc#1" [stack: 0x00000057c4b00000,0x00000057c4c00000] [id=11792]
  0x000001c1a09928e0 ConcurrentGCThread "G1 Conc#2" [stack: 0x00000057c4c00000,0x00000057c4d00000] [id=22164]
  0x000001c15aaa20c0 ConcurrentGCThread "G1 Refine#0" [stack: 0x00000057c3300000,0x00000057c3400000] [id=6344]
  0x000001c1a0f7e340 ConcurrentGCThread "G1 Refine#1" [stack: 0x00000057c4d00000,0x00000057c4e00000] [id=20524]
  0x000001c15aaa27a0 ConcurrentGCThread "G1 Service" [stack: 0x00000057c3400000,0x00000057c3500000] [id=12416]

Threads with active compile tasks:
C2 CompilerThread0  50500 4546       4       java.lang.ClassLoader::loadClass (7 bytes)

VM state: not at safepoint (normal execution)

VM Mutex/Monitor currently owned by a thread:  ([mutex/lock_event])
[0x000001c13a151a60] Metaspace_lock - owner thread: 0x000001c13a17e780

Heap address: 0x00000000a2400000, size: 1500 MB, Compressed Oops mode: 32-bit

CDS archive(s) mapped at: [0x000001c15b000000-0x000001c15bbc0000-0x000001c15bbc0000), size 12320768, SharedBaseAddress: 0x000001c15b000000, ArchiveRelocationMode: 1.
Compressed class space mapped at: 0x000001c15c000000-0x000001c19c000000, reserved size: 1073741824
Narrow klass base: 0x000001c15b000000, Narrow klass shift: 0, Narrow klass range: 0x100000000

GC Precious Log:
 CPUs: 12 total, 12 available
 Memory: 5996M
 Large Page Support: Disabled
 NUMA Support: Disabled
 Compressed Oops: Enabled (32-bit)
 Heap Region Size: 1M
 Heap Min Capacity: 8M
 Heap Initial Capacity: 94M
 Heap Max Capacity: 1500M
 Pre-touch: Disabled
 Parallel Workers: 10
 Concurrent Workers: 3
 Concurrent Refinement Workers: 10
 Periodic GC: Disabled

Heap:
 garbage-first heap   total 130048K, used 44311K [0x00000000a2400000, 0x0000000100000000)
  region size 1024K, 10 young (10240K), 1 survivors (1024K)
 Metaspace       used 43562K, committed 43840K, reserved 1114112K
  class space    used 5149K, committed 5248K, reserved 1048576K

Heap Regions: E=young(eden), S=young(survivor), O=old, HS=humongous(starts), HC=humongous(continues), CS=collection set, F=free, OA=open archive, CA=closed archive, TAMS=top-at-mark-start (previous, next)
|   0|0x00000000a2400000, 0x00000000a2500000, 0x00000000a2500000|100%|HS|  |TAMS 0x00000000a2500000, 0x00000000a2400000| Complete 
|   1|0x00000000a2500000, 0x00000000a2600000, 0x00000000a2600000|100%|HC|  |TAMS 0x00000000a2600000, 0x00000000a2500000| Complete 
|   2|0x00000000a2600000, 0x00000000a2700000, 0x00000000a2700000|100%|HC|  |TAMS 0x00000000a2700000, 0x00000000a2600000| Complete 
|   3|0x00000000a2700000, 0x00000000a2800000, 0x00000000a2800000|100%| O|  |TAMS 0x00000000a2800000, 0x00000000a2700000| Untracked 
|   4|0x00000000a2800000, 0x00000000a2900000, 0x00000000a2900000|100%| O|  |TAMS 0x00000000a2900000, 0x00000000a2800000| Untracked 
|   5|0x00000000a2900000, 0x00000000a2a00000, 0x00000000a2a00000|100%| O|  |TAMS 0x00000000a2a00000, 0x00000000a2900000| Untracked 
|   6|0x00000000a2a00000, 0x00000000a2b00000, 0x00000000a2b00000|100%| O|  |TAMS 0x00000000a2b00000, 0x00000000a2a00000| Untracked 
|   7|0x00000000a2b00000, 0x00000000a2c00000, 0x00000000a2c00000|100%| O|  |TAMS 0x00000000a2c00000, 0x00000000a2b00000| Untracked 
|   8|0x00000000a2c00000, 0x00000000a2d00000, 0x00000000a2d00000|100%| O|  |TAMS 0x00000000a2d00000, 0x00000000a2c00000| Untracked 
|   9|0x00000000a2d00000, 0x00000000a2e00000, 0x00000000a2e00000|100%| O|  |TAMS 0x00000000a2e00000, 0x00000000a2d00000| Untracked 
|  10|0x00000000a2e00000, 0x00000000a2f00000, 0x00000000a2f00000|100%| O|  |TAMS 0x00000000a2f00000, 0x00000000a2e00000| Untracked 
|  11|0x00000000a2f00000, 0x00000000a3000000, 0x00000000a3000000|100%| O|  |TAMS 0x00000000a3000000, 0x00000000a2f00000| Untracked 
|  12|0x00000000a3000000, 0x00000000a3100000, 0x00000000a3100000|100%| O|  |TAMS 0x00000000a3100000, 0x00000000a3000000| Untracked 
|  13|0x00000000a3100000, 0x00000000a3200000, 0x00000000a3200000|100%| O|  |TAMS 0x00000000a3200000, 0x00000000a3100000| Untracked 
|  14|0x00000000a3200000, 0x00000000a3300000, 0x00000000a3300000|100%| O|  |TAMS 0x00000000a3300000, 0x00000000a3200000| Untracked 
|  15|0x00000000a3300000, 0x00000000a3400000, 0x00000000a3400000|100%| O|  |TAMS 0x00000000a3400000, 0x00000000a3300000| Untracked 
|  16|0x00000000a3400000, 0x00000000a3500000, 0x00000000a3500000|100%| O|  |TAMS 0x00000000a3500000, 0x00000000a3400000| Untracked 
|  17|0x00000000a3500000, 0x00000000a3600000, 0x00000000a3600000|100%| O|  |TAMS 0x00000000a3600000, 0x00000000a3500000| Untracked 
|  18|0x00000000a3600000, 0x00000000a3700000, 0x00000000a3700000|100%| O|  |TAMS 0x00000000a3700000, 0x00000000a3600000| Untracked 
|  19|0x00000000a3700000, 0x00000000a3800000, 0x00000000a3800000|100%| O|  |TAMS 0x00000000a3800000, 0x00000000a3700000| Untracked 
|  20|0x00000000a3800000, 0x00000000a3900000, 0x00000000a3900000|100%| O|  |TAMS 0x00000000a3900000, 0x00000000a3800000| Untracked 
|  21|0x00000000a3900000, 0x00000000a3a00000, 0x00000000a3a00000|100%| O|  |TAMS 0x00000000a3a00000, 0x00000000a3900000| Untracked 
|  22|0x00000000a3a00000, 0x00000000a3b00000, 0x00000000a3b00000|100%| O|  |TAMS 0x00000000a3b00000, 0x00000000a3a00000| Untracked 
|  23|0x00000000a3b00000, 0x00000000a3c00000, 0x00000000a3c00000|100%| O|  |TAMS 0x00000000a3c00000, 0x00000000a3b00000| Untracked 
|  24|0x00000000a3c00000, 0x00000000a3d00000, 0x00000000a3d00000|100%| O|  |TAMS 0x00000000a3d00000, 0x00000000a3c00000| Untracked 
|  25|0x00000000a3d00000, 0x00000000a3e00000, 0x00000000a3e00000|100%| O|  |TAMS 0x00000000a3e00000, 0x00000000a3d00000| Untracked 
|  26|0x00000000a3e00000, 0x00000000a3f00000, 0x00000000a3f00000|100%| O|  |TAMS 0x00000000a3f00000, 0x00000000a3e00000| Untracked 
|  27|0x00000000a3f00000, 0x00000000a4000000, 0x00000000a4000000|100%| O|  |TAMS 0x00000000a4000000, 0x00000000a3f00000| Untracked 
|  28|0x00000000a4000000, 0x00000000a4100000, 0x00000000a4100000|100%| O|  |TAMS 0x00000000a4000000, 0x00000000a4000000| Untracked 
|  29|0x00000000a4100000, 0x00000000a4200000, 0x00000000a4200000|100%| O|  |TAMS 0x00000000a4100000, 0x00000000a4100000| Untracked 
|  30|0x00000000a4200000, 0x00000000a4300000, 0x00000000a4300000|100%| O|  |TAMS 0x00000000a4200000, 0x00000000a4200000| Untracked 
|  31|0x00000000a4300000, 0x00000000a4400000, 0x00000000a4400000|100%| O|  |TAMS 0x00000000a4300000, 0x00000000a4300000| Untracked 
|  32|0x00000000a4400000, 0x00000000a4500000, 0x00000000a4500000|100%| O|  |TAMS 0x00000000a4400000, 0x00000000a4400000| Untracked 
|  33|0x00000000a4500000, 0x00000000a4600000, 0x00000000a4600000|100%| O|  |TAMS 0x00000000a4500000, 0x00000000a4500000| Untracked 
|  34|0x00000000a4600000, 0x00000000a4700000, 0x00000000a4700000|100%| O|  |TAMS 0x00000000a4600000, 0x00000000a4600000| Untracked 
|  35|0x00000000a4700000, 0x00000000a47b4800, 0x00000000a4800000| 70%| O|  |TAMS 0x00000000a4700000, 0x00000000a4700000| Untracked 
|  36|0x00000000a4800000, 0x00000000a4800000, 0x00000000a4900000|  0%| F|  |TAMS 0x00000000a4800000, 0x00000000a4800000| Untracked 
|  37|0x00000000a4900000, 0x00000000a4900000, 0x00000000a4a00000|  0%| F|  |TAMS 0x00000000a4900000, 0x00000000a4900000| Untracked 
|  38|0x00000000a4a00000, 0x00000000a4a00000, 0x00000000a4b00000|  0%| F|  |TAMS 0x00000000a4a00000, 0x00000000a4a00000| Untracked 
|  39|0x00000000a4b00000, 0x00000000a4b00000, 0x00000000a4c00000|  0%| F|  |TAMS 0x00000000a4b00000, 0x00000000a4b00000| Untracked 
|  40|0x00000000a4c00000, 0x00000000a4c00000, 0x00000000a4d00000|  0%| F|  |TAMS 0x00000000a4c00000, 0x00000000a4c00000| Untracked 
|  41|0x00000000a4d00000, 0x00000000a4d00000, 0x00000000a4e00000|  0%| F|  |TAMS 0x00000000a4d00000, 0x00000000a4d00000| Untracked 
|  42|0x00000000a4e00000, 0x00000000a4e00000, 0x00000000a4f00000|  0%| F|  |TAMS 0x00000000a4e00000, 0x00000000a4e00000| Untracked 
|  43|0x00000000a4f00000, 0x00000000a4f00000, 0x00000000a5000000|  0%| F|  |TAMS 0x00000000a4f00000, 0x00000000a4f00000| Untracked 
|  44|0x00000000a5000000, 0x00000000a5000000, 0x00000000a5100000|  0%| F|  |TAMS 0x00000000a5000000, 0x00000000a5000000| Untracked 
|  45|0x00000000a5100000, 0x00000000a5100000, 0x00000000a5200000|  0%| F|  |TAMS 0x00000000a5100000, 0x00000000a5100000| Untracked 
|  46|0x00000000a5200000, 0x00000000a5200000, 0x00000000a5300000|  0%| F|  |TAMS 0x00000000a5200000, 0x00000000a5200000| Untracked 
|  47|0x00000000a5300000, 0x00000000a5300000, 0x00000000a5400000|  0%| F|  |TAMS 0x00000000a5300000, 0x00000000a5300000| Untracked 
|  48|0x00000000a5400000, 0x00000000a5400000, 0x00000000a5500000|  0%| F|  |TAMS 0x00000000a5400000, 0x00000000a5400000| Untracked 
|  49|0x00000000a5500000, 0x00000000a5500000, 0x00000000a5600000|  0%| F|  |TAMS 0x00000000a5500000, 0x00000000a5500000| Untracked 
|  50|0x00000000a5600000, 0x00000000a5600000, 0x00000000a5700000|  0%| F|  |TAMS 0x00000000a5600000, 0x00000000a5600000| Untracked 
|  51|0x00000000a5700000, 0x00000000a5700000, 0x00000000a5800000|  0%| F|  |TAMS 0x00000000a5700000, 0x00000000a5700000| Untracked 
|  52|0x00000000a5800000, 0x00000000a5800000, 0x00000000a5900000|  0%| F|  |TAMS 0x00000000a5800000, 0x00000000a5800000| Untracked 
|  53|0x00000000a5900000, 0x00000000a5900000, 0x00000000a5a00000|  0%| F|  |TAMS 0x00000000a5900000, 0x00000000a5900000| Untracked 
|  54|0x00000000a5a00000, 0x00000000a5a00000, 0x00000000a5b00000|  0%| F|  |TAMS 0x00000000a5a00000, 0x00000000a5a00000| Untracked 
|  55|0x00000000a5b00000, 0x00000000a5b00000, 0x00000000a5c00000|  0%| F|  |TAMS 0x00000000a5b00000, 0x00000000a5b00000| Untracked 
|  56|0x00000000a5c00000, 0x00000000a5c00000, 0x00000000a5d00000|  0%| F|  |TAMS 0x00000000a5c00000, 0x00000000a5c00000| Untracked 
|  57|0x00000000a5d00000, 0x00000000a5d00000, 0x00000000a5e00000|  0%| F|  |TAMS 0x00000000a5d00000, 0x00000000a5d00000| Untracked 
|  58|0x00000000a5e00000, 0x00000000a5e00000, 0x00000000a5f00000|  0%| F|  |TAMS 0x00000000a5e00000, 0x00000000a5e00000| Untracked 
|  59|0x00000000a5f00000, 0x00000000a5f00000, 0x00000000a6000000|  0%| F|  |TAMS 0x00000000a5f00000, 0x00000000a5f00000| Untracked 
|  60|0x00000000a6000000, 0x00000000a6000000, 0x00000000a6100000|  0%| F|  |TAMS 0x00000000a6000000, 0x00000000a6000000| Untracked 
|  61|0x00000000a6100000, 0x00000000a6100000, 0x00000000a6200000|  0%| F|  |TAMS 0x00000000a6100000, 0x00000000a6100000| Untracked 
|  62|0x00000000a6200000, 0x00000000a6200000, 0x00000000a6300000|  0%| F|  |TAMS 0x00000000a6200000, 0x00000000a6200000| Untracked 
|  63|0x00000000a6300000, 0x00000000a6300000, 0x00000000a6400000|  0%| F|  |TAMS 0x00000000a6300000, 0x00000000a6300000| Untracked 
|  64|0x00000000a6400000, 0x00000000a6400000, 0x00000000a6500000|  0%| F|  |TAMS 0x00000000a6400000, 0x00000000a6400000| Untracked 
|  65|0x00000000a6500000, 0x00000000a6500000, 0x00000000a6600000|  0%| F|  |TAMS 0x00000000a6500000, 0x00000000a6500000| Untracked 
|  66|0x00000000a6600000, 0x00000000a6600000, 0x00000000a6700000|  0%| F|  |TAMS 0x00000000a6600000, 0x00000000a6600000| Untracked 
|  67|0x00000000a6700000, 0x00000000a6700000, 0x00000000a6800000|  0%| F|  |TAMS 0x00000000a6700000, 0x00000000a6700000| Untracked 
|  68|0x00000000a6800000, 0x00000000a6800000, 0x00000000a6900000|  0%| F|  |TAMS 0x00000000a6800000, 0x00000000a6800000| Untracked 
|  69|0x00000000a6900000, 0x00000000a6900000, 0x00000000a6a00000|  0%| F|  |TAMS 0x00000000a6900000, 0x00000000a6900000| Untracked 
|  70|0x00000000a6a00000, 0x00000000a6a00000, 0x00000000a6b00000|  0%| F|  |TAMS 0x00000000a6a00000, 0x00000000a6a00000| Untracked 
|  71|0x00000000a6b00000, 0x00000000a6b00000, 0x00000000a6c00000|  0%| F|  |TAMS 0x00000000a6b00000, 0x00000000a6b00000| Untracked 
|  72|0x00000000a6c00000, 0x00000000a6c00000, 0x00000000a6d00000|  0%| F|  |TAMS 0x00000000a6c00000, 0x00000000a6c00000| Untracked 
|  73|0x00000000a6d00000, 0x00000000a6d00000, 0x00000000a6e00000|  0%| F|  |TAMS 0x00000000a6d00000, 0x00000000a6d00000| Untracked 
|  74|0x00000000a6e00000, 0x00000000a6e00000, 0x00000000a6f00000|  0%| F|  |TAMS 0x00000000a6e00000, 0x00000000a6e00000| Untracked 
|  75|0x00000000a6f00000, 0x00000000a6f00000, 0x00000000a7000000|  0%| F|  |TAMS 0x00000000a6f00000, 0x00000000a6f00000| Untracked 
|  76|0x00000000a7000000, 0x00000000a7000000, 0x00000000a7100000|  0%| F|  |TAMS 0x00000000a7000000, 0x00000000a7000000| Untracked 
|  77|0x00000000a7100000, 0x00000000a7100000, 0x00000000a7200000|  0%| F|  |TAMS 0x00000000a7100000, 0x00000000a7100000| Untracked 
|  78|0x00000000a7200000, 0x00000000a7200000, 0x00000000a7300000|  0%| F|  |TAMS 0x00000000a7200000, 0x00000000a7200000| Untracked 
|  79|0x00000000a7300000, 0x00000000a7300000, 0x00000000a7400000|  0%| F|  |TAMS 0x00000000a7300000, 0x00000000a7300000| Untracked 
|  80|0x00000000a7400000, 0x00000000a7400000, 0x00000000a7500000|  0%| F|  |TAMS 0x00000000a7400000, 0x00000000a7400000| Untracked 
|  81|0x00000000a7500000, 0x00000000a7500000, 0x00000000a7600000|  0%| F|  |TAMS 0x00000000a7500000, 0x00000000a7500000| Untracked 
|  82|0x00000000a7600000, 0x00000000a7600000, 0x00000000a7700000|  0%| F|  |TAMS 0x00000000a7600000, 0x00000000a7600000| Untracked 
|  83|0x00000000a7700000, 0x00000000a7700000, 0x00000000a7800000|  0%| F|  |TAMS 0x00000000a7700000, 0x00000000a7700000| Untracked 
|  84|0x00000000a7800000, 0x00000000a7800000, 0x00000000a7900000|  0%| F|  |TAMS 0x00000000a7800000, 0x00000000a7800000| Untracked 
|  85|0x00000000a7900000, 0x00000000a7900000, 0x00000000a7a00000|  0%| F|  |TAMS 0x00000000a7900000, 0x00000000a7900000| Untracked 
|  86|0x00000000a7a00000, 0x00000000a7a00000, 0x00000000a7b00000|  0%| F|  |TAMS 0x00000000a7a00000, 0x00000000a7a00000| Untracked 
|  87|0x00000000a7b00000, 0x00000000a7b00000, 0x00000000a7c00000|  0%| F|  |TAMS 0x00000000a7b00000, 0x00000000a7b00000| Untracked 
|  88|0x00000000a7c00000, 0x00000000a7c00000, 0x00000000a7d00000|  0%| F|  |TAMS 0x00000000a7c00000, 0x00000000a7c00000| Untracked 
|  89|0x00000000a7d00000, 0x00000000a7d00000, 0x00000000a7e00000|  0%| F|  |TAMS 0x00000000a7d00000, 0x00000000a7d00000| Untracked 
|  90|0x00000000a7e00000, 0x00000000a7e00000, 0x00000000a7f00000|  0%| F|  |TAMS 0x00000000a7e00000, 0x00000000a7e00000| Untracked 
|  91|0x00000000a7f00000, 0x00000000a7f00000, 0x00000000a8000000|  0%| F|  |TAMS 0x00000000a7f00000, 0x00000000a7f00000| Untracked 
|  92|0x00000000a8000000, 0x00000000a8000000, 0x00000000a8100000|  0%| F|  |TAMS 0x00000000a8000000, 0x00000000a8000000| Untracked 
|  93|0x00000000a8100000, 0x00000000a8100000, 0x00000000a8200000|  0%| F|  |TAMS 0x00000000a8100000, 0x00000000a8100000| Untracked 
|  94|0x00000000a8200000, 0x00000000a8200000, 0x00000000a8300000|  0%| F|  |TAMS 0x00000000a8200000, 0x00000000a8200000| Untracked 
|  95|0x00000000a8300000, 0x00000000a8300000, 0x00000000a8400000|  0%| F|  |TAMS 0x00000000a8300000, 0x00000000a8300000| Untracked 
|  96|0x00000000a8400000, 0x00000000a8400000, 0x00000000a8500000|  0%| F|  |TAMS 0x00000000a8400000, 0x00000000a8400000| Untracked 
|  97|0x00000000a8500000, 0x00000000a8500000, 0x00000000a8600000|  0%| F|  |TAMS 0x00000000a8500000, 0x00000000a8500000| Untracked 
|  98|0x00000000a8600000, 0x00000000a8600000, 0x00000000a8700000|  0%| F|  |TAMS 0x00000000a8600000, 0x00000000a8600000| Untracked 
|  99|0x00000000a8700000, 0x00000000a8700000, 0x00000000a8800000|  0%| F|  |TAMS 0x00000000a8700000, 0x00000000a8700000| Untracked 
| 100|0x00000000a8800000, 0x00000000a8800000, 0x00000000a8900000|  0%| F|  |TAMS 0x00000000a8800000, 0x00000000a8800000| Untracked 
| 101|0x00000000a8900000, 0x00000000a8900000, 0x00000000a8a00000|  0%| F|  |TAMS 0x00000000a8900000, 0x00000000a8900000| Untracked 
| 102|0x00000000a8a00000, 0x00000000a8a00000, 0x00000000a8b00000|  0%| F|  |TAMS 0x00000000a8a00000, 0x00000000a8a00000| Untracked 
| 103|0x00000000a8b00000, 0x00000000a8b00000, 0x00000000a8c00000|  0%| F|  |TAMS 0x00000000a8b00000, 0x00000000a8b00000| Untracked 
| 104|0x00000000a8c00000, 0x00000000a8c00000, 0x00000000a8d00000|  0%| F|  |TAMS 0x00000000a8c00000, 0x00000000a8c00000| Untracked 
| 105|0x00000000a8d00000, 0x00000000a8d00000, 0x00000000a8e00000|  0%| F|  |TAMS 0x00000000a8d00000, 0x00000000a8d00000| Untracked 
| 106|0x00000000a8e00000, 0x00000000a8e00000, 0x00000000a8f00000|  0%| F|  |TAMS 0x00000000a8e00000, 0x00000000a8e00000| Untracked 
| 107|0x00000000a8f00000, 0x00000000a8f00000, 0x00000000a9000000|  0%| F|  |TAMS 0x00000000a8f00000, 0x00000000a8f00000| Untracked 
| 108|0x00000000a9000000, 0x00000000a9000000, 0x00000000a9100000|  0%| F|  |TAMS 0x00000000a9000000, 0x00000000a9000000| Untracked 
| 109|0x00000000a9100000, 0x00000000a9100000, 0x00000000a9200000|  0%| F|  |TAMS 0x00000000a9100000, 0x00000000a9100000| Untracked 
| 110|0x00000000a9200000, 0x00000000a9200000, 0x00000000a9300000|  0%| F|  |TAMS 0x00000000a9200000, 0x00000000a9200000| Untracked 
| 111|0x00000000a9300000, 0x00000000a9300000, 0x00000000a9400000|  0%| F|  |TAMS 0x00000000a9300000, 0x00000000a9300000| Untracked 
| 112|0x00000000a9400000, 0x00000000a9400000, 0x00000000a9500000|  0%| F|  |TAMS 0x00000000a9400000, 0x00000000a9400000| Untracked 
| 113|0x00000000a9500000, 0x00000000a9500000, 0x00000000a9600000|  0%| F|  |TAMS 0x00000000a9500000, 0x00000000a9500000| Untracked 
| 114|0x00000000a9600000, 0x00000000a9600000, 0x00000000a9700000|  0%| F|  |TAMS 0x00000000a9600000, 0x00000000a9600000| Untracked 
| 115|0x00000000a9700000, 0x00000000a9700000, 0x00000000a9800000|  0%| F|  |TAMS 0x00000000a9700000, 0x00000000a9700000| Untracked 
| 116|0x00000000a9800000, 0x00000000a9800000, 0x00000000a9900000|  0%| F|  |TAMS 0x00000000a9800000, 0x00000000a9800000| Untracked 
| 117|0x00000000a9900000, 0x00000000a9a00000, 0x00000000a9a00000|100%| E|  |TAMS 0x00000000a9900000, 0x00000000a9900000| Complete 
| 118|0x00000000a9a00000, 0x00000000a9b00000, 0x00000000a9b00000|100%| E|CS|TAMS 0x00000000a9a00000, 0x00000000a9a00000| Complete 
| 119|0x00000000a9b00000, 0x00000000a9c00000, 0x00000000a9c00000|100%| E|CS|TAMS 0x00000000a9b00000, 0x00000000a9b00000| Complete 
| 120|0x00000000a9c00000, 0x00000000a9c91500, 0x00000000a9d00000| 56%| S|CS|TAMS 0x00000000a9c00000, 0x00000000a9c00000| Complete 
| 121|0x00000000a9d00000, 0x00000000a9e00000, 0x00000000a9e00000|100%| E|CS|TAMS 0x00000000a9d00000, 0x00000000a9d00000| Complete 
| 122|0x00000000a9e00000, 0x00000000a9f00000, 0x00000000a9f00000|100%| E|  |TAMS 0x00000000a9e00000, 0x00000000a9e00000| Complete 
| 123|0x00000000a9f00000, 0x00000000aa000000, 0x00000000aa000000|100%| E|CS|TAMS 0x00000000a9f00000, 0x00000000a9f00000| Complete 
| 124|0x00000000aa000000, 0x00000000aa100000, 0x00000000aa100000|100%| E|CS|TAMS 0x00000000aa000000, 0x00000000aa000000| Complete 
| 125|0x00000000aa100000, 0x00000000aa200000, 0x00000000aa200000|100%| E|CS|TAMS 0x00000000aa100000, 0x00000000aa100000| Complete 
| 126|0x00000000aa200000, 0x00000000aa300000, 0x00000000aa300000|100%| E|CS|TAMS 0x00000000aa200000, 0x00000000aa200000| Complete 

Card table byte_map: [0x000001c154b10000,0x000001c154e00000] _byte_map_base: 0x000001c1545fe000

Marking Bits (Prev, Next): (CMBitMap*) 0x000001c13c42b940, (CMBitMap*) 0x000001c13c42b900
 Prev Bits: [0x000001c156860000, 0x000001c157fd0000)
 Next Bits: [0x000001c1550f0000, 0x000001c156860000)

Polling page: 0x000001c13a3a0000

Metaspace:

Usage:
  Non-class:     37.51 MB used.
      Class:      5.03 MB used.
       Both:     42.54 MB used.

Virtual space:
  Non-class space:       64.00 MB reserved,      37.69 MB ( 59%) committed,  1 nodes.
      Class space:        1.00 GB reserved,       5.12 MB ( <1%) committed,  1 nodes.
             Both:        1.06 GB reserved,      42.81 MB (  4%) committed. 

Chunk freelists:
   Non-Class:  9.11 MB
       Class:  10.86 MB
        Both:  19.97 MB

MaxMetaspaceSize: unlimited
CompressedClassSpaceSize: 1.00 GB
Initial GC threshold: 21.00 MB
Current GC threshold: 59.81 MB
CDS: on
MetaspaceReclaimPolicy: balanced
 - commit_granule_bytes: 65536.
 - commit_granule_words: 8192.
 - virtual_space_node_default_size: 8388608.
 - enlarge_chunks_in_place: 1.
 - new_chunks_are_fully_committed: 0.
 - uncommit_free_chunks: 1.
 - use_allocation_guard: 0.
 - handle_deallocations: 1.


Internal statistics:

num_allocs_failed_limit: 9.
num_arena_births: 224.
num_arena_deaths: 0.
num_vsnodes_births: 2.
num_vsnodes_deaths: 0.
num_space_committed: 683.
num_space_uncommitted: 0.
num_chunks_returned_to_freelist: 9.
num_chunks_taken_from_freelist: 1721.
num_chunk_merges: 9.
num_chunk_splits: 1416.
num_chunks_enlarged: 1270.
num_inconsistent_stats: 0.

CodeHeap 'non-profiled nmethods': size=120000Kb used=2328Kb max_used=2749Kb free=117671Kb
 bounds [0x000001c14cda0000, 0x000001c14d050000, 0x000001c1542d0000]
CodeHeap 'profiled nmethods': size=120000Kb used=8893Kb max_used=11291Kb free=111106Kb
 bounds [0x000001c1452d0000, 0x000001c145de0000, 0x000001c14c800000]
CodeHeap 'non-nmethods': size=5760Kb used=1305Kb max_used=1347Kb free=4454Kb
 bounds [0x000001c14c800000, 0x000001c14ca70000, 0x000001c14cda0000]
 total_blobs=4597 nmethods=3972 adapters=536
 compilation: enabled
              stopped_count=0, restarted_count=0
 full_count=0

Compilation events (20 events):
Event: 48.734 Thread 0x000001c15ac281f0 4603       3       org.jetbrains.kotlin.com.intellij.psi.impl.source.tree.TreeElement::getTreeNext (5 bytes)
Event: 48.734 Thread 0x000001c15ac281f0 nmethod 4603 0x000001c145dd5890 code [0x000001c145dd5a20, 0x000001c145dd5b38]
Event: 48.758 Thread 0x000001c15ac281f0 4604       3       java.lang.ThreadLocal$ThreadLocalMap::nextIndex (15 bytes)
Event: 48.759 Thread 0x000001c15ac281f0 nmethod 4604 0x000001c145dd5c10 code [0x000001c145dd5da0, 0x000001c145dd5ed8]
Event: 48.799 Thread 0x000001c15ac281f0 4605  s!   2       jdk.internal.loader.URLClassPath::getLoader (194 bytes)
Event: 48.800 Thread 0x000001c15ac281f0 nmethod 4605 0x000001c145dd5f90 code [0x000001c145dd61e0, 0x000001c145dd6988]
Event: 48.819 Thread 0x000001c15ac177e0 

Event: 48.820 Thread 0x000001c15ac177e0 4567       4       org.jetbrains.kotlin.com.intellij.util.text.ImmutableText::charAt (52 bytes)
Event: 48.822 Thread 0x000001c15ac177e0 nmethod 4567 0x000001c14d04ee90 code [0x000001c14d04f020, 0x000001c14d04f1b8]
Event: 48.822 Thread 0x000001c15ac177e0 4546       4       java.lang.ClassLoader::loadClass (7 bytes)
Event: 48.919 Thread 0x000001c15ac281f0 4606       3       org.jetbrains.org.objectweb.asm.ClassReader::readField (667 bytes)
Event: 48.923 Thread 0x000001c15ac281f0 nmethod 4606 0x000001c145dd6d90 code [0x000001c145dd7300, 0x000001c145dd9be8]
Event: 48.923 Thread 0x000001c15ac281f0 4608       3       org.jetbrains.kotlin.com.intellij.psi.impl.compiled.FirstPassData$1FirstPassVisitor::isRecord (13 bytes)
Event: 48.924 Thread 0x000001c15ac281f0 nmethod 4608 0x000001c1452dc290 code [0x000001c1452dc420, 0x000001c1452dc578]
Event: 48.924 Thread 0x000001c15ac281f0 4607       3       org.jetbrains.kotlin.com.intellij.psi.impl.compiled.FirstPassData$1FirstPassVisitor::visitMethod (65 bytes)
Event: 48.924 Thread 0x000001c15ac281f0 nmethod 4607 0x000001c1452ea390 code [0x000001c1452ea5a0, 0x000001c1452eabf8]
Event: 49.012 Thread 0x000001c15ac281f0 4609       3       org.jetbrains.kotlin.com.intellij.util.BitUtil::isSet (17 bytes)
Event: 49.013 Thread 0x000001c15ac281f0 nmethod 4609 0x000001c1452e3710 code [0x000001c1452e38c0, 0x000001c1452e3a78]
Event: 49.013 Thread 0x000001c15ac281f0 4610       3       org.jetbrains.kotlin.com.intellij.util.BitUtil::assertOneBitMask (28 bytes)
Event: 49.013 Thread 0x000001c15ac281f0 nmethod 4610 0x000001c145369f90 code [0x000001c14536a120, 0x000001c14536a218]

GC Heap History (20 events):
Event: 27.069 GC heap before
{Heap before GC invocations=5 (full 0):
 garbage-first heap   total 55296K, used 18580K [0x00000000a2400000, 0x0000000100000000)
  region size 1024K, 4 young (4096K), 3 survivors (3072K)
 Metaspace       used 26962K, committed 27136K, reserved 1114112K
  class space    used 3380K, committed 3456K, reserved 1048576K
}
Event: 27.079 GC heap after
{Heap after GC invocations=6 (full 0):
 garbage-first heap   total 55296K, used 18371K [0x00000000a2400000, 0x0000000100000000)
  region size 1024K, 1 young (1024K), 1 survivors (1024K)
 Metaspace       used 26962K, committed 27136K, reserved 1114112K
  class space    used 3380K, committed 3456K, reserved 1048576K
}
Event: 30.063 GC heap before
{Heap before GC invocations=6 (full 0):
 garbage-first heap   total 55296K, used 38851K [0x00000000a2400000, 0x0000000100000000)
  region size 1024K, 22 young (22528K), 1 survivors (1024K)
 Metaspace       used 30820K, committed 30976K, reserved 1114112K
  class space    used 3716K, committed 3776K, reserved 1048576K
}
Event: 30.108 GC heap after
{Heap after GC invocations=7 (full 0):
 garbage-first heap   total 55296K, used 21503K [0x00000000a2400000, 0x0000000100000000)
  region size 1024K, 3 young (3072K), 3 survivors (3072K)
 Metaspace       used 30820K, committed 30976K, reserved 1114112K
  class space    used 3716K, committed 3776K, reserved 1048576K
}
Event: 33.562 GC heap before
{Heap before GC invocations=7 (full 0):
 garbage-first heap   total 55296K, used 40959K [0x00000000a2400000, 0x0000000100000000)
  region size 1024K, 22 young (22528K), 3 survivors (3072K)
 Metaspace       used 31385K, committed 31616K, reserved 1114112K
  class space    used 3744K, committed 3840K, reserved 1048576K
}
Event: 33.618 GC heap after
{Heap after GC invocations=8 (full 0):
 garbage-first heap   total 55296K, used 26857K [0x00000000a2400000, 0x0000000100000000)
  region size 1024K, 3 young (3072K), 3 survivors (3072K)
 Metaspace       used 31385K, committed 31616K, reserved 1114112K
  class space    used 3744K, committed 3840K, reserved 1048576K
}
Event: 36.257 GC heap before
{Heap before GC invocations=8 (full 0):
 garbage-first heap   total 55296K, used 40169K [0x00000000a2400000, 0x0000000100000000)
  region size 1024K, 16 young (16384K), 3 survivors (3072K)
 Metaspace       used 31833K, committed 32064K, reserved 1114112K
  class space    used 3801K, committed 3904K, reserved 1048576K
}
Event: 36.423 GC heap after
{Heap after GC invocations=9 (full 0):
 garbage-first heap   total 94208K, used 30720K [0x00000000a2400000, 0x0000000100000000)
  region size 1024K, 2 young (2048K), 2 survivors (2048K)
 Metaspace       used 31833K, committed 32064K, reserved 1114112K
  class space    used 3801K, committed 3904K, reserved 1048576K
}
Event: 40.954 GC heap before
{Heap before GC invocations=9 (full 0):
 garbage-first heap   total 94208K, used 53248K [0x00000000a2400000, 0x0000000100000000)
  region size 1024K, 26 young (26624K), 2 survivors (2048K)
 Metaspace       used 35827K, committed 36096K, reserved 1114112K
  class space    used 4209K, committed 4352K, reserved 1048576K
}
Event: 41.414 GC heap after
{Heap after GC invocations=10 (full 0):
 garbage-first heap   total 94208K, used 33442K [0x00000000a2400000, 0x0000000100000000)
  region size 1024K, 5 young (5120K), 5 survivors (5120K)
 Metaspace       used 35827K, committed 36096K, reserved 1114112K
  class space    used 4209K, committed 4352K, reserved 1048576K
}
Event: 43.290 GC heap before
{Heap before GC invocations=11 (full 0):
 garbage-first heap   total 94208K, used 36514K [0x00000000a2400000, 0x0000000100000000)
  region size 1024K, 8 young (8192K), 5 survivors (5120K)
 Metaspace       used 36384K, committed 36672K, reserved 1114112K
  class space    used 4273K, committed 4416K, reserved 1048576K
}
Event: 44.245 GC heap after
{Heap after GC invocations=12 (full 0):
 garbage-first heap   total 94208K, used 33962K [0x00000000a2400000, 0x0000000100000000)
  region size 1024K, 1 young (1024K), 1 survivors (1024K)
 Metaspace       used 36384K, committed 36672K, reserved 1114112K
  class space    used 4273K, committed 4416K, reserved 1048576K
}
Event: 44.629 GC heap before
{Heap before GC invocations=13 (full 0):
 garbage-first heap   total 94208K, used 37034K [0x00000000a2400000, 0x0000000100000000)
  region size 1024K, 4 young (4096K), 1 survivors (1024K)
 Metaspace       used 36646K, committed 36928K, reserved 1114112K
  class space    used 4309K, committed 4480K, reserved 1048576K
}
Event: 44.633 GC heap after
{Heap after GC invocations=14 (full 0):
 garbage-first heap   total 94208K, used 33871K [0x00000000a2400000, 0x0000000100000000)
  region size 1024K, 1 young (1024K), 1 survivors (1024K)
 Metaspace       used 36646K, committed 36928K, reserved 1114112K
  class space    used 4309K, committed 4480K, reserved 1048576K
}
Event: 44.862 GC heap before
{Heap before GC invocations=14 (full 0):
 garbage-first heap   total 94208K, used 40015K [0x00000000a2400000, 0x0000000100000000)
  region size 1024K, 7 young (7168K), 1 survivors (1024K)
 Metaspace       used 37600K, committed 37888K, reserved 1114112K
  class space    used 4402K, committed 4544K, reserved 1048576K
}
Event: 44.871 GC heap after
{Heap after GC invocations=15 (full 0):
 garbage-first heap   total 94208K, used 34752K [0x00000000a2400000, 0x0000000100000000)
  region size 1024K, 1 young (1024K), 1 survivors (1024K)
 Metaspace       used 37600K, committed 37888K, reserved 1114112K
  class space    used 4402K, committed 4544K, reserved 1048576K
}
Event: 47.342 GC heap before
{Heap before GC invocations=15 (full 0):
 garbage-first heap   total 94208K, used 43968K [0x00000000a2400000, 0x0000000100000000)
  region size 1024K, 10 young (10240K), 1 survivors (1024K)
 Metaspace       used 38867K, committed 39104K, reserved 1114112K
  class space    used 4550K, committed 4672K, reserved 1048576K
}
Event: 47.390 GC heap after
{Heap after GC invocations=16 (full 0):
 garbage-first heap   total 130048K, used 36512K [0x00000000a2400000, 0x0000000100000000)
  region size 1024K, 2 young (2048K), 2 survivors (2048K)
 Metaspace       used 38867K, committed 39104K, reserved 1114112K
  class space    used 4550K, committed 4672K, reserved 1048576K
}
Event: 48.196 GC heap before
{Heap before GC invocations=16 (full 0):
 garbage-first heap   total 130048K, used 42656K [0x00000000a2400000, 0x0000000100000000)
  region size 1024K, 8 young (8192K), 2 survivors (2048K)
 Metaspace       used 40960K, committed 41216K, reserved 1114112K
  class space    used 4794K, committed 4928K, reserved 1048576K
}
Event: 48.213 GC heap after
{Heap after GC invocations=17 (full 0):
 garbage-first heap   total 130048K, used 37143K [0x00000000a2400000, 0x0000000100000000)
  region size 1024K, 1 young (1024K), 1 survivors (1024K)
 Metaspace       used 40960K, committed 41216K, reserved 1114112K
  class space    used 4794K, committed 4928K, reserved 1048576K
}

Dll operation events (7 events):
Event: 0.575 Loaded shared library C:\Jdkk\openlogic-openjdk-17.0.17+10-windows-x64\bin\java.dll
Event: 1.175 Loaded shared library C:\Jdkk\openlogic-openjdk-17.0.17+10-windows-x64\bin\jsvml.dll
Event: 2.056 Loaded shared library C:\Jdkk\openlogic-openjdk-17.0.17+10-windows-x64\bin\net.dll
Event: 2.069 Loaded shared library C:\Jdkk\openlogic-openjdk-17.0.17+10-windows-x64\bin\nio.dll
Event: 2.397 Loaded shared library C:\Jdkk\openlogic-openjdk-17.0.17+10-windows-x64\bin\zip.dll
Event: 2.526 Loaded shared library C:\Jdkk\openlogic-openjdk-17.0.17+10-windows-x64\bin\jimage.dll
Event: 17.003 Loaded shared library C:\Jdkk\openlogic-openjdk-17.0.17+10-windows-x64\bin\verify.dll

Deoptimization events (20 events):
Event: 47.981 Thread 0x000001c13a17e780 Uncommon trap: trap_request=0xffffffde fr.pc=0x000001c14ce94434 relative=0x0000000000000574
Event: 47.981 Thread 0x000001c13a17e780 Uncommon trap: reason=class_check action=maybe_recompile pc=0x000001c14ce94434 method=org.jetbrains.kotlin.com.intellij.lang.impl.PsiBuilderImpl.skipWhitespace()V @ 72 c2
Event: 47.981 Thread 0x000001c13a17e780 DEOPT PACKING pc=0x000001c14ce94434 sp=0x00000057c2ffbbd0
Event: 47.981 Thread 0x000001c13a17e780 DEOPT UNPACKING pc=0x000001c14c8569a3 sp=0x00000057c2ffbbd0 mode 2
Event: 47.983 Thread 0x000001c13a17e780 Uncommon trap: trap_request=0xffffffde fr.pc=0x000001c14cf845c8 relative=0x00000000000000a8
Event: 47.983 Thread 0x000001c13a17e780 Uncommon trap: reason=class_check action=maybe_recompile pc=0x000001c14cf845c8 method=org.jetbrains.kotlin.com.intellij.util.text.CharSequenceSubSequence.charAt(I)C @ 10 c2
Event: 47.983 Thread 0x000001c13a17e780 DEOPT PACKING pc=0x000001c14cf845c8 sp=0x00000057c2ffb9f0
Event: 47.983 Thread 0x000001c13a17e780 DEOPT UNPACKING pc=0x000001c14c8569a3 sp=0x00000057c2ffb988 mode 2
Event: 47.983 Thread 0x000001c13a17e780 Uncommon trap: trap_request=0xffffffde fr.pc=0x000001c14cf845c8 relative=0x00000000000000a8
Event: 47.983 Thread 0x000001c13a17e780 Uncommon trap: reason=class_check action=maybe_recompile pc=0x000001c14cf845c8 method=org.jetbrains.kotlin.com.intellij.util.text.CharSequenceSubSequence.charAt(I)C @ 10 c2
Event: 47.983 Thread 0x000001c13a17e780 DEOPT PACKING pc=0x000001c14cf845c8 sp=0x00000057c2ffb9f0
Event: 47.983 Thread 0x000001c13a17e780 DEOPT UNPACKING pc=0x000001c14c8569a3 sp=0x00000057c2ffb988 mode 2
Event: 47.983 Thread 0x000001c13a17e780 Uncommon trap: trap_request=0xffffffde fr.pc=0x000001c14cf845c8 relative=0x00000000000000a8
Event: 47.983 Thread 0x000001c13a17e780 Uncommon trap: reason=class_check action=maybe_recompile pc=0x000001c14cf845c8 method=org.jetbrains.kotlin.com.intellij.util.text.CharSequenceSubSequence.charAt(I)C @ 10 c2
Event: 47.983 Thread 0x000001c13a17e780 DEOPT PACKING pc=0x000001c14cf845c8 sp=0x00000057c2ffb9f0
Event: 47.983 Thread 0x000001c13a17e780 DEOPT UNPACKING pc=0x000001c14c8569a3 sp=0x00000057c2ffb988 mode 2
Event: 48.234 Thread 0x000001c13a17e780 Uncommon trap: trap_request=0xffffff45 fr.pc=0x000001c14cf41d60 relative=0x0000000000000040
Event: 48.234 Thread 0x000001c13a17e780 Uncommon trap: reason=unstable_if action=reinterpret pc=0x000001c14cf41d60 method=org.jetbrains.kotlin.com.intellij.openapi.progress.ProgressManager.checkCanceled()V @ 5 c2
Event: 48.234 Thread 0x000001c13a17e780 DEOPT PACKING pc=0x000001c14cf41d60 sp=0x00000057c2ffc090
Event: 48.235 Thread 0x000001c13a17e780 DEOPT UNPACKING pc=0x000001c14c8569a3 sp=0x00000057c2ffbfd0 mode 2

Classes loaded (20 events):
Event: 47.703 Loading class java/util/stream/Nodes$EmptyNode$OfLong
Event: 47.706 Loading class java/util/stream/Node$OfLong
Event: 47.709 Loading class java/util/stream/Node$OfLong done
Event: 47.709 Loading class java/util/stream/Nodes$EmptyNode$OfLong done
Event: 47.709 Loading class java/util/stream/Nodes$EmptyNode$OfDouble
Event: 47.711 Loading class java/util/stream/Node$OfDouble
Event: 47.715 Loading class java/util/stream/Node$OfDouble done
Event: 47.715 Loading class java/util/stream/Nodes$EmptyNode$OfDouble done
Event: 47.715 Loading class java/util/stream/Nodes$FixedNodeBuilder
Event: 47.717 Loading class java/util/stream/Node$Builder
Event: 47.720 Loading class java/util/stream/Node$Builder done
Event: 47.720 Loading class java/util/stream/Nodes$ArrayNode
Event: 47.724 Loading class java/util/stream/Nodes$ArrayNode done
Event: 47.725 Loading class java/util/stream/Nodes$FixedNodeBuilder done
Event: 48.412 Loading class java/util/ComparableTimSort
Event: 48.417 Loading class java/util/ComparableTimSort done
Event: 48.962 Loading class java/util/stream/LongStream
Event: 48.963 Loading class java/util/stream/LongStream done
Event: 48.963 Loading class java/util/stream/DoubleStream
Event: 48.969 Loading class java/util/stream/DoubleStream done

Classes unloaded (0 events):
No events

Classes redefined (0 events):
No events

Internal exceptions (20 events):
Event: 27.691 Thread 0x000001c13a17e780 Exception <a 'java/lang/NoSuchMethodError'{0x00000000a543bf50}: 'java.lang.Object java.lang.invoke.DirectMethodHandle$Holder.newInvokeSpecial(java.lang.Object, java.lang.Object, java.lang.Object, int)'> (0x00000000a543bf50) 
thrown [s\src\hotspot\share\interpreter\linkResolver.cpp, line 759]
Event: 27.693 Thread 0x000001c13a17e780 Exception <a 'java/lang/NoSuchMethodError'{0x00000000a5440330}: 'java.lang.Object java.lang.invoke.DirectMethodHandle$Holder.invokeSpecial(java.lang.Object, java.lang.Object, java.lang.Object, java.lang.Object, int)'> (0x00000000a5440330) 
thrown [s\src\hotspot\share\interpreter\linkResolver.cpp, line 759]
Event: 27.693 Thread 0x000001c13a17e780 Exception <a 'java/lang/NoSuchMethodError'{0x00000000a5443ef8}: 'java.lang.Object java.lang.invoke.Invokers$Holder.linkToTargetMethod(java.lang.Object, java.lang.Object, int, java.lang.Object)'> (0x00000000a5443ef8) 
thrown [s\src\hotspot\share\interpreter\linkResolver.cpp, line 759]
Event: 27.743 Thread 0x000001c13a17e780 Exception <a 'java/lang/NoSuchMethodError'{0x00000000a5465e68}: 'int java.lang.invoke.DirectMethodHandle$Holder.invokeStaticInit(java.lang.Object, int)'> (0x00000000a5465e68) 
thrown [s\src\hotspot\share\interpreter\linkResolver.cpp, line 759]
Event: 29.061 Thread 0x000001c13a17e780 Implicit null exception at 0x000001c14ce71ccc to 0x000001c14ce71da8
Event: 29.153 Thread 0x000001c13a17e780 Exception <a 'java/lang/NoSuchMethodError'{0x00000000a4b39da0}: 'java.lang.Object java.lang.invoke.DirectMethodHandle$Holder.newInvokeSpecial(java.lang.Object, java.lang.Object, java.lang.Object, java.lang.Object, java.lang.Object, java.lang.Object)'> (0x00000000a4b39da0) 
thrown [s\src\hotspot\share\interpreter\linkResolver.cpp, line 759]
Event: 33.067 Thread 0x000001c13a17e780 Implicit null exception at 0x000001c14cefdbe6 to 0x000001c14cf01648
Event: 36.767 Thread 0x000001c13a17e780 Exception <a 'java/lang/NoSuchMethodError'{0x00000000a7c56b78}: 'java.lang.Object java.lang.invoke.DirectMethodHandle$Holder.invokeStatic(java.lang.Object, java.lang.Object, int)'> (0x00000000a7c56b78) 
thrown [s\src\hotspot\share\interpreter\linkResolver.cpp, line 759]
Event: 41.428 Thread 0x000001c13a17e780 Exception <a 'java/lang/NoSuchMethodError'{0x00000000a810a210}: 'java.lang.Object java.lang.invoke.DirectMethodHandle$Holder.newInvokeSpecial(java.lang.Object, java.lang.Object, java.lang.Object, int, java.lang.Object)'> (0x00000000a810a210) 
thrown [s\src\hotspot\share\interpreter\linkResolver.cpp, line 759]
Event: 41.431 Thread 0x000001c13a17e780 Exception <a 'java/lang/NoSuchMethodError'{0x00000000a8112320}: 'java.lang.Object java.lang.invoke.Invokers$Holder.linkToTargetMethod(java.lang.Object, java.lang.Object, int, java.lang.Object, java.lang.Object)'> (0x00000000a8112320) 
thrown [s\src\hotspot\share\interpreter\linkResolver.cpp, line 759]
Event: 41.961 Thread 0x000001c13a17e780 Exception <a 'java/lang/NoSuchMethodError'{0x00000000a7e60ec8}: 'java.lang.Object java.lang.invoke.DirectMethodHandle$Holder.invokeStatic(java.lang.Object, java.lang.Object, java.lang.Object, java.lang.Object, int)'> (0x00000000a7e60ec8) 
thrown [s\src\hotspot\share\interpreter\linkResolver.cpp, line 759]
Event: 41.964 Thread 0x000001c13a17e780 Exception <a 'java/lang/NoSuchMethodError'{0x00000000a7e69770}: 'java.lang.Object java.lang.invoke.DirectMethodHandle$Holder.newInvokeSpecial(java.lang.Object, java.lang.Object, java.lang.Object, java.lang.Object, int)'> (0x00000000a7e69770) 
thrown [s\src\hotspot\share\interpreter\linkResolver.cpp, line 759]
Event: 41.965 Thread 0x000001c13a17e780 Exception <a 'java/lang/NoSuchMethodError'{0x00000000a7e6dff8}: 'java.lang.Object java.lang.invoke.DirectMethodHandle$Holder.invokeSpecial(java.lang.Object, java.lang.Object, java.lang.Object, java.lang.Object, java.lang.Object, int)'> (0x00000000a7e6dff8) 
thrown [s\src\hotspot\share\interpreter\linkResolver.cpp, line 759]
Event: 41.966 Thread 0x000001c13a17e780 Exception <a 'java/lang/NoSuchMethodError'{0x00000000a7e72230}: 'java.lang.Object java.lang.invoke.Invokers$Holder.linkToTargetMethod(java.lang.Object, java.lang.Object, java.lang.Object, int, java.lang.Object)'> (0x00000000a7e72230) 
thrown [s\src\hotspot\share\interpreter\linkResolver.cpp, line 759]
Event: 44.603 Thread 0x000001c13a17e780 Implicit null exception at 0x000001c14d007f1b to 0x000001c14d008628
Event: 44.604 Thread 0x000001c13a17e780 Implicit null exception at 0x000001c14ce4d0af to 0x000001c14ce4d129
Event: 44.604 Thread 0x000001c13a17e780 Implicit null exception at 0x000001c14cff3bed to 0x000001c14cff3dfc
Event: 45.952 Thread 0x000001c13a17e780 Implicit null exception at 0x000001c14cff35ea to 0x000001c14cff37ac
Event: 46.640 Thread 0x000001c13a17e780 Exception <a 'java/lang/NoSuchMethodError'{0x00000000a77e9cf0}: 'java.lang.Object java.lang.invoke.Invokers$Holder.invokeExact_MT(java.lang.Object, java.lang.Object, java.lang.Object, java.lang.Object, java.lang.Object, java.lang.Object)'> (0x00000000a77e9cf0) 
thrown [s\src\hotspot\share\interpreter\linkResolver.cpp, line 759]
Event: 48.226 Thread 0x000001c13a17e780 Exception <a 'java/lang/NoSuchMethodError'{0x00000000aa20eee0}: 'java.lang.Object java.lang.invoke.Invokers$Holder.invokeExact_MT(java.lang.Object, java.lang.Object, long, java.lang.Object)'> (0x00000000aa20eee0) 
thrown [s\src\hotspot\share\interpreter\linkResolver.cpp, line 759]

VM Operations (20 events):
Event: 48.374 Executing VM operation: HandshakeAllThreads
Event: 48.380 Executing VM operation: HandshakeAllThreads done
Event: 48.380 Executing VM operation: HandshakeAllThreads
Event: 48.380 Executing VM operation: HandshakeAllThreads done
Event: 48.402 Executing VM operation: HandshakeAllThreads
Event: 48.403 Executing VM operation: HandshakeAllThreads done
Event: 48.476 Executing VM operation: HandshakeAllThreads
Event: 48.476 Executing VM operation: HandshakeAllThreads done
Event: 48.874 Executing VM operation: HandshakeAllThreads
Event: 48.875 Executing VM operation: HandshakeAllThreads done
Event: 48.908 Executing VM operation: HandshakeAllThreads
Event: 48.909 Executing VM operation: HandshakeAllThreads done
Event: 48.909 Executing VM operation: HandshakeAllThreads
Event: 48.909 Executing VM operation: HandshakeAllThreads done
Event: 48.955 Executing VM operation: HandshakeAllThreads
Event: 48.955 Executing VM operation: HandshakeAllThreads done
Event: 48.955 Executing VM operation: HandshakeAllThreads
Event: 48.955 Executing VM operation: HandshakeAllThreads done
Event: 49.967 Executing VM operation: Cleanup
Event: 49.967 Executing VM operation: Cleanup done

Memory protections (0 events):
No events

Nmethod flushes (20 events):
Event: 48.996 Thread 0x000001c15ac2b3e0 flushing  nmethod 0x000001c145bda990
Event: 48.996 Thread 0x000001c15ac2b3e0 flushing  nmethod 0x000001c145be6f10
Event: 48.996 Thread 0x000001c15ac2b3e0 flushing  nmethod 0x000001c145be8d10
Event: 48.996 Thread 0x000001c15ac2b3e0 flushing  nmethod 0x000001c145c0f510
Event: 48.996 Thread 0x000001c15ac2b3e0 flushing  nmethod 0x000001c145c1ef10
Event: 48.996 Thread 0x000001c15ac2b3e0 flushing  nmethod 0x000001c145c1f990
Event: 48.996 Thread 0x000001c15ac2b3e0 flushing  nmethod 0x000001c145c22e10
Event: 48.996 Thread 0x000001c15ac2b3e0 flushing  nmethod 0x000001c145c24810
Event: 48.996 Thread 0x000001c15ac2b3e0 flushing  nmethod 0x000001c145c26790
Event: 48.996 Thread 0x000001c15ac2b3e0 flushing  nmethod 0x000001c145c26c90
Event: 48.996 Thread 0x000001c15ac2b3e0 flushing  nmethod 0x000001c145c33f10
Event: 48.996 Thread 0x000001c15ac2b3e0 flushing  nmethod 0x000001c145c4ec10
Event: 48.997 Thread 0x000001c15ac2b3e0 flushing  nmethod 0x000001c145c77510
Event: 48.997 Thread 0x000001c15ac2b3e0 flushing  nmethod 0x000001c145ca6d10
Event: 48.997 Thread 0x000001c15ac2b3e0 flushing  nmethod 0x000001c145cb3010
Event: 48.997 Thread 0x000001c15ac2b3e0 flushing  nmethod 0x000001c145cb3b10
Event: 48.997 Thread 0x000001c15ac2b3e0 flushing  nmethod 0x000001c145cb8510
Event: 48.997 Thread 0x000001c15ac2b3e0 flushing  nmethod 0x000001c145ce0210
Event: 48.997 Thread 0x000001c15ac2b3e0 flushing  nmethod 0x000001c145ce1e90
Event: 48.998 Thread 0x000001c15ac2b3e0 flushing  nmethod 0x000001c145cff410

Events (12 events):
Event: 1.284 Thread 0x000001c13a17e780 Thread added: 0x000001c13a17e780
Event: 1.444 Thread 0x000001c13a17e780 Thread added: 0x000001c15abea580
Event: 1.445 Thread 0x000001c13a17e780 Thread added: 0x000001c15abeb140
Event: 1.698 Thread 0x000001c13a17e780 Thread added: 0x000001c15ac05880
Event: 1.698 Thread 0x000001c13a17e780 Thread added: 0x000001c15ac06240
Event: 1.698 Thread 0x000001c13a17e780 Thread added: 0x000001c15ac06c00
Event: 1.698 Thread 0x000001c13a17e780 Thread added: 0x000001c15ac075c0
Event: 1.704 Thread 0x000001c13a17e780 Thread added: 0x000001c15ac177e0
Event: 1.704 Thread 0x000001c13a17e780 Thread added: 0x000001c15ac281f0
Event: 1.704 Thread 0x000001c13a17e780 Thread added: 0x000001c15ac2b3e0
Event: 2.024 Thread 0x000001c13a17e780 Thread added: 0x000001c1a01296e0
Event: 2.032 Thread 0x000001c13a17e780 Thread added: 0x000001c1a012c280


Dynamic libraries:
0x00007ff747920000 - 0x00007ff74792e000 	C:\Jdkk\openlogic-openjdk-17.0.17+10-windows-x64\bin\java.exe
0x00007ff816380000 - 0x00007ff8165e7000 	C:\WINDOWS\SYSTEM32\ntdll.dll
0x00007ff815100000 - 0x00007ff8151c9000 	C:\WINDOWS\System32\KERNEL32.DLL
0x00007ff813590000 - 0x00007ff81397f000 	C:\WINDOWS\System32\KERNELBASE.dll
0x00007ff813dc0000 - 0x00007ff813f0b000 	C:\WINDOWS\System32\ucrtbase.dll
0x00007ff808650000 - 0x00007ff808667000 	C:\Jdkk\openlogic-openjdk-17.0.17+10-windows-x64\bin\jli.dll
0x00007ff808670000 - 0x00007ff80868b000 	C:\Jdkk\openlogic-openjdk-17.0.17+10-windows-x64\bin\VCRUNTIME140.dll
0x00007ff815d20000 - 0x00007ff815ee5000 	C:\WINDOWS\System32\USER32.dll
0x00007ffff81b0000 - 0x00007ffff8443000 	C:\WINDOWS\WinSxS\amd64_microsoft.windows.common-controls_6595b64144ccf1df_6.0.26100.7309_none_3e05feeae336a044\COMCTL32.dll
0x00007ff8140f0000 - 0x00007ff814117000 	C:\WINDOWS\System32\win32u.dll
0x00007ff815cf0000 - 0x00007ff815d1b000 	C:\WINDOWS\System32\GDI32.dll
0x00007ff815a50000 - 0x00007ff815af9000 	C:\WINDOWS\System32\msvcrt.dll
0x00007ff813fc0000 - 0x00007ff8140ec000 	C:\WINDOWS\System32\gdi32full.dll
0x00007ff813b10000 - 0x00007ff813bb3000 	C:\WINDOWS\System32\msvcp_win.dll
0x00007ff816280000 - 0x00007ff8162b1000 	C:\WINDOWS\System32\IMM32.DLL
0x00007ff80e200000 - 0x00007ff80e20c000 	C:\Jdkk\openlogic-openjdk-17.0.17+10-windows-x64\bin\vcruntime140_1.dll
0x00007ff806980000 - 0x00007ff806a0d000 	C:\Jdkk\openlogic-openjdk-17.0.17+10-windows-x64\bin\msvcp140.dll
0x00007fff967f0000 - 0x00007fff9745c000 	C:\Jdkk\openlogic-openjdk-17.0.17+10-windows-x64\bin\server\jvm.dll
0x00007ff815ef0000 - 0x00007ff815fa4000 	C:\WINDOWS\System32\ADVAPI32.dll
0x00007ff814120000 - 0x00007ff8141c6000 	C:\WINDOWS\System32\sechost.dll
0x00007ff8149a0000 - 0x00007ff814ab8000 	C:\WINDOWS\System32\RPCRT4.dll
0x00007ff8162c0000 - 0x00007ff816334000 	C:\WINDOWS\System32\WS2_32.dll
0x00007ff813350000 - 0x00007ff8133ae000 	C:\WINDOWS\SYSTEM32\POWRPROF.dll
0x00007ff8000d0000 - 0x00007ff8000db000 	C:\WINDOWS\SYSTEM32\VERSION.dll
0x00007ff800090000 - 0x00007ff8000c5000 	C:\WINDOWS\SYSTEM32\WINMM.dll
0x00007ff813330000 - 0x00007ff813344000 	C:\WINDOWS\SYSTEM32\UMPDC.dll
0x00007ff812280000 - 0x00007ff81229b000 	C:\WINDOWS\SYSTEM32\kernel.appcore.dll
0x00007ff80cb50000 - 0x00007ff80cb5a000 	C:\Jdkk\openlogic-openjdk-17.0.17+10-windows-x64\bin\jimage.dll
0x00007ff810d10000 - 0x00007ff810f52000 	C:\WINDOWS\SYSTEM32\DBGHELP.DLL
0x00007ff8151d0000 - 0x00007ff815555000 	C:\WINDOWS\System32\combase.dll
0x00007ff814b60000 - 0x00007ff814c36000 	C:\WINDOWS\System32\OLEAUT32.dll
0x00007ffff0460000 - 0x00007ffff049c000 	C:\WINDOWS\SYSTEM32\dbgcore.DLL
0x00007ff813f10000 - 0x00007ff813fb5000 	C:\WINDOWS\System32\bcryptPrimitives.dll
0x00007ff808620000 - 0x00007ff808645000 	C:\Jdkk\openlogic-openjdk-17.0.17+10-windows-x64\bin\java.dll
0x00007ff8056f0000 - 0x00007ff8057c6000 	C:\Jdkk\openlogic-openjdk-17.0.17+10-windows-x64\bin\jsvml.dll
0x00007ff814240000 - 0x00007ff814993000 	C:\WINDOWS\System32\SHELL32.dll
0x00007ff813bc0000 - 0x00007ff813d2a000 	C:\WINDOWS\System32\wintypes.dll
0x00007ff811110000 - 0x00007ff81196e000 	C:\WINDOWS\SYSTEM32\windows.storage.dll
0x00007ff814c40000 - 0x00007ff814d35000 	C:\WINDOWS\System32\SHCORE.dll
0x00007ff816150000 - 0x00007ff8161b6000 	C:\WINDOWS\System32\shlwapi.dll
0x00007ff8133f0000 - 0x00007ff813419000 	C:\WINDOWS\SYSTEM32\profapi.dll
0x00007ff808050000 - 0x00007ff808069000 	C:\Jdkk\openlogic-openjdk-17.0.17+10-windows-x64\bin\net.dll
0x00007ff80add0000 - 0x00007ff80aef8000 	C:\WINDOWS\SYSTEM32\WINHTTP.dll
0x00007ff8127f0000 - 0x00007ff81285b000 	C:\WINDOWS\system32\mswsock.dll
0x00007ff806f20000 - 0x00007ff806f36000 	C:\Jdkk\openlogic-openjdk-17.0.17+10-windows-x64\bin\nio.dll
0x00007ff806ba0000 - 0x00007ff806bb8000 	C:\Jdkk\openlogic-openjdk-17.0.17+10-windows-x64\bin\zip.dll
0x00007ff80b020000 - 0x00007ff80b030000 	C:\Jdkk\openlogic-openjdk-17.0.17+10-windows-x64\bin\verify.dll

dbghelp: loaded successfully - version: 4.0.5 - missing functions: none
symbol engine: initialized successfully - sym options: 0x614 - pdb path: .;C:\Jdkk\openlogic-openjdk-17.0.17+10-windows-x64\bin;C:\WINDOWS\SYSTEM32;C:\WINDOWS\WinSxS\amd64_microsoft.windows.common-controls_6595b64144ccf1df_6.0.26100.7309_none_3e05feeae336a044;C:\Jdkk\openlogic-openjdk-17.0.17+10-windows-x64\bin\server

VM Arguments:
java_command: org.jetbrains.kotlin.cli.jvm.K2JVMCompiler @C:\Newhergaurd\HerGuardClean\node_modules\react-native-screens\android\build\20260118_10029737350148203306.compiler.options
java_class_path (initial): C:\Users\Arvind\.gradle\caches\modules-2\files-2.1\org.jetbrains.kotlin\kotlin-compiler-embeddable\2.1.20\4ef56b3316798316bfac7a0ae443391c9e900ea1\kotlin-compiler-embeddable-2.1.20.jar;C:\Users\Arvind\.gradle\caches\modules-2\files-2.1\org.jetbrains.kotlin\kotlin-stdlib\2.1.20\aa8ca79cd50578314f6d1180c47cbe14c0fee567\kotlin-stdlib-2.1.20.jar;C:\Users\Arvind\.gradle\caches\modules-2\files-2.1\org.jetbrains.kotlin\kotlin-script-runtime\2.1.20\f7c623d7f7bdb01f5ccd6b437bc0a937fcd7c57e\kotlin-script-runtime-2.1.20.jar;C:\Users\Arvind\.gradle\caches\modules-2\files-2.1\org.jetbrains.kotlin\kotlin-reflect\1.6.10\1cbe9c92c12a94eea200d23c2bbaedaf3daf5132\kotlin-reflect-1.6.10.jar;C:\Users\Arvind\.gradle\caches\modules-2\files-2.1\org.jetbrains.kotlin\kotlin-daemon-embeddable\2.1.20\95670fce77befd02a70a0bc3abe8ee4533521334\kotlin-daemon-embeddable-2.1.20.jar;C:\Users\Arvind\.gradle\caches\modules-2\files-2.1\org.jetbrains.intellij.deps\trove4j\1.0.20200330\3afb14d5f9ceb459d724e907a21145e8ff394f02\trove4j-1.0.20200330.jar;C:\Users\Arvind\.gradle\caches\modules-2\files-2.1\org.jetbrains.kotlinx\kotlinx-coroutines-core-jvm\1.8.0\ac1dc37a30a93150b704022f8d895ee1bd3a36b3\kotlinx-coroutines-core-jvm-1.8.0.jar;C:\Users\Arvind\.gradle\caches\modules-2\files-2.1\org.jetbrains\annotations\13.0\919f0dfe192fb4e063e7dacadee7f8bb9a2672a9\annotations-13.0.jar
Launcher Type: SUN_STANDARD

[Global flags]
     intx CICompilerCount                          = 4                                         {product} {ergonomic}
     uint ConcGCThreads                            = 3                                         {product} {ergonomic}
     uint G1ConcRefinementThreads                  = 10                                        {product} {ergonomic}
   size_t G1HeapRegionSize                         = 1048576                                   {product} {ergonomic}
    uintx GCDrainStackTargetSize                   = 64                                        {product} {ergonomic}
   size_t InitialHeapSize                          = 98566144                                  {product} {ergonomic}
   size_t MarkStackSize                            = 4194304                                   {product} {ergonomic}
   size_t MaxHeapSize                              = 1572864000                                {product} {ergonomic}
   size_t MaxNewSize                               = 943718400                                 {product} {ergonomic}
   size_t MinHeapDeltaBytes                        = 1048576                                   {product} {ergonomic}
   size_t MinHeapSize                              = 8388608                                   {product} {ergonomic}
    uintx NonNMethodCodeHeapSize                   = 5839372                                {pd product} {ergonomic}
    uintx NonProfiledCodeHeapSize                  = 122909434                              {pd product} {ergonomic}
    uintx ProfiledCodeHeapSize                     = 122909434                              {pd product} {ergonomic}
    uintx ReservedCodeCacheSize                    = 251658240                              {pd product} {ergonomic}
     bool SegmentedCodeCache                       = true                                      {product} {ergonomic}
   size_t SoftMaxHeapSize                          = 1572864000                             {manageable} {ergonomic}
     bool UseCompressedClassPointers               = true                           {product lp64_product} {ergonomic}
     bool UseCompressedOops                        = true                           {product lp64_product} {ergonomic}
     bool UseG1GC                                  = true                                      {product} {ergonomic}
     bool UseLargePagesIndividualAllocation        = false                                  {pd product} {ergonomic}

Logging:
Log output configuration:
 #0: stdout all=warning uptime,level,tags
 #1: stderr all=off uptime,level,tags

Environment Variables:
JAVA_HOME=C:\Jdkk\openlogic-openjdk-17.0.17+10-windows-x64
PATH=C:\Newhergaurd\HerGuardClean\node_modules\.bin;C:\Newhergaurd\HerGuardClean\node_modules\.bin;C:\Newhergaurd\node_modules\.bin;C:\node_modules\.bin;C:\Program Files\nodejs\node_modules\npm\node_modules\@npmcli\run-script\lib\node-gyp-bin;C:\Windows\system32;C:\Windows;C:\Windows\System32\Wbem;C:\Windows\System32\WindowsPowerShell\v1.0\;C:\Windows\System32\OpenSSH\;C:\Program Files (x86)\NVIDIA Corporation\PhysX\Common;C:\WINDOWS\system32;C:\WINDOWS;C:\WINDOWS\System32\Wbem;C:\WINDOWS\System32\WindowsPowerShell\v1.0\;C:\WINDOWS\System32\OpenSSH\;C:\Program Files\NVIDIA Corporation\NVIDIA NvDLISR;C:\WINDOWS\system32;C:\WINDOWS;C:\WINDOWS\System32\Wbem;C:\WINDOWS\System32\WindowsPowerShell\v1.0\;C:\WINDOWS\System32\OpenSSH\;C:\Program Files\dotnet\;C:\MinGW\bin;C:\Program Files\Git\cmd;C:\Program Files\Git\mingw64\bin;C:\Program Files\Git\usr\bin;C:\Program Files\nodejs\;C:\MinGW\bin;C:\Program Files\Redis;C:\Flutter\flutter;C:\Jdkk\openlogic-openjdk-17.0.17+10-windows-x64\bin;C:\Users\Arvind\AppData\Local\Microsoft\WindowsApps;C:\Users\Arvind\AppData\Local\Programs\Microsoft VS Code\bin;C:\MinGW\bin;C:\Program Files\JetBrains\IntelliJ IDEA Community Edition 2024.1.4\bin;;C:\Users\Arvind\AppData\Roaming\npm;C:\Flutter\flutter\bin;C:\Users\Arvind\AppData\Local\Android\Sdk;C:\Users\Arvind\AppData\Local\Android\Sdk\platform-tools;C:\Users\Arvind\AppData\Local\Android\Sdk\emulator;C:\Users\Arvind\AppData\Local\Android\Sdk\build-tools;C:\Users\Arvind\AppData\Local\Android\Sdk\cmdline-tools\latest\bin;c:\Users\Arvind\.vscode\extensions\vscjava.vscode-java-debug-0.58.5\bundled\scripts\noConfigScripts
USERNAME=Arvind
LANG=en_US.UTF-8
OS=Windows_NT
PROCESSOR_IDENTIFIER=AMD64 Family 25 Model 80 Stepping 0, AuthenticAMD
TMP=C:\Users\Arvind\AppData\Local\Temp
TEMP=C:\Users\Arvind\AppData\Local\Temp



Periodic native trim disabled


---------------  S Y S T E M  ---------------

OS:
 Windows 11 , 64 bit Build 26100 (10.0.26100.7309)
OS uptime: 0 days 1:03 hours

CPU: total 12 (initial active 12) (12 cores per cpu, 2 threads per core) family 25 model 80 stepping 0 microcode 0xa50000c, cx8, cmov, fxsr, ht, mmx, 3dnowpref, sse, sse2, sse3, ssse3, sse4a, sse4.1, sse4.2, popcnt, lzcnt, tsc, tscinvbit, avx, avx2, aes, erms, clmul, bmi1, bmi2, adx, sha, fma, vzeroupper, clflush, clflushopt
Processor Information for processor 0
  Max Mhz: 3301, Current Mhz: 2630, Mhz Limit: 3301
Processor Information for processor 1
  Max Mhz: 3301, Current Mhz: 3301, Mhz Limit: 3301
Processor Information for processor 2
  Max Mhz: 3301, Current Mhz: 3301, Mhz Limit: 3301
Processor Information for processor 3
  Max Mhz: 3301, Current Mhz: 3301, Mhz Limit: 3301
Processor Information for processor 4
  Max Mhz: 3301, Current Mhz: 2630, Mhz Limit: 3301
Processor Information for processor 5
  Max Mhz: 3301, Current Mhz: 2630, Mhz Limit: 3301
Processor Information for processor 6
  Max Mhz: 3301, Current Mhz: 3301, Mhz Limit: 3301
Processor Information for processor 7
  Max Mhz: 3301, Current Mhz: 2630, Mhz Limit: 3301
Processor Information for processor 8
  Max Mhz: 3301, Current Mhz: 3301, Mhz Limit: 3301
Processor Information for processor 9
  Max Mhz: 3301, Current Mhz: 2630, Mhz Limit: 3301
Processor Information for processor 10
  Max Mhz: 3301, Current Mhz: 3301, Mhz Limit: 3301
Processor Information for processor 11
  Max Mhz: 3301, Current Mhz: 2630, Mhz Limit: 3301

Memory: 4k page, system-wide physical 5996M (132M free)
TotalPageFile size 24428M (AvailPageFile size 0M)
current process WorkingSet (physical memory assigned to process): 83M, peak: 125M
current process commit charge ("private bytes"): 310M, peak: 310M

vm_info: OpenJDK 64-Bit Server VM (17.0.17+10-adhoc..jdk17u) for windows-amd64 JRE (17.0.17+10-adhoc..jdk17u), built on Nov  3 2025 07:55:22 by "" with MS VC++ 16.10 / 16.11 (VS2019)

END.
