#
# There is insufficient memory for the Java Runtime Environment to continue.
# Native memory allocation (malloc) failed to allocate 1061456 bytes. Error detail: Chunk::new
# Possible reasons:
#   The system is out of physical RAM or swap space
#   This process is running with CompressedOops enabled, and the Java Heap may be blocking the growth of the native heap
# Possible solutions:
#   Reduce memory load on the system
#   Increase physical memory or swap space
#   Check if swap backing store is full
#   Decrease Java heap size (-Xmx/-Xms)
#   Decrease number of Java threads
#   Decrease Java thread stack sizes (-Xss)
#   Set larger code cache with -XX:ReservedCodeCacheSize=
#   JVM is running with Unscaled Compressed Oops mode in which the Java heap is
#     placed in the first 4GB address space. The Java Heap base address is the
#     maximum limit for the native heap growth. Please use -XX:HeapBaseMinAddress
#     to set the Java Heap base and to place the Java Heap above 4GB virtual address.
# This output file may be truncated or incomplete.
#
#  Out of Memory Error (arena.cpp:191), pid=20384, tid=23268
#
# JRE version: OpenJDK Runtime Environment OpenLogic-OpenJDK (17.0.17+10) (build 17.0.17+10-adhoc..jdk17u)
# Java VM: OpenJDK 64-Bit Server VM OpenLogic-OpenJDK (17.0.17+10-adhoc..jdk17u, mixed mode, sharing, tiered, compressed oops, compressed class ptrs, g1 gc, windows-amd64)
# No core dump will be written. Minidumps are not enabled by default on client versions of Windows
#

---------------  S U M M A R Y ------------

Command Line: org.jetbrains.kotlin.cli.jvm.K2JVMCompiler @C:\Newhergaurd\HerGuardClean\node_modules\react-native-safe-area-context\android\build\20260118_5404084724114755606.compiler.options

Host: AMD Ryzen 5 5600H with Radeon Graphics         , 12 cores, 5G,  Windows 11 , 64 bit Build 26100 (10.0.26100.7309)
Time: Sun Jan 18 00:38:52 2026 India Standard Time elapsed time: 50.303313 seconds (0d 0h 0m 50s)

---------------  T H R E A D  ---------------

Current thread (0x000001bd627f4790):  JavaThread "C2 CompilerThread0" daemon [_thread_in_native, id=23268, stack(0x0000009358700000,0x0000009358800000)]


Current CompileTask:
C2:50306 3979   !   4       org.jetbrains.kotlin.metadata.ProtoBuf$Function::<init> (1508 bytes)

Stack: [0x0000009358700000,0x0000009358800000]
Native frames: (J=compiled Java code, j=interpreted, Vv=VM code, C=native code)
V  [jvm.dll+0x680b99]
V  [jvm.dll+0x8387aa]
V  [jvm.dll+0x83a26e]
V  [jvm.dll+0x83a8d3]
V  [jvm.dll+0x2484af]
V  [jvm.dll+0xaca34]
V  [jvm.dll+0xad07c]
V  [jvm.dll+0x367cd2]
V  [jvm.dll+0x1bd376]
V  [jvm.dll+0x21aa89]
V  [jvm.dll+0x219d71]
V  [jvm.dll+0x1a5a8d]
V  [jvm.dll+0x229a9d]
V  [jvm.dll+0x227c5c]
V  [jvm.dll+0x7ed767]
V  [jvm.dll+0x7e7cbc]
V  [jvm.dll+0x67fa67]
C  [ucrtbase.dll+0x37b0]
C  [KERNEL32.DLL+0x2e8d7]
C  [ntdll.dll+0x8c53c]


---------------  P R O C E S S  ---------------

Threads class SMR info:
_java_thread_list=0x000001bd62c84670, length=12, elements={
0x000001bd41f5e7c0, 0x000001bd627c27c0, 0x000001bd627c3380, 0x000001bd627e1820,
0x000001bd627e21e0, 0x000001bd627e2ba0, 0x000001bd627e4570, 0x000001bd627f4790,
0x000001bd627f5190, 0x000001bd62806350, 0x000001bd62cc0840, 0x000001bd62cc5590
}

Java Threads: ( => current thread )
  0x000001bd41f5e7c0 JavaThread "main" [_thread_in_Java, id=4360, stack(0x0000009357a00000,0x0000009357b00000)]
  0x000001bd627c27c0 JavaThread "Reference Handler" daemon [_thread_blocked, id=14748, stack(0x0000009358100000,0x0000009358200000)]
  0x000001bd627c3380 JavaThread "Finalizer" daemon [_thread_blocked, id=10684, stack(0x0000009358200000,0x0000009358300000)]
  0x000001bd627e1820 JavaThread "Signal Dispatcher" daemon [_thread_blocked, id=13800, stack(0x0000009358300000,0x0000009358400000)]
  0x000001bd627e21e0 JavaThread "Attach Listener" daemon [_thread_blocked, id=4720, stack(0x0000009358400000,0x0000009358500000)]
  0x000001bd627e2ba0 JavaThread "Service Thread" daemon [_thread_blocked, id=8980, stack(0x0000009358500000,0x0000009358600000)]
  0x000001bd627e4570 JavaThread "Monitor Deflation Thread" daemon [_thread_blocked, id=11172, stack(0x0000009358600000,0x0000009358700000)]
=>0x000001bd627f4790 JavaThread "C2 CompilerThread0" daemon [_thread_in_native, id=23268, stack(0x0000009358700000,0x0000009358800000)]
  0x000001bd627f5190 JavaThread "C1 CompilerThread0" daemon [_thread_blocked, id=13656, stack(0x0000009358800000,0x0000009358900000)]
  0x000001bd62806350 JavaThread "Sweeper thread" daemon [_thread_blocked, id=22796, stack(0x0000009358900000,0x0000009358a00000)]
  0x000001bd62cc0840 JavaThread "Notification Thread" daemon [_thread_blocked, id=23404, stack(0x0000009358a00000,0x0000009358b00000)]
  0x000001bd62cc5590 JavaThread "Common-Cleaner" daemon [_thread_blocked, id=3892, stack(0x0000009358c00000,0x0000009358d00000)]

Other Threads:
  0x000001bd627bc270 VMThread "VM Thread" [stack: 0x0000009358000000,0x0000009358100000] [id=8956]
  0x000001bd62cc1130 WatcherThread [stack: 0x0000009358b00000,0x0000009358c00000] [id=21864]
  0x000001bd441db320 GCTaskThread "GC Thread#0" [stack: 0x0000009357b00000,0x0000009357c00000] [id=5724]
  0x000001bd67020270 GCTaskThread "GC Thread#1" [stack: 0x0000009358d00000,0x0000009358e00000] [id=22300]
  0x000001bd62e94610 GCTaskThread "GC Thread#2" [stack: 0x0000009358e00000,0x0000009358f00000] [id=12952]
  0x000001bd62e948d0 GCTaskThread "GC Thread#3" [stack: 0x0000009358f00000,0x0000009359000000] [id=15268]
  0x000001bd62e94b90 GCTaskThread "GC Thread#4" [stack: 0x0000009359000000,0x0000009359100000] [id=23528]
  0x000001bd6717b030 GCTaskThread "GC Thread#5" [stack: 0x0000009359100000,0x0000009359200000] [id=13548]
  0x000001bd674e4910 GCTaskThread "GC Thread#6" [stack: 0x0000009359200000,0x0000009359300000] [id=24476]
  0x000001bd674a3fd0 GCTaskThread "GC Thread#7" [stack: 0x0000009359300000,0x0000009359400000] [id=8080]
  0x000001bd676583f0 GCTaskThread "GC Thread#8" [stack: 0x0000009359400000,0x0000009359500000] [id=12524]
  0x000001bd62c69a80 GCTaskThread "GC Thread#9" [stack: 0x0000009359500000,0x0000009359600000] [id=19868]
  0x000001bd441e9260 ConcurrentGCThread "G1 Main Marker" [stack: 0x0000009357c00000,0x0000009357d00000] [id=24220]
  0x000001bd441e9c80 ConcurrentGCThread "G1 Conc#0" [stack: 0x0000009357d00000,0x0000009357e00000] [id=22416]
  0x000001bd62c68cc0 ConcurrentGCThread "G1 Conc#1" [stack: 0x0000009359600000,0x0000009359700000] [id=24408]
  0x000001bd62c69240 ConcurrentGCThread "G1 Conc#2" [stack: 0x0000009359700000,0x0000009359800000] [id=19112]
  0x000001bd62673f60 ConcurrentGCThread "G1 Refine#0" [stack: 0x0000009357e00000,0x0000009357f00000] [id=6568]
  0x000001bd6a326650 ConcurrentGCThread "G1 Refine#1" [stack: 0x0000009359800000,0x0000009359900000] [id=13336]
  0x000001bd62675840 ConcurrentGCThread "G1 Service" [stack: 0x0000009357f00000,0x0000009358000000] [id=1532]

Threads with active compile tasks:
C2 CompilerThread0  50500 3979   !   4       org.jetbrains.kotlin.metadata.ProtoBuf$Function::<init> (1508 bytes)

VM state: not at safepoint (normal execution)

VM Mutex/Monitor currently owned by a thread: None

Heap address: 0x00000000a2400000, size: 1500 MB, Compressed Oops mode: 32-bit

CDS archive(s) mapped at: [0x000001bd00000000-0x000001bd00bc0000-0x000001bd00bc0000), size 12320768, SharedBaseAddress: 0x000001bd00000000, ArchiveRelocationMode: 1.
Compressed class space mapped at: 0x000001bd01000000-0x000001bd41000000, reserved size: 1073741824
Narrow klass base: 0x000001bd00000000, Narrow klass shift: 0, Narrow klass range: 0x100000000

GC Precious Log:
 CPUs: 12 total, 12 available
 Memory: 5996M
 Large Page Support: Disabled
 NUMA Support: Disabled
 Compressed Oops: Enabled (32-bit)
 Heap Region Size: 1M
 Heap Min Capacity: 8M
 Heap Initial Capacity: 94M
 Heap Max Capacity: 1500M
 Pre-touch: Disabled
 Parallel Workers: 10
 Concurrent Workers: 3
 Concurrent Refinement Workers: 10
 Periodic GC: Disabled

Heap:
 garbage-first heap   total 68608K, used 40551K [0x00000000a2400000, 0x0000000100000000)
  region size 1024K, 13 young (13312K), 3 survivors (3072K)
 Metaspace       used 44255K, committed 44480K, reserved 1114112K
  class space    used 5336K, committed 5440K, reserved 1048576K

Heap Regions: E=young(eden), S=young(survivor), O=old, HS=humongous(starts), HC=humongous(continues), CS=collection set, F=free, OA=open archive, CA=closed archive, TAMS=top-at-mark-start (previous, next)
|   0|0x00000000a2400000, 0x00000000a2500000, 0x00000000a2500000|100%|HS|  |TAMS 0x00000000a2500000, 0x00000000a2400000| Complete 
|   1|0x00000000a2500000, 0x00000000a2600000, 0x00000000a2600000|100%|HC|  |TAMS 0x00000000a2600000, 0x00000000a2500000| Complete 
|   2|0x00000000a2600000, 0x00000000a2700000, 0x00000000a2700000|100%|HC|  |TAMS 0x00000000a2700000, 0x00000000a2600000| Complete 
|   3|0x00000000a2700000, 0x00000000a2800000, 0x00000000a2800000|100%| O|  |TAMS 0x00000000a2800000, 0x00000000a2700000| Untracked 
|   4|0x00000000a2800000, 0x00000000a2900000, 0x00000000a2900000|100%| O|  |TAMS 0x00000000a2900000, 0x00000000a2800000| Untracked 
|   5|0x00000000a2900000, 0x00000000a2a00000, 0x00000000a2a00000|100%| O|  |TAMS 0x00000000a2a00000, 0x00000000a2900000| Untracked 
|   6|0x00000000a2a00000, 0x00000000a2b00000, 0x00000000a2b00000|100%| O|  |TAMS 0x00000000a2b00000, 0x00000000a2a00000| Untracked 
|   7|0x00000000a2b00000, 0x00000000a2c00000, 0x00000000a2c00000|100%| O|  |TAMS 0x00000000a2c00000, 0x00000000a2b00000| Untracked 
|   8|0x00000000a2c00000, 0x00000000a2d00000, 0x00000000a2d00000|100%| O|  |TAMS 0x00000000a2d00000, 0x00000000a2c00000| Untracked 
|   9|0x00000000a2d00000, 0x00000000a2e00000, 0x00000000a2e00000|100%| O|  |TAMS 0x00000000a2e00000, 0x00000000a2d00000| Untracked 
|  10|0x00000000a2e00000, 0x00000000a2f00000, 0x00000000a2f00000|100%| O|  |TAMS 0x00000000a2f00000, 0x00000000a2e00000| Untracked 
|  11|0x00000000a2f00000, 0x00000000a3000000, 0x00000000a3000000|100%| O|  |TAMS 0x00000000a3000000, 0x00000000a2f00000| Untracked 
|  12|0x00000000a3000000, 0x00000000a3100000, 0x00000000a3100000|100%| O|  |TAMS 0x00000000a3100000, 0x00000000a3000000| Untracked 
|  13|0x00000000a3100000, 0x00000000a3200000, 0x00000000a3200000|100%| O|  |TAMS 0x00000000a3200000, 0x00000000a3100000| Untracked 
|  14|0x00000000a3200000, 0x00000000a3300000, 0x00000000a3300000|100%| O|  |TAMS 0x00000000a3300000, 0x00000000a3200000| Untracked 
|  15|0x00000000a3300000, 0x00000000a3400000, 0x00000000a3400000|100%| O|  |TAMS 0x00000000a33eca00, 0x00000000a3300000| Untracked 
|  16|0x00000000a3400000, 0x00000000a3500000, 0x00000000a3500000|100%| O|  |TAMS 0x00000000a3400000, 0x00000000a3400000| Untracked 
|  17|0x00000000a3500000, 0x00000000a3600000, 0x00000000a3600000|100%| O|  |TAMS 0x00000000a3500000, 0x00000000a3500000| Untracked 
|  18|0x00000000a3600000, 0x00000000a3700000, 0x00000000a3700000|100%| O|  |TAMS 0x00000000a3600000, 0x00000000a3600000| Untracked 
|  19|0x00000000a3700000, 0x00000000a3800000, 0x00000000a3800000|100%|HS|  |TAMS 0x00000000a3700000, 0x00000000a3700000| Complete 
|  20|0x00000000a3800000, 0x00000000a3900000, 0x00000000a3900000|100%| O|  |TAMS 0x00000000a3800000, 0x00000000a3800000| Untracked 
|  21|0x00000000a3900000, 0x00000000a3a00000, 0x00000000a3a00000|100%| O|  |TAMS 0x00000000a3900000, 0x00000000a3900000| Untracked 
|  22|0x00000000a3a00000, 0x00000000a3b00000, 0x00000000a3b00000|100%| O|  |TAMS 0x00000000a3a00000, 0x00000000a3a00000| Untracked 
|  23|0x00000000a3b00000, 0x00000000a3c00000, 0x00000000a3c00000|100%| O|  |TAMS 0x00000000a3b00000, 0x00000000a3b00000| Untracked 
|  24|0x00000000a3c00000, 0x00000000a3d00000, 0x00000000a3d00000|100%| O|  |TAMS 0x00000000a3c00000, 0x00000000a3c00000| Untracked 
|  25|0x00000000a3d00000, 0x00000000a3e00000, 0x00000000a3e00000|100%| O|  |TAMS 0x00000000a3d00000, 0x00000000a3d00000| Untracked 
|  26|0x00000000a3e00000, 0x00000000a3f00000, 0x00000000a3f00000|100%| O|  |TAMS 0x00000000a3e00000, 0x00000000a3e00000| Untracked 
|  27|0x00000000a3f00000, 0x00000000a4000000, 0x00000000a4000000|100%| O|  |TAMS 0x00000000a3f00000, 0x00000000a3f00000| Untracked 
|  28|0x00000000a4000000, 0x00000000a4099e00, 0x00000000a4100000| 60%| O|  |TAMS 0x00000000a4000000, 0x00000000a4000000| Untracked 
|  29|0x00000000a4100000, 0x00000000a4100000, 0x00000000a4200000|  0%| F|  |TAMS 0x00000000a4100000, 0x00000000a4100000| Untracked 
|  30|0x00000000a4200000, 0x00000000a4200000, 0x00000000a4300000|  0%| F|  |TAMS 0x00000000a4200000, 0x00000000a4200000| Untracked 
|  31|0x00000000a4300000, 0x00000000a4300000, 0x00000000a4400000|  0%| F|  |TAMS 0x00000000a4300000, 0x00000000a4300000| Untracked 
|  32|0x00000000a4400000, 0x00000000a4400000, 0x00000000a4500000|  0%| F|  |TAMS 0x00000000a4400000, 0x00000000a4400000| Untracked 
|  33|0x00000000a4500000, 0x00000000a4500000, 0x00000000a4600000|  0%| F|  |TAMS 0x00000000a4500000, 0x00000000a4500000| Untracked 
|  34|0x00000000a4600000, 0x00000000a4600000, 0x00000000a4700000|  0%| F|  |TAMS 0x00000000a4600000, 0x00000000a4600000| Untracked 
|  35|0x00000000a4700000, 0x00000000a4700000, 0x00000000a4800000|  0%| F|  |TAMS 0x00000000a4700000, 0x00000000a4700000| Untracked 
|  36|0x00000000a4800000, 0x00000000a4800000, 0x00000000a4900000|  0%| F|  |TAMS 0x00000000a4800000, 0x00000000a4800000| Untracked 
|  37|0x00000000a4900000, 0x00000000a4a00000, 0x00000000a4a00000|100%| S|CS|TAMS 0x00000000a4900000, 0x00000000a4900000| Complete 
|  38|0x00000000a4a00000, 0x00000000a4b00000, 0x00000000a4b00000|100%| S|CS|TAMS 0x00000000a4a00000, 0x00000000a4a00000| Complete 
|  39|0x00000000a4b00000, 0x00000000a4c00000, 0x00000000a4c00000|100%| S|CS|TAMS 0x00000000a4b00000, 0x00000000a4b00000| Complete 
|  40|0x00000000a4c00000, 0x00000000a4c00000, 0x00000000a4d00000|  0%| F|  |TAMS 0x00000000a4c00000, 0x00000000a4c00000| Untracked 
|  41|0x00000000a4d00000, 0x00000000a4d00000, 0x00000000a4e00000|  0%| F|  |TAMS 0x00000000a4d00000, 0x00000000a4d00000| Untracked 
|  42|0x00000000a4e00000, 0x00000000a4e00000, 0x00000000a4f00000|  0%| F|  |TAMS 0x00000000a4e00000, 0x00000000a4e00000| Untracked 
|  43|0x00000000a4f00000, 0x00000000a4f00000, 0x00000000a5000000|  0%| F|  |TAMS 0x00000000a4f00000, 0x00000000a4f00000| Untracked 
|  44|0x00000000a5000000, 0x00000000a5000000, 0x00000000a5100000|  0%| F|  |TAMS 0x00000000a5000000, 0x00000000a5000000| Untracked 
|  45|0x00000000a5100000, 0x00000000a5100000, 0x00000000a5200000|  0%| F|  |TAMS 0x00000000a5100000, 0x00000000a5100000| Untracked 
|  46|0x00000000a5200000, 0x00000000a5200000, 0x00000000a5300000|  0%| F|  |TAMS 0x00000000a5200000, 0x00000000a5200000| Untracked 
|  47|0x00000000a5300000, 0x00000000a5300000, 0x00000000a5400000|  0%| F|  |TAMS 0x00000000a5300000, 0x00000000a5300000| Untracked 
|  48|0x00000000a5400000, 0x00000000a5400000, 0x00000000a5500000|  0%| F|  |TAMS 0x00000000a5400000, 0x00000000a5400000| Untracked 
|  49|0x00000000a5500000, 0x00000000a5500000, 0x00000000a5600000|  0%| F|  |TAMS 0x00000000a5500000, 0x00000000a5500000| Untracked 
|  50|0x00000000a5600000, 0x00000000a5600000, 0x00000000a5700000|  0%| F|  |TAMS 0x00000000a5600000, 0x00000000a5600000| Untracked 
|  51|0x00000000a5700000, 0x00000000a5700000, 0x00000000a5800000|  0%| F|  |TAMS 0x00000000a5700000, 0x00000000a5700000| Untracked 
|  52|0x00000000a5800000, 0x00000000a5800000, 0x00000000a5900000|  0%| F|  |TAMS 0x00000000a5800000, 0x00000000a5800000| Untracked 
|  53|0x00000000a5900000, 0x00000000a5900000, 0x00000000a5a00000|  0%| F|  |TAMS 0x00000000a5900000, 0x00000000a5900000| Untracked 
|  54|0x00000000a5a00000, 0x00000000a5a00000, 0x00000000a5b00000|  0%| F|  |TAMS 0x00000000a5a00000, 0x00000000a5a00000| Untracked 
|  55|0x00000000a5b00000, 0x00000000a5b00000, 0x00000000a5c00000|  0%| F|  |TAMS 0x00000000a5b00000, 0x00000000a5b00000| Untracked 
|  56|0x00000000a5c00000, 0x00000000a5c00000, 0x00000000a5d00000|  0%| F|  |TAMS 0x00000000a5c00000, 0x00000000a5c00000| Untracked 
|  57|0x00000000a5d00000, 0x00000000a5da9e00, 0x00000000a5e00000| 66%| E|  |TAMS 0x00000000a5d00000, 0x00000000a5d00000| Complete 
|  58|0x00000000a5e00000, 0x00000000a5f00000, 0x00000000a5f00000|100%| E|CS|TAMS 0x00000000a5e00000, 0x00000000a5e00000| Complete 
|  59|0x00000000a5f00000, 0x00000000a6000000, 0x00000000a6000000|100%| E|CS|TAMS 0x00000000a5f00000, 0x00000000a5f00000| Complete 
|  60|0x00000000a6000000, 0x00000000a6100000, 0x00000000a6100000|100%| E|  |TAMS 0x00000000a6000000, 0x00000000a6000000| Complete 
|  61|0x00000000a6100000, 0x00000000a6200000, 0x00000000a6200000|100%| E|CS|TAMS 0x00000000a6100000, 0x00000000a6100000| Complete 
|  62|0x00000000a6200000, 0x00000000a6300000, 0x00000000a6300000|100%| E|CS|TAMS 0x00000000a6200000, 0x00000000a6200000| Complete 
|  63|0x00000000a6300000, 0x00000000a6400000, 0x00000000a6400000|100%| E|CS|TAMS 0x00000000a6300000, 0x00000000a6300000| Complete 
|  90|0x00000000a7e00000, 0x00000000a7f00000, 0x00000000a7f00000|100%| E|CS|TAMS 0x00000000a7e00000, 0x00000000a7e00000| Complete 
|  91|0x00000000a7f00000, 0x00000000a8000000, 0x00000000a8000000|100%| E|CS|TAMS 0x00000000a7f00000, 0x00000000a7f00000| Complete 
| 187|0x00000000adf00000, 0x00000000ae000000, 0x00000000ae000000|100%| E|CS|TAMS 0x00000000adf00000, 0x00000000adf00000| Complete 

Card table byte_map: [0x000001bd5c8c0000,0x000001bd5cbb0000] _byte_map_base: 0x000001bd5c3ae000

Marking Bits (Prev, Next): (CMBitMap*) 0x000001bd441db940, (CMBitMap*) 0x000001bd441db980
 Prev Bits: [0x000001bd5cea0000, 0x000001bd5e610000)
 Next Bits: [0x000001bd5e610000, 0x000001bd5fd80000)

Polling page: 0x000001bd422c0000

Metaspace:

Usage:
  Non-class:     38.02 MB used.
      Class:      5.21 MB used.
       Both:     43.23 MB used.

Virtual space:
  Non-class space:       64.00 MB reserved,      38.19 MB ( 60%) committed,  1 nodes.
      Class space:        1.00 GB reserved,       5.31 MB ( <1%) committed,  1 nodes.
             Both:        1.06 GB reserved,      43.50 MB (  4%) committed. 

Chunk freelists:
   Non-Class:  8.61 MB
       Class:  10.69 MB
        Both:  19.30 MB

MaxMetaspaceSize: unlimited
CompressedClassSpaceSize: 1.00 GB
Initial GC threshold: 21.00 MB
Current GC threshold: 59.06 MB
CDS: on
MetaspaceReclaimPolicy: balanced
 - commit_granule_bytes: 65536.
 - commit_granule_words: 8192.
 - virtual_space_node_default_size: 8388608.
 - enlarge_chunks_in_place: 1.
 - new_chunks_are_fully_committed: 0.
 - uncommit_free_chunks: 1.
 - use_allocation_guard: 0.
 - handle_deallocations: 1.


Internal statistics:

num_allocs_failed_limit: 6.
num_arena_births: 232.
num_arena_deaths: 0.
num_vsnodes_births: 2.
num_vsnodes_deaths: 0.
num_space_committed: 694.
num_space_uncommitted: 0.
num_chunks_returned_to_freelist: 6.
num_chunks_taken_from_freelist: 1749.
num_chunk_merges: 6.
num_chunk_splits: 1436.
num_chunks_enlarged: 1299.
num_inconsistent_stats: 0.

CodeHeap 'non-profiled nmethods': size=120000Kb used=2112Kb max_used=2112Kb free=117887Kb
 bounds [0x000001bd54b50000, 0x000001bd54dc0000, 0x000001bd5c080000]
CodeHeap 'profiled nmethods': size=120000Kb used=9266Kb max_used=9266Kb free=110733Kb
 bounds [0x000001bd4d080000, 0x000001bd4d990000, 0x000001bd545b0000]
CodeHeap 'non-nmethods': size=5760Kb used=1315Kb max_used=1348Kb free=4445Kb
 bounds [0x000001bd545b0000, 0x000001bd54820000, 0x000001bd54b50000]
 total_blobs=4775 nmethods=4141 adapters=546
 compilation: enabled
              stopped_count=0, restarted_count=0
 full_count=0

Compilation events (20 events):
Event: 48.900 Thread 0x000001bd627f5190 4138       3       org.jetbrains.kotlin.fir.declarations.FirDeclarationStatus::transform (22 bytes)
Event: 48.901 Thread 0x000001bd627f5190 nmethod 4138 0x000001bd4d979910 code [0x000001bd4d979ba0, 0x000001bd4d97a798]
Event: 48.901 Thread 0x000001bd627f5190 4139       3       org.jetbrains.kotlin.fir.caches.NullableMap::constructor-impl$default (22 bytes)
Event: 48.901 Thread 0x000001bd627f5190 nmethod 4139 0x000001bd4d97ab90 code [0x000001bd4d97adc0, 0x000001bd4d97b578]
Event: 48.901 Thread 0x000001bd627f5190 4140       3       kotlin.collections.builders.ListBuilder::<init> (15 bytes)
Event: 48.902 Thread 0x000001bd627f5190 nmethod 4140 0x000001bd4d97b890 code [0x000001bd4d97ba60, 0x000001bd4d97be28]
Event: 48.902 Thread 0x000001bd627f5190 4141       3       org.jetbrains.kotlin.fir.scopes.FirScope::<init> (5 bytes)
Event: 48.902 Thread 0x000001bd627f5190 nmethod 4141 0x000001bd4d97bf90 code [0x000001bd4d97c140, 0x000001bd4d97c298]
Event: 48.921 Thread 0x000001bd627f5190 4142   !   3       java.lang.invoke.InnerClassLambdaMetafactory::buildCallSite (201 bytes)
Event: 48.933 Thread 0x000001bd627f5190 nmethod 4142 0x000001bd4d97c390 code [0x000001bd4d97c880, 0x000001bd4d97ed78]
Event: 48.933 Thread 0x000001bd627f5190 4143       3       java.lang.invoke.InnerClassLambdaMetafactory::spinInnerClass (118 bytes)
Event: 48.934 Thread 0x000001bd627f5190 nmethod 4143 0x000001bd4d97fd10 code [0x000001bd4d97fee0, 0x000001bd4d9801b8]
Event: 48.934 Thread 0x000001bd627f5190 4144       3       java.lang.invoke.LambdaProxyClassArchive::find (63 bytes)
Event: 48.935 Thread 0x000001bd627f5190 nmethod 4144 0x000001bd4d980290 code [0x000001bd4d9804c0, 0x000001bd4d980d58]
Event: 48.935 Thread 0x000001bd627f5190 4145       3       java.lang.invoke.LambdaProxyClassArchive::loadedByBuiltinLoader (22 bytes)
Event: 48.936 Thread 0x000001bd627f5190 nmethod 4145 0x000001bd4d981010 code [0x000001bd4d981260, 0x000001bd4d981e18]
Event: 48.936 Thread 0x000001bd627f5190 4146       3       jdk.internal.misc.CDS::isSharingEnabled (4 bytes)
Event: 48.936 Thread 0x000001bd627f5190 nmethod 4146 0x000001bd4d982190 code [0x000001bd4d982320, 0x000001bd4d982418]
Event: 48.936 Thread 0x000001bd627f5190 4147       3       java.lang.invoke.BootstrapMethodInvoker::widenAndCast (47 bytes)
Event: 48.938 Thread 0x000001bd627f5190 nmethod 4147 0x000001bd4d982490 code [0x000001bd4d982700, 0x000001bd4d983078]

GC Heap History (20 events):
Event: 19.055 GC heap before
{Heap before GC invocations=3 (full 0):
 garbage-first heap   total 96256K, used 22294K [0x00000000a2400000, 0x0000000100000000)
  region size 1024K, 13 young (13312K), 2 survivors (2048K)
 Metaspace       used 15942K, committed 16192K, reserved 1114112K
  class space    used 1734K, committed 1856K, reserved 1048576K
}
Event: 19.125 GC heap after
{Heap after GC invocations=4 (full 0):
 garbage-first heap   total 96256K, used 13293K [0x00000000a2400000, 0x0000000100000000)
  region size 1024K, 2 young (2048K), 2 survivors (2048K)
 Metaspace       used 15942K, committed 16192K, reserved 1114112K
  class space    used 1734K, committed 1856K, reserved 1048576K
}
Event: 22.657 GC heap before
{Heap before GC invocations=4 (full 0):
 garbage-first heap   total 96256K, used 28653K [0x00000000a2400000, 0x0000000100000000)
  region size 1024K, 18 young (18432K), 2 survivors (2048K)
 Metaspace       used 20931K, committed 21120K, reserved 1114112K
  class space    used 2776K, committed 2880K, reserved 1048576K
}
Event: 22.922 GC heap after
{Heap after GC invocations=5 (full 0):
 garbage-first heap   total 96256K, used 14336K [0x00000000a2400000, 0x0000000100000000)
  region size 1024K, 1 young (1024K), 1 survivors (1024K)
 Metaspace       used 20931K, committed 21120K, reserved 1114112K
  class space    used 2776K, committed 2880K, reserved 1048576K
}
Event: 23.205 GC heap before
{Heap before GC invocations=5 (full 0):
 garbage-first heap   total 96256K, used 15360K [0x00000000a2400000, 0x0000000100000000)
  region size 1024K, 3 young (3072K), 1 survivors (1024K)
 Metaspace       used 21372K, committed 21504K, reserved 1114112K
  class space    used 2815K, committed 2880K, reserved 1048576K
}
Event: 23.236 GC heap after
{Heap after GC invocations=6 (full 0):
 garbage-first heap   total 192512K, used 14583K [0x00000000a2400000, 0x0000000100000000)
  region size 1024K, 2 young (2048K), 2 survivors (2048K)
 Metaspace       used 21372K, committed 21504K, reserved 1114112K
  class space    used 2815K, committed 2880K, reserved 1048576K
}
Event: 25.103 GC heap before
{Heap before GC invocations=7 (full 0):
 garbage-first heap   total 55296K, used 28919K [0x00000000a2400000, 0x0000000100000000)
  region size 1024K, 16 young (16384K), 2 survivors (2048K)
 Metaspace       used 23462K, committed 23680K, reserved 1114112K
  class space    used 3054K, committed 3136K, reserved 1048576K
}
Event: 25.186 GC heap after
{Heap after GC invocations=8 (full 0):
 garbage-first heap   total 55296K, used 16379K [0x00000000a2400000, 0x0000000100000000)
  region size 1024K, 2 young (2048K), 2 survivors (2048K)
 Metaspace       used 23462K, committed 23680K, reserved 1114112K
  class space    used 3054K, committed 3136K, reserved 1048576K
}
Event: 27.162 GC heap before
{Heap before GC invocations=8 (full 0):
 garbage-first heap   total 55296K, used 30715K [0x00000000a2400000, 0x0000000100000000)
  region size 1024K, 17 young (17408K), 2 survivors (2048K)
 Metaspace       used 27106K, committed 27264K, reserved 1114112K
  class space    used 3395K, committed 3456K, reserved 1048576K
}
Event: 27.188 GC heap after
{Heap after GC invocations=9 (full 0):
 garbage-first heap   total 55296K, used 16954K [0x00000000a2400000, 0x0000000100000000)
  region size 1024K, 1 young (1024K), 1 survivors (1024K)
 Metaspace       used 27106K, committed 27264K, reserved 1114112K
  class space    used 3395K, committed 3456K, reserved 1048576K
}
Event: 31.219 GC heap before
{Heap before GC invocations=9 (full 0):
 garbage-first heap   total 55296K, used 38458K [0x00000000a2400000, 0x0000000100000000)
  region size 1024K, 23 young (23552K), 1 survivors (1024K)
 Metaspace       used 32536K, committed 32704K, reserved 1114112K
  class space    used 3951K, committed 4032K, reserved 1048576K
}
Event: 31.240 GC heap after
{Heap after GC invocations=10 (full 0):
 garbage-first heap   total 55296K, used 18814K [0x00000000a2400000, 0x0000000100000000)
  region size 1024K, 3 young (3072K), 3 survivors (3072K)
 Metaspace       used 32536K, committed 32704K, reserved 1114112K
  class space    used 3951K, committed 4032K, reserved 1048576K
}
Event: 37.341 GC heap before
{Heap before GC invocations=10 (full 0):
 garbage-first heap   total 55296K, used 34174K [0x00000000a2400000, 0x0000000100000000)
  region size 1024K, 19 young (19456K), 3 survivors (3072K)
 Metaspace       used 35749K, committed 35968K, reserved 1114112K
  class space    used 4302K, committed 4416K, reserved 1048576K
}
Event: 37.388 GC heap after
{Heap after GC invocations=11 (full 0):
 garbage-first heap   total 55296K, used 20396K [0x00000000a2400000, 0x0000000100000000)
  region size 1024K, 2 young (2048K), 2 survivors (2048K)
 Metaspace       used 35749K, committed 35968K, reserved 1114112K
  class space    used 4302K, committed 4416K, reserved 1048576K
}
Event: 44.819 GC heap before
{Heap before GC invocations=12 (full 0):
 garbage-first heap   total 55296K, used 39852K [0x00000000a2400000, 0x0000000100000000)
  region size 1024K, 21 young (21504K), 2 survivors (2048K)
 Metaspace       used 41556K, committed 41792K, reserved 1114112K
  class space    used 5065K, committed 5184K, reserved 1048576K
}
Event: 44.909 GC heap after
{Heap after GC invocations=13 (full 0):
 garbage-first heap   total 55296K, used 21471K [0x00000000a2400000, 0x0000000100000000)
  region size 1024K, 3 young (3072K), 3 survivors (3072K)
 Metaspace       used 41556K, committed 41792K, reserved 1114112K
  class space    used 5065K, committed 5184K, reserved 1048576K
}
Event: 47.948 GC heap before
{Heap before GC invocations=13 (full 0):
 garbage-first heap   total 55296K, used 40927K [0x00000000a2400000, 0x0000000100000000)
  region size 1024K, 22 young (22528K), 3 survivors (3072K)
 Metaspace       used 43204K, committed 43456K, reserved 1114112K
  class space    used 5172K, committed 5312K, reserved 1048576K
}
Event: 48.073 GC heap after
{Heap after GC invocations=14 (full 0):
 garbage-first heap   total 55296K, used 27028K [0x00000000a2400000, 0x0000000100000000)
  region size 1024K, 3 young (3072K), 3 survivors (3072K)
 Metaspace       used 43204K, committed 43456K, reserved 1114112K
  class space    used 5172K, committed 5312K, reserved 1048576K
}
Event: 48.168 GC heap before
{Heap before GC invocations=14 (full 0):
 garbage-first heap   total 55296K, used 41364K [0x00000000a2400000, 0x0000000100000000)
  region size 1024K, 17 young (17408K), 3 survivors (3072K)
 Metaspace       used 43255K, committed 43584K, reserved 1114112K
  class space    used 5172K, committed 5312K, reserved 1048576K
}
Event: 48.195 GC heap after
{Heap after GC invocations=15 (full 0):
 garbage-first heap   total 68608K, used 32359K [0x00000000a2400000, 0x0000000100000000)
  region size 1024K, 3 young (3072K), 3 survivors (3072K)
 Metaspace       used 43255K, committed 43584K, reserved 1114112K
  class space    used 5172K, committed 5312K, reserved 1048576K
}

Dll operation events (7 events):
Event: 0.575 Loaded shared library C:\Jdkk\openlogic-openjdk-17.0.17+10-windows-x64\bin\java.dll
Event: 1.175 Loaded shared library C:\Jdkk\openlogic-openjdk-17.0.17+10-windows-x64\bin\jsvml.dll
Event: 2.056 Loaded shared library C:\Jdkk\openlogic-openjdk-17.0.17+10-windows-x64\bin\net.dll
Event: 2.069 Loaded shared library C:\Jdkk\openlogic-openjdk-17.0.17+10-windows-x64\bin\nio.dll
Event: 2.397 Loaded shared library C:\Jdkk\openlogic-openjdk-17.0.17+10-windows-x64\bin\zip.dll
Event: 2.526 Loaded shared library C:\Jdkk\openlogic-openjdk-17.0.17+10-windows-x64\bin\jimage.dll
Event: 17.003 Loaded shared library C:\Jdkk\openlogic-openjdk-17.0.17+10-windows-x64\bin\verify.dll

Deoptimization events (20 events):
Event: 45.958 Thread 0x000001bd41f5e7c0 Uncommon trap: trap_request=0xffffff45 fr.pc=0x000001bd54b9b750 relative=0x00000000000000b0
Event: 45.958 Thread 0x000001bd41f5e7c0 Uncommon trap: reason=unstable_if action=reinterpret pc=0x000001bd54b9b750 method=java.lang.Integer.valueOf(I)Ljava/lang/Integer; @ 3 c2
Event: 45.958 Thread 0x000001bd41f5e7c0 DEOPT PACKING pc=0x000001bd54b9b750 sp=0x0000009357af9f60
Event: 45.958 Thread 0x000001bd41f5e7c0 DEOPT UNPACKING pc=0x000001bd546069a3 sp=0x0000009357af9ef8 mode 2
Event: 46.515 Thread 0x000001bd41f5e7c0 Uncommon trap: trap_request=0xffffff45 fr.pc=0x000001bd54d1e738 relative=0x00000000000001f8
Event: 46.515 Thread 0x000001bd41f5e7c0 Uncommon trap: reason=unstable_if action=reinterpret pc=0x000001bd54d1e738 method=org.jetbrains.org.objectweb.asm.Type.getTypeInternal(Ljava/lang/String;II)Lorg/jetbrains/org/objectweb/asm/Type; @ 5 c2
Event: 46.515 Thread 0x000001bd41f5e7c0 DEOPT PACKING pc=0x000001bd54d1e738 sp=0x0000009357afb600
Event: 46.515 Thread 0x000001bd41f5e7c0 DEOPT UNPACKING pc=0x000001bd546069a3 sp=0x0000009357afb598 mode 2
Event: 46.737 Thread 0x000001bd41f5e7c0 Uncommon trap: trap_request=0xffffff45 fr.pc=0x000001bd54d13190 relative=0x0000000000002ed0
Event: 46.737 Thread 0x000001bd41f5e7c0 Uncommon trap: reason=unstable_if action=reinterpret pc=0x000001bd54d13190 method=org.jetbrains.kotlin.com.intellij.psi.stubs.StubList.addStub(IIS)V @ 46 c2
Event: 46.737 Thread 0x000001bd41f5e7c0 DEOPT PACKING pc=0x000001bd54d13190 sp=0x0000009357af9fa0
Event: 46.737 Thread 0x000001bd41f5e7c0 DEOPT UNPACKING pc=0x000001bd546069a3 sp=0x0000009357af9f98 mode 2
Event: 47.670 Thread 0x000001bd41f5e7c0 Uncommon trap: trap_request=0xffffff45 fr.pc=0x000001bd54d03f08 relative=0x00000000000001e8
Event: 47.670 Thread 0x000001bd41f5e7c0 Uncommon trap: reason=unstable_if action=reinterpret pc=0x000001bd54d03f08 method=org.jetbrains.kotlin.name.Name.hashCode()I @ 16 c2
Event: 47.670 Thread 0x000001bd41f5e7c0 DEOPT PACKING pc=0x000001bd54d03f08 sp=0x0000009357afb640
Event: 47.670 Thread 0x000001bd41f5e7c0 DEOPT UNPACKING pc=0x000001bd546069a3 sp=0x0000009357afb5c8 mode 2
Event: 48.078 Thread 0x000001bd41f5e7c0 Uncommon trap: trap_request=0xffffff45 fr.pc=0x000001bd54d41df0 relative=0x0000000000005e90
Event: 48.078 Thread 0x000001bd41f5e7c0 Uncommon trap: reason=unstable_if action=reinterpret pc=0x000001bd54d41df0 method=org.jetbrains.org.objectweb.asm.ClassReader.readMethod(Lorg/jetbrains/org/objectweb/asm/ClassVisitor;Lorg/jetbrains/org/objectweb/asm/Context;I)I @ 389 c2
Event: 48.078 Thread 0x000001bd41f5e7c0 DEOPT PACKING pc=0x000001bd54d41df0 sp=0x0000009357afb4d0
Event: 48.078 Thread 0x000001bd41f5e7c0 DEOPT UNPACKING pc=0x000001bd546069a3 sp=0x0000009357afb488 mode 2

Classes loaded (20 events):
Event: 41.852 Loading class java/util/AbstractList$SubList$1
Event: 41.856 Loading class java/util/AbstractList$SubList$1 done
Event: 41.856 Loading class java/util/AbstractList$ListItr
Event: 41.881 Loading class java/util/AbstractList$ListItr done
Event: 43.258 Loading class java/util/ArrayList$SubList$1
Event: 43.290 Loading class java/util/ArrayList$SubList$1 done
Event: 43.428 Loading class java/text/StringCharacterIterator
Event: 43.516 Loading class java/text/CharacterIterator
Event: 43.547 Loading class java/text/CharacterIterator done
Event: 43.547 Loading class java/text/StringCharacterIterator done
Event: 44.773 Loading class java/util/EnumMap$EntrySet
Event: 44.778 Loading class java/util/EnumMap$EntrySet done
Event: 44.778 Loading class java/util/EnumMap$EntryIterator
Event: 44.780 Loading class java/util/EnumMap$EnumMapIterator
Event: 44.781 Loading class java/util/EnumMap$EnumMapIterator done
Event: 44.781 Loading class java/util/EnumMap$EntryIterator done
Event: 44.781 Loading class java/util/EnumMap$EntryIterator$Entry
Event: 44.782 Loading class java/util/EnumMap$EntryIterator$Entry done
Event: 46.018 Loading class jdk/internal/math/FDBigInteger
Event: 46.025 Loading class jdk/internal/math/FDBigInteger done

Classes unloaded (0 events):
No events

Classes redefined (0 events):
No events

Internal exceptions (20 events):
Event: 19.165 Thread 0x000001bd41f5e7c0 Exception <a 'java/lang/NoSuchMethodError'{0x00000000a8191c98}: 'java.lang.Object java.lang.invoke.Invokers$Holder.linkToTargetMethod(java.lang.Object, java.lang.Object, java.lang.Object, java.lang.Object, java.lang.Object, java.lang.Object, java.lang.Object)'> (0x00000000a8191c98) 
thrown [s\src\hotspot\share\interpreter\linkResolver.cpp, line 759]
Event: 26.574 Thread 0x000001bd41f5e7c0 Exception <a 'java/lang/NoSuchMethodError'{0x00000000a4e071e8}: 'java.lang.Object java.lang.invoke.DirectMethodHandle$Holder.invokeVirtual(java.lang.Object, java.lang.Object, java.lang.Object)'> (0x00000000a4e071e8) 
thrown [s\src\hotspot\share\interpreter\linkResolver.cpp, line 759]
Event: 28.316 Thread 0x000001bd41f5e7c0 Exception <a 'java/lang/NoSuchMethodError'{0x00000000a520f3e8}: 'java.lang.Object java.lang.invoke.DirectMethodHandle$Holder.newInvokeSpecial(java.lang.Object, java.lang.Object, java.lang.Object, java.lang.Object, java.lang.Object, java.lang.Object)'> (0x00000000a520f3e8) 
thrown [s\src\hotspot\share\interpreter\linkResolver.cpp, line 759]
Event: 28.932 Thread 0x000001bd41f5e7c0 Exception <a 'java/lang/NoSuchMethodError'{0x00000000a507a340}: 'int java.lang.invoke.DirectMethodHandle$Holder.invokeStaticInit(java.lang.Object, int)'> (0x00000000a507a340) 
thrown [s\src\hotspot\share\interpreter\linkResolver.cpp, line 759]
Event: 28.959 Thread 0x000001bd41f5e7c0 Exception <a 'java/lang/NoSuchMethodError'{0x00000000a50b2738}: 'java.lang.Object java.lang.invoke.DirectMethodHandle$Holder.newInvokeSpecial(java.lang.Object, java.lang.Object, java.lang.Object, int)'> (0x00000000a50b2738) 
thrown [s\src\hotspot\share\interpreter\linkResolver.cpp, line 759]
Event: 28.960 Thread 0x000001bd41f5e7c0 Exception <a 'java/lang/NoSuchMethodError'{0x00000000a50b6dc0}: 'java.lang.Object java.lang.invoke.DirectMethodHandle$Holder.invokeSpecial(java.lang.Object, java.lang.Object, java.lang.Object, java.lang.Object, int)'> (0x00000000a50b6dc0) 
thrown [s\src\hotspot\share\interpreter\linkResolver.cpp, line 759]
Event: 28.960 Thread 0x000001bd41f5e7c0 Exception <a 'java/lang/NoSuchMethodError'{0x00000000a50bac30}: 'java.lang.Object java.lang.invoke.Invokers$Holder.linkToTargetMethod(java.lang.Object, java.lang.Object, int, java.lang.Object)'> (0x00000000a50bac30) 
thrown [s\src\hotspot\share\interpreter\linkResolver.cpp, line 759]
Event: 30.172 Thread 0x000001bd41f5e7c0 Exception <a 'java/lang/NoSuchMethodError'{0x00000000a48decc8}: 'java.lang.Object java.lang.invoke.DirectMethodHandle$Holder.invokeStatic(java.lang.Object, java.lang.Object, int)'> (0x00000000a48decc8) 
thrown [s\src\hotspot\share\interpreter\linkResolver.cpp, line 759]
Event: 31.176 Thread 0x000001bd41f5e7c0 Implicit null exception at 0x000001bd54c79cdc to 0x000001bd54c7b220
Event: 32.155 Thread 0x000001bd41f5e7c0 Exception <a 'java/lang/NoSuchMethodError'{0x00000000a56b0868}: 'java.lang.Object java.lang.invoke.DirectMethodHandle$Holder.newInvokeSpecial(java.lang.Object, java.lang.Object, java.lang.Object, int, java.lang.Object)'> (0x00000000a56b0868) 
thrown [s\src\hotspot\share\interpreter\linkResolver.cpp, line 759]
Event: 32.158 Thread 0x000001bd41f5e7c0 Exception <a 'java/lang/NoSuchMethodError'{0x00000000a56b8428}: 'java.lang.Object java.lang.invoke.Invokers$Holder.linkToTargetMethod(java.lang.Object, java.lang.Object, int, java.lang.Object, java.lang.Object)'> (0x00000000a56b8428) 
thrown [s\src\hotspot\share\interpreter\linkResolver.cpp, line 759]
Event: 35.539 Thread 0x000001bd41f5e7c0 Implicit null exception at 0x000001bd54bfcf12 to 0x000001bd54bfd334
Event: 35.682 Thread 0x000001bd41f5e7c0 Exception <a 'java/lang/NoSuchMethodError'{0x00000000a508ccb8}: 'java.lang.Object java.lang.invoke.DirectMethodHandle$Holder.invokeStatic(java.lang.Object, java.lang.Object, java.lang.Object, java.lang.Object, int)'> (0x00000000a508ccb8) 
thrown [s\src\hotspot\share\interpreter\linkResolver.cpp, line 759]
Event: 35.683 Thread 0x000001bd41f5e7c0 Exception <a 'java/lang/NoSuchMethodError'{0x00000000a50952b8}: 'java.lang.Object java.lang.invoke.DirectMethodHandle$Holder.newInvokeSpecial(java.lang.Object, java.lang.Object, java.lang.Object, java.lang.Object, int)'> (0x00000000a50952b8) 
thrown [s\src\hotspot\share\interpreter\linkResolver.cpp, line 759]
Event: 35.684 Thread 0x000001bd41f5e7c0 Exception <a 'java/lang/NoSuchMethodError'{0x00000000a5099898}: 'java.lang.Object java.lang.invoke.DirectMethodHandle$Holder.invokeSpecial(java.lang.Object, java.lang.Object, java.lang.Object, java.lang.Object, java.lang.Object, int)'> (0x00000000a5099898) 
thrown [s\src\hotspot\share\interpreter\linkResolver.cpp, line 759]
Event: 35.684 Thread 0x000001bd41f5e7c0 Exception <a 'java/lang/NoSuchMethodError'{0x00000000a509d828}: 'java.lang.Object java.lang.invoke.Invokers$Holder.linkToTargetMethod(java.lang.Object, java.lang.Object, java.lang.Object, int, java.lang.Object)'> (0x00000000a509d828) 
thrown [s\src\hotspot\share\interpreter\linkResolver.cpp, line 759]
Event: 37.339 Thread 0x000001bd41f5e7c0 Exception <a 'java/lang/NoSuchMethodError'{0x00000000a4a0b2f8}: 'java.lang.Object java.lang.invoke.Invokers$Holder.invokeExact_MT(java.lang.Object, java.lang.Object, java.lang.Object, java.lang.Object, java.lang.Object, java.lang.Object)'> (0x00000000a4a0b2f8) 
thrown [s\src\hotspot\share\interpreter\linkResolver.cpp, line 759]
Event: 39.395 Thread 0x000001bd41f5e7c0 Exception <a 'java/lang/NoSuchMethodError'{0x00000000a520b0b8}: 'java.lang.Object java.lang.invoke.Invokers$Holder.invokeExact_MT(java.lang.Object, java.lang.Object, long, java.lang.Object)'> (0x00000000a520b0b8) 
thrown [s\src\hotspot\share\interpreter\linkResolver.cpp, line 759]
Event: 44.947 Thread 0x000001bd41f5e7c0 Exception <a 'java/lang/NoSuchMethodError'{0x00000000adf65a20}: 'java.lang.Object java.lang.invoke.DirectMethodHandle$Holder.newInvokeSpecial(java.lang.Object, java.lang.Object, int, java.lang.Object)'> (0x00000000adf65a20) 
thrown [s\src\hotspot\share\interpreter\linkResolver.cpp, line 759]
Event: 44.948 Thread 0x000001bd41f5e7c0 Exception <a 'java/lang/NoSuchMethodError'{0x00000000adf69a98}: 'java.lang.Object java.lang.invoke.DirectMethodHandle$Holder.invokeSpecial(java.lang.Object, java.lang.Object, java.lang.Object, int, java.lang.Object)'> (0x00000000adf69a98) 
thrown [s\src\hotspot\share\interpreter\linkResolver.cpp, line 759]

VM Operations (20 events):
Event: 43.922 Executing VM operation: Cleanup
Event: 43.923 Executing VM operation: Cleanup done
Event: 44.817 Executing VM operation: G1CollectForAllocation
Event: 44.909 Executing VM operation: G1CollectForAllocation done
Event: 45.233 Executing VM operation: HandshakeAllThreads
Event: 45.248 Executing VM operation: HandshakeAllThreads done
Event: 46.132 Executing VM operation: HandshakeAllThreads
Event: 46.132 Executing VM operation: HandshakeAllThreads done
Event: 46.132 Executing VM operation: Cleanup
Event: 46.133 Executing VM operation: Cleanup done
Event: 47.133 Executing VM operation: Cleanup
Event: 47.148 Executing VM operation: Cleanup done
Event: 47.948 Executing VM operation: G1CollectForAllocation
Event: 48.075 Executing VM operation: G1CollectForAllocation done
Event: 48.168 Executing VM operation: G1CollectForAllocation
Event: 48.195 Executing VM operation: G1CollectForAllocation done
Event: 48.949 Executing VM operation: HandshakeAllThreads
Event: 48.949 Executing VM operation: HandshakeAllThreads done
Event: 49.951 Executing VM operation: Cleanup
Event: 49.953 Executing VM operation: Cleanup done

Memory protections (0 events):
No events

Nmethod flushes (0 events):
No events

Events (12 events):
Event: 1.284 Thread 0x000001bd41f5e7c0 Thread added: 0x000001bd41f5e7c0
Event: 1.444 Thread 0x000001bd41f5e7c0 Thread added: 0x000001bd627c27c0
Event: 1.445 Thread 0x000001bd41f5e7c0 Thread added: 0x000001bd627c3380
Event: 1.698 Thread 0x000001bd41f5e7c0 Thread added: 0x000001bd627e1820
Event: 1.698 Thread 0x000001bd41f5e7c0 Thread added: 0x000001bd627e21e0
Event: 1.698 Thread 0x000001bd41f5e7c0 Thread added: 0x000001bd627e2ba0
Event: 1.698 Thread 0x000001bd41f5e7c0 Thread added: 0x000001bd627e4570
Event: 1.701 Thread 0x000001bd41f5e7c0 Thread added: 0x000001bd627f4790
Event: 1.701 Thread 0x000001bd41f5e7c0 Thread added: 0x000001bd627f5190
Event: 1.704 Thread 0x000001bd41f5e7c0 Thread added: 0x000001bd62806350
Event: 2.024 Thread 0x000001bd41f5e7c0 Thread added: 0x000001bd62cc0840
Event: 2.033 Thread 0x000001bd41f5e7c0 Thread added: 0x000001bd62cc5590


Dynamic libraries:
0x00007ff747920000 - 0x00007ff74792e000 	C:\Jdkk\openlogic-openjdk-17.0.17+10-windows-x64\bin\java.exe
0x00007ff816380000 - 0x00007ff8165e7000 	C:\WINDOWS\SYSTEM32\ntdll.dll
0x00007ff815100000 - 0x00007ff8151c9000 	C:\WINDOWS\System32\KERNEL32.DLL
0x00007ff813590000 - 0x00007ff81397f000 	C:\WINDOWS\System32\KERNELBASE.dll
0x00007ff813dc0000 - 0x00007ff813f0b000 	C:\WINDOWS\System32\ucrtbase.dll
0x00007ff808650000 - 0x00007ff808667000 	C:\Jdkk\openlogic-openjdk-17.0.17+10-windows-x64\bin\jli.dll
0x00007ff808670000 - 0x00007ff80868b000 	C:\Jdkk\openlogic-openjdk-17.0.17+10-windows-x64\bin\VCRUNTIME140.dll
0x00007ff815d20000 - 0x00007ff815ee5000 	C:\WINDOWS\System32\USER32.dll
0x00007ff8140f0000 - 0x00007ff814117000 	C:\WINDOWS\System32\win32u.dll
0x00007ffff81b0000 - 0x00007ffff8443000 	C:\WINDOWS\WinSxS\amd64_microsoft.windows.common-controls_6595b64144ccf1df_6.0.26100.7309_none_3e05feeae336a044\COMCTL32.dll
0x00007ff815cf0000 - 0x00007ff815d1b000 	C:\WINDOWS\System32\GDI32.dll
0x00007ff815a50000 - 0x00007ff815af9000 	C:\WINDOWS\System32\msvcrt.dll
0x00007ff813fc0000 - 0x00007ff8140ec000 	C:\WINDOWS\System32\gdi32full.dll
0x00007ff813b10000 - 0x00007ff813bb3000 	C:\WINDOWS\System32\msvcp_win.dll
0x00007ff816280000 - 0x00007ff8162b1000 	C:\WINDOWS\System32\IMM32.DLL
0x00007ff80e200000 - 0x00007ff80e20c000 	C:\Jdkk\openlogic-openjdk-17.0.17+10-windows-x64\bin\vcruntime140_1.dll
0x00007ff806980000 - 0x00007ff806a0d000 	C:\Jdkk\openlogic-openjdk-17.0.17+10-windows-x64\bin\msvcp140.dll
0x00007fff967f0000 - 0x00007fff9745c000 	C:\Jdkk\openlogic-openjdk-17.0.17+10-windows-x64\bin\server\jvm.dll
0x00007ff815ef0000 - 0x00007ff815fa4000 	C:\WINDOWS\System32\ADVAPI32.dll
0x00007ff814120000 - 0x00007ff8141c6000 	C:\WINDOWS\System32\sechost.dll
0x00007ff8149a0000 - 0x00007ff814ab8000 	C:\WINDOWS\System32\RPCRT4.dll
0x00007ff8162c0000 - 0x00007ff816334000 	C:\WINDOWS\System32\WS2_32.dll
0x00007ff813350000 - 0x00007ff8133ae000 	C:\WINDOWS\SYSTEM32\POWRPROF.dll
0x00007ff8000d0000 - 0x00007ff8000db000 	C:\WINDOWS\SYSTEM32\VERSION.dll
0x00007ff800090000 - 0x00007ff8000c5000 	C:\WINDOWS\SYSTEM32\WINMM.dll
0x00007ff813330000 - 0x00007ff813344000 	C:\WINDOWS\SYSTEM32\UMPDC.dll
0x00007ff812280000 - 0x00007ff81229b000 	C:\WINDOWS\SYSTEM32\kernel.appcore.dll
0x00007ff80cb50000 - 0x00007ff80cb5a000 	C:\Jdkk\openlogic-openjdk-17.0.17+10-windows-x64\bin\jimage.dll
0x00007ff810d10000 - 0x00007ff810f52000 	C:\WINDOWS\SYSTEM32\DBGHELP.DLL
0x00007ff8151d0000 - 0x00007ff815555000 	C:\WINDOWS\System32\combase.dll
0x00007ff814b60000 - 0x00007ff814c36000 	C:\WINDOWS\System32\OLEAUT32.dll
0x00007ffff0460000 - 0x00007ffff049c000 	C:\WINDOWS\SYSTEM32\dbgcore.DLL
0x00007ff813f10000 - 0x00007ff813fb5000 	C:\WINDOWS\System32\bcryptPrimitives.dll
0x00007ff808620000 - 0x00007ff808645000 	C:\Jdkk\openlogic-openjdk-17.0.17+10-windows-x64\bin\java.dll
0x00007ff8056f0000 - 0x00007ff8057c6000 	C:\Jdkk\openlogic-openjdk-17.0.17+10-windows-x64\bin\jsvml.dll
0x00007ff814240000 - 0x00007ff814993000 	C:\WINDOWS\System32\SHELL32.dll
0x00007ff813bc0000 - 0x00007ff813d2a000 	C:\WINDOWS\System32\wintypes.dll
0x00007ff811110000 - 0x00007ff81196e000 	C:\WINDOWS\SYSTEM32\windows.storage.dll
0x00007ff814c40000 - 0x00007ff814d35000 	C:\WINDOWS\System32\SHCORE.dll
0x00007ff816150000 - 0x00007ff8161b6000 	C:\WINDOWS\System32\shlwapi.dll
0x00007ff8133f0000 - 0x00007ff813419000 	C:\WINDOWS\SYSTEM32\profapi.dll
0x00007ff808050000 - 0x00007ff808069000 	C:\Jdkk\openlogic-openjdk-17.0.17+10-windows-x64\bin\net.dll
0x00007ff80add0000 - 0x00007ff80aef8000 	C:\WINDOWS\SYSTEM32\WINHTTP.dll
0x00007ff8127f0000 - 0x00007ff81285b000 	C:\WINDOWS\system32\mswsock.dll
0x00007ff806f20000 - 0x00007ff806f36000 	C:\Jdkk\openlogic-openjdk-17.0.17+10-windows-x64\bin\nio.dll
0x00007ff806ba0000 - 0x00007ff806bb8000 	C:\Jdkk\openlogic-openjdk-17.0.17+10-windows-x64\bin\zip.dll
0x00007ff80b020000 - 0x00007ff80b030000 	C:\Jdkk\openlogic-openjdk-17.0.17+10-windows-x64\bin\verify.dll

dbghelp: loaded successfully - version: 4.0.5 - missing functions: none
symbol engine: initialized successfully - sym options: 0x614 - pdb path: .;C:\Jdkk\openlogic-openjdk-17.0.17+10-windows-x64\bin;C:\WINDOWS\SYSTEM32;C:\WINDOWS\WinSxS\amd64_microsoft.windows.common-controls_6595b64144ccf1df_6.0.26100.7309_none_3e05feeae336a044;C:\Jdkk\openlogic-openjdk-17.0.17+10-windows-x64\bin\server

VM Arguments:
java_command: org.jetbrains.kotlin.cli.jvm.K2JVMCompiler @C:\Newhergaurd\HerGuardClean\node_modules\react-native-safe-area-context\android\build\20260118_5404084724114755606.compiler.options
java_class_path (initial): C:\Users\Arvind\.gradle\caches\modules-2\files-2.1\org.jetbrains.kotlin\kotlin-compiler-embeddable\2.1.20\4ef56b3316798316bfac7a0ae443391c9e900ea1\kotlin-compiler-embeddable-2.1.20.jar;C:\Users\Arvind\.gradle\caches\modules-2\files-2.1\org.jetbrains.kotlin\kotlin-stdlib\2.1.20\aa8ca79cd50578314f6d1180c47cbe14c0fee567\kotlin-stdlib-2.1.20.jar;C:\Users\Arvind\.gradle\caches\modules-2\files-2.1\org.jetbrains.kotlin\kotlin-script-runtime\2.1.20\f7c623d7f7bdb01f5ccd6b437bc0a937fcd7c57e\kotlin-script-runtime-2.1.20.jar;C:\Users\Arvind\.gradle\caches\modules-2\files-2.1\org.jetbrains.kotlin\kotlin-reflect\1.6.10\1cbe9c92c12a94eea200d23c2bbaedaf3daf5132\kotlin-reflect-1.6.10.jar;C:\Users\Arvind\.gradle\caches\modules-2\files-2.1\org.jetbrains.kotlin\kotlin-daemon-embeddable\2.1.20\95670fce77befd02a70a0bc3abe8ee4533521334\kotlin-daemon-embeddable-2.1.20.jar;C:\Users\Arvind\.gradle\caches\modules-2\files-2.1\org.jetbrains.intellij.deps\trove4j\1.0.20200330\3afb14d5f9ceb459d724e907a21145e8ff394f02\trove4j-1.0.20200330.jar;C:\Users\Arvind\.gradle\caches\modules-2\files-2.1\org.jetbrains.kotlinx\kotlinx-coroutines-core-jvm\1.8.0\ac1dc37a30a93150b704022f8d895ee1bd3a36b3\kotlinx-coroutines-core-jvm-1.8.0.jar;C:\Users\Arvind\.gradle\caches\modules-2\files-2.1\org.jetbrains\annotations\13.0\919f0dfe192fb4e063e7dacadee7f8bb9a2672a9\annotations-13.0.jar
Launcher Type: SUN_STANDARD

[Global flags]
     intx CICompilerCount                          = 4                                         {product} {ergonomic}
     uint ConcGCThreads                            = 3                                         {product} {ergonomic}
     uint G1ConcRefinementThreads                  = 10                                        {product} {ergonomic}
   size_t G1HeapRegionSize                         = 1048576                                   {product} {ergonomic}
    uintx GCDrainStackTargetSize                   = 64                                        {product} {ergonomic}
   size_t InitialHeapSize                          = 98566144                                  {product} {ergonomic}
   size_t MarkStackSize                            = 4194304                                   {product} {ergonomic}
   size_t MaxHeapSize                              = 1572864000                                {product} {ergonomic}
   size_t MaxNewSize                               = 943718400                                 {product} {ergonomic}
   size_t MinHeapDeltaBytes                        = 1048576                                   {product} {ergonomic}
   size_t MinHeapSize                              = 8388608                                   {product} {ergonomic}
    uintx NonNMethodCodeHeapSize                   = 5839372                                {pd product} {ergonomic}
    uintx NonProfiledCodeHeapSize                  = 122909434                              {pd product} {ergonomic}
    uintx ProfiledCodeHeapSize                     = 122909434                              {pd product} {ergonomic}
    uintx ReservedCodeCacheSize                    = 251658240                              {pd product} {ergonomic}
     bool SegmentedCodeCache                       = true                                      {product} {ergonomic}
   size_t SoftMaxHeapSize                          = 1572864000                             {manageable} {ergonomic}
     bool UseCompressedClassPointers               = true                           {product lp64_product} {ergonomic}
     bool UseCompressedOops                        = true                           {product lp64_product} {ergonomic}
     bool UseG1GC                                  = true                                      {product} {ergonomic}
     bool UseLargePagesIndividualAllocation        = false                                  {pd product} {ergonomic}

Logging:
Log output configuration:
 #0: stdout all=warning uptime,level,tags
 #1: stderr all=off uptime,level,tags

Environment Variables:
JAVA_HOME=C:\Jdkk\openlogic-openjdk-17.0.17+10-windows-x64
PATH=C:\Newhergaurd\HerGuardClean\node_modules\.bin;C:\Newhergaurd\HerGuardClean\node_modules\.bin;C:\Newhergaurd\node_modules\.bin;C:\node_modules\.bin;C:\Program Files\nodejs\node_modules\npm\node_modules\@npmcli\run-script\lib\node-gyp-bin;C:\Windows\system32;C:\Windows;C:\Windows\System32\Wbem;C:\Windows\System32\WindowsPowerShell\v1.0\;C:\Windows\System32\OpenSSH\;C:\Program Files (x86)\NVIDIA Corporation\PhysX\Common;C:\WINDOWS\system32;C:\WINDOWS;C:\WINDOWS\System32\Wbem;C:\WINDOWS\System32\WindowsPowerShell\v1.0\;C:\WINDOWS\System32\OpenSSH\;C:\Program Files\NVIDIA Corporation\NVIDIA NvDLISR;C:\WINDOWS\system32;C:\WINDOWS;C:\WINDOWS\System32\Wbem;C:\WINDOWS\System32\WindowsPowerShell\v1.0\;C:\WINDOWS\System32\OpenSSH\;C:\Program Files\dotnet\;C:\MinGW\bin;C:\Program Files\Git\cmd;C:\Program Files\Git\mingw64\bin;C:\Program Files\Git\usr\bin;C:\Program Files\nodejs\;C:\MinGW\bin;C:\Program Files\Redis;C:\Flutter\flutter;C:\Jdkk\openlogic-openjdk-17.0.17+10-windows-x64\bin;C:\Users\Arvind\AppData\Local\Microsoft\WindowsApps;C:\Users\Arvind\AppData\Local\Programs\Microsoft VS Code\bin;C:\MinGW\bin;C:\Program Files\JetBrains\IntelliJ IDEA Community Edition 2024.1.4\bin;;C:\Users\Arvind\AppData\Roaming\npm;C:\Flutter\flutter\bin;C:\Users\Arvind\AppData\Local\Android\Sdk;C:\Users\Arvind\AppData\Local\Android\Sdk\platform-tools;C:\Users\Arvind\AppData\Local\Android\Sdk\emulator;C:\Users\Arvind\AppData\Local\Android\Sdk\build-tools;C:\Users\Arvind\AppData\Local\Android\Sdk\cmdline-tools\latest\bin;c:\Users\Arvind\.vscode\extensions\vscjava.vscode-java-debug-0.58.5\bundled\scripts\noConfigScripts
USERNAME=Arvind
LANG=en_US.UTF-8
OS=Windows_NT
PROCESSOR_IDENTIFIER=AMD64 Family 25 Model 80 Stepping 0, AuthenticAMD
TMP=C:\Users\Arvind\AppData\Local\Temp
TEMP=C:\Users\Arvind\AppData\Local\Temp



Periodic native trim disabled


---------------  S Y S T E M  ---------------

OS:
 Windows 11 , 64 bit Build 26100 (10.0.26100.7309)
OS uptime: 0 days 1:03 hours

CPU: total 12 (initial active 12) (12 cores per cpu, 2 threads per core) family 25 model 80 stepping 0 microcode 0xa50000c, cx8, cmov, fxsr, ht, mmx, 3dnowpref, sse, sse2, sse3, ssse3, sse4a, sse4.1, sse4.2, popcnt, lzcnt, tsc, tscinvbit, avx, avx2, aes, erms, clmul, bmi1, bmi2, adx, sha, fma, vzeroupper, clflush, clflushopt
Processor Information for processor 0
  Max Mhz: 3301, Current Mhz: 3301, Mhz Limit: 3301
Processor Information for processor 1
  Max Mhz: 3301, Current Mhz: 2630, Mhz Limit: 3301
Processor Information for processor 2
  Max Mhz: 3301, Current Mhz: 3301, Mhz Limit: 3301
Processor Information for processor 3
  Max Mhz: 3301, Current Mhz: 2630, Mhz Limit: 3301
Processor Information for processor 4
  Max Mhz: 3301, Current Mhz: 2630, Mhz Limit: 3301
Processor Information for processor 5
  Max Mhz: 3301, Current Mhz: 2630, Mhz Limit: 3301
Processor Information for processor 6
  Max Mhz: 3301, Current Mhz: 3301, Mhz Limit: 3301
Processor Information for processor 7
  Max Mhz: 3301, Current Mhz: 3301, Mhz Limit: 3301
Processor Information for processor 8
  Max Mhz: 3301, Current Mhz: 3301, Mhz Limit: 3301
Processor Information for processor 9
  Max Mhz: 3301, Current Mhz: 3301, Mhz Limit: 3301
Processor Information for processor 10
  Max Mhz: 3301, Current Mhz: 3301, Mhz Limit: 3301
Processor Information for processor 11
  Max Mhz: 3301, Current Mhz: 2630, Mhz Limit: 3301

Memory: 4k page, system-wide physical 5996M (132M free)
TotalPageFile size 24428M (AvailPageFile size 0M)
current process WorkingSet (physical memory assigned to process): 48M, peak: 129M
current process commit charge ("private bytes"): 244M, peak: 314M

vm_info: OpenJDK 64-Bit Server VM (17.0.17+10-adhoc..jdk17u) for windows-amd64 JRE (17.0.17+10-adhoc..jdk17u), built on Nov  3 2025 07:55:22 by "" with MS VC++ 16.10 / 16.11 (VS2019)

END.
