#
# There is insufficient memory for the Java Runtime Environment to continue.
# Native memory allocation (malloc) failed to allocate 158096 bytes. Error detail: Chunk::new
# Possible reasons:
#   The system is out of physical RAM or swap space
#   This process is running with CompressedOops enabled, and the Java Heap may be blocking the growth of the native heap
# Possible solutions:
#   Reduce memory load on the system
#   Increase physical memory or swap space
#   Check if swap backing store is full
#   Decrease Java heap size (-Xmx/-Xms)
#   Decrease number of Java threads
#   Decrease Java thread stack sizes (-Xss)
#   Set larger code cache with -XX:ReservedCodeCacheSize=
#   JVM is running with Unscaled Compressed Oops mode in which the Java heap is
#     placed in the first 4GB address space. The Java Heap base address is the
#     maximum limit for the native heap growth. Please use -XX:HeapBaseMinAddress
#     to set the Java Heap base and to place the Java Heap above 4GB virtual address.
# This output file may be truncated or incomplete.
#
#  Out of Memory Error (arena.cpp:191), pid=11136, tid=6344
#
# JRE version: OpenJDK Runtime Environment OpenLogic-OpenJDK (17.0.17+10) (build 17.0.17+10-adhoc..jdk17u)
# Java VM: OpenJDK 64-Bit Server VM OpenLogic-OpenJDK (17.0.17+10-adhoc..jdk17u, mixed mode, sharing, tiered, compressed oops, compressed class ptrs, g1 gc, windows-amd64)
# No core dump will be written. Minidumps are not enabled by default on client versions of Windows
#

---------------  S U M M A R Y ------------

Command Line: -Xmx64m -Xms64m -Dorg.gradle.appname=gradlew C:\Newhergaurd\HerGuardClean\android\\gradle\wrapper\gradle-wrapper.jar app:installDebug -PreactNativeDevServerPort=8081

Host: AMD Ryzen 5 5600H with Radeon Graphics         , 12 cores, 5G,  Windows 11 , 64 bit Build 26100 (10.0.26100.7309)
Time: Sun Jan 18 00:45:21 2026 India Standard Time elapsed time: 218.982876 seconds (0d 0h 3m 38s)

---------------  T H R E A D  ---------------

Current thread (0x000001fdded34a30):  JavaThread "C2 CompilerThread0" daemon [_thread_in_native, id=6344, stack(0x0000005d24100000,0x0000005d24200000)]


Current CompileTask:
C2:218983 1878       4       java.util.AbstractList::equals (117 bytes)

Stack: [0x0000005d24100000,0x0000005d24200000]
Native frames: (J=compiled Java code, j=interpreted, Vv=VM code, C=native code)
V  [jvm.dll+0x680b99]
V  [jvm.dll+0x8387aa]
V  [jvm.dll+0x83a26e]
V  [jvm.dll+0x83a8d3]
V  [jvm.dll+0x2484af]
V  [jvm.dll+0xaca34]
V  [jvm.dll+0xad07c]
V  [jvm.dll+0x367cd2]
V  [jvm.dll+0x33201a]
V  [jvm.dll+0x3314ba]
V  [jvm.dll+0x21a931]
V  [jvm.dll+0x219d71]
V  [jvm.dll+0x1a5a8d]
V  [jvm.dll+0x229a9d]
V  [jvm.dll+0x227c5c]
V  [jvm.dll+0x7ed767]
V  [jvm.dll+0x7e7cbc]
V  [jvm.dll+0x67fa67]
C  [ucrtbase.dll+0x37b0]
C  [KERNEL32.DLL+0x2e8d7]
C  [ntdll.dll+0x8c53c]


---------------  P R O C E S S  ---------------

Threads class SMR info:
_java_thread_list=0x000001fde3ab0560, length=13, elements={
0x000001fdc3afb780, 0x000001fdded16510, 0x000001fdded16fe0, 0x000001fdded303b0,
0x000001fdded32c90, 0x000001fdded33560, 0x000001fdded33e30, 0x000001fdded34a30,
0x000001fdded39360, 0x000001fddeda91c0, 0x000001fde30d0020, 0x000001fde30d0950,
0x000001fde3ab1490
}

Java Threads: ( => current thread )
  0x000001fdc3afb780 JavaThread "main" [_thread_in_native, id=1396, stack(0x0000005d23400000,0x0000005d23500000)]
  0x000001fdded16510 JavaThread "Reference Handler" daemon [_thread_blocked, id=20908, stack(0x0000005d23b00000,0x0000005d23c00000)]
  0x000001fdded16fe0 JavaThread "Finalizer" daemon [_thread_blocked, id=12752, stack(0x0000005d23c00000,0x0000005d23d00000)]
  0x000001fdded303b0 JavaThread "Signal Dispatcher" daemon [_thread_blocked, id=9008, stack(0x0000005d23d00000,0x0000005d23e00000)]
  0x000001fdded32c90 JavaThread "Attach Listener" daemon [_thread_blocked, id=8632, stack(0x0000005d23e00000,0x0000005d23f00000)]
  0x000001fdded33560 JavaThread "Service Thread" daemon [_thread_blocked, id=20520, stack(0x0000005d23f00000,0x0000005d24000000)]
  0x000001fdded33e30 JavaThread "Monitor Deflation Thread" daemon [_thread_blocked, id=9004, stack(0x0000005d24000000,0x0000005d24100000)]
=>0x000001fdded34a30 JavaThread "C2 CompilerThread0" daemon [_thread_in_native, id=6344, stack(0x0000005d24100000,0x0000005d24200000)]
  0x000001fdded39360 JavaThread "C1 CompilerThread0" daemon [_thread_blocked, id=16704, stack(0x0000005d24200000,0x0000005d24300000)]
  0x000001fddeda91c0 JavaThread "Sweeper thread" daemon [_thread_blocked, id=4292, stack(0x0000005d24300000,0x0000005d24400000)]
  0x000001fde30d0020 JavaThread "Notification Thread" daemon [_thread_blocked, id=22300, stack(0x0000005d24400000,0x0000005d24500000)]
  0x000001fde30d0950 JavaThread "Common-Cleaner" daemon [_thread_blocked, id=18016, stack(0x0000005d24600000,0x0000005d24700000)]
  0x000001fde3ab1490 JavaThread "pool-1-thread-1" [_thread_blocked, id=18880, stack(0x0000005d24a00000,0x0000005d24b00000)]

Other Threads:
  0x000001fdded120c0 VMThread "VM Thread" [stack: 0x0000005d23a00000,0x0000005d23b00000] [id=22844]
  0x000001fde30d0500 WatcherThread [stack: 0x0000005d24500000,0x0000005d24600000] [id=17196]
  0x000001fdc3b1eb70 GCTaskThread "GC Thread#0" [stack: 0x0000005d23500000,0x0000005d23600000] [id=3968]
  0x000001fde3402090 GCTaskThread "GC Thread#1" [stack: 0x0000005d24700000,0x0000005d24800000] [id=4676]
  0x000001fde3420550 GCTaskThread "GC Thread#2" [stack: 0x0000005d24800000,0x0000005d24900000] [id=1600]
  0x000001fde3420810 GCTaskThread "GC Thread#3" [stack: 0x0000005d24900000,0x0000005d24a00000] [id=21628]
  0x000001fde3cd5f20 GCTaskThread "GC Thread#4" [stack: 0x0000005d24b00000,0x0000005d24c00000] [id=16432]
  0x000001fddeda0260 GCTaskThread "GC Thread#5" [stack: 0x0000005d24c00000,0x0000005d24d00000] [id=8892]
  0x000001fddeda0b30 GCTaskThread "GC Thread#6" [stack: 0x0000005d24d00000,0x0000005d24e00000] [id=2400]
  0x000001fde3d05cf0 GCTaskThread "GC Thread#7" [stack: 0x0000005d24e00000,0x0000005d24f00000] [id=7244]
  0x000001fdc3b202c0 ConcurrentGCThread "G1 Main Marker" [stack: 0x0000005d23600000,0x0000005d23700000] [id=12704]
  0x000001fdc3b219b0 ConcurrentGCThread "G1 Conc#0" [stack: 0x0000005d23700000,0x0000005d23800000] [id=13996]
  0x000001fdc3b93c50 ConcurrentGCThread "G1 Refine#0" [stack: 0x0000005d23800000,0x0000005d23900000] [id=18656]
  0x000001fdc3b94430 ConcurrentGCThread "G1 Service" [stack: 0x0000005d23900000,0x0000005d23a00000] [id=20996]

Threads with active compile tasks:
C2 CompilerThread0  219071 1878       4       java.util.AbstractList::equals (117 bytes)

VM state: not at safepoint (normal execution)

VM Mutex/Monitor currently owned by a thread: None

Heap address: 0x00000000fc000000, size: 64 MB, Compressed Oops mode: 32-bit

CDS archive(s) mapped at: [0x000001fd80000000-0x000001fd80bc0000-0x000001fd80bc0000), size 12320768, SharedBaseAddress: 0x000001fd80000000, ArchiveRelocationMode: 1.
Compressed class space mapped at: 0x000001fd81000000-0x000001fdc1000000, reserved size: 1073741824
Narrow klass base: 0x000001fd80000000, Narrow klass shift: 0, Narrow klass range: 0x100000000

GC Precious Log:
 CPUs: 12 total, 12 available
 Memory: 5996M
 Large Page Support: Disabled
 NUMA Support: Disabled
 Compressed Oops: Enabled (32-bit)
 Heap Region Size: 1M
 Heap Min Capacity: 64M
 Heap Initial Capacity: 64M
 Heap Max Capacity: 64M
 Pre-touch: Disabled
 Parallel Workers: 10
 Concurrent Workers: 3
 Concurrent Refinement Workers: 10
 Periodic GC: Disabled

Heap:
 garbage-first heap   total 65536K, used 18995K [0x00000000fc000000, 0x0000000100000000)
  region size 1024K, 13 young (13312K), 4 survivors (4096K)
 Metaspace       used 9589K, committed 9792K, reserved 1114112K
  class space    used 1252K, committed 1344K, reserved 1048576K

Heap Regions: E=young(eden), S=young(survivor), O=old, HS=humongous(starts), HC=humongous(continues), CS=collection set, F=free, OA=open archive, CA=closed archive, TAMS=top-at-mark-start (previous, next)
|   0|0x00000000fc000000, 0x00000000fc100000, 0x00000000fc100000|100%|HS|  |TAMS 0x00000000fc000000, 0x00000000fc000000| Complete 
|   1|0x00000000fc100000, 0x00000000fc200000, 0x00000000fc200000|100%|HC|  |TAMS 0x00000000fc100000, 0x00000000fc100000| Complete 
|   2|0x00000000fc200000, 0x00000000fc300000, 0x00000000fc300000|100%|HC|  |TAMS 0x00000000fc200000, 0x00000000fc200000| Complete 
|   3|0x00000000fc300000, 0x00000000fc400000, 0x00000000fc400000|100%| O|  |TAMS 0x00000000fc300000, 0x00000000fc300000| Untracked 
|   4|0x00000000fc400000, 0x00000000fc500000, 0x00000000fc500000|100%| O|  |TAMS 0x00000000fc400000, 0x00000000fc400000| Untracked 
|   5|0x00000000fc500000, 0x00000000fc600000, 0x00000000fc600000|100%| O|  |TAMS 0x00000000fc500000, 0x00000000fc500000| Untracked 
|   6|0x00000000fc600000, 0x00000000fc68cc00, 0x00000000fc700000| 54%| O|  |TAMS 0x00000000fc600000, 0x00000000fc600000| Untracked 
|   7|0x00000000fc700000, 0x00000000fc700000, 0x00000000fc800000|  0%| F|  |TAMS 0x00000000fc700000, 0x00000000fc700000| Untracked 
|   8|0x00000000fc800000, 0x00000000fc800000, 0x00000000fc900000|  0%| F|  |TAMS 0x00000000fc800000, 0x00000000fc800000| Untracked 
|   9|0x00000000fc900000, 0x00000000fc900000, 0x00000000fca00000|  0%| F|  |TAMS 0x00000000fc900000, 0x00000000fc900000| Untracked 
|  10|0x00000000fca00000, 0x00000000fca00000, 0x00000000fcb00000|  0%| F|  |TAMS 0x00000000fca00000, 0x00000000fca00000| Untracked 
|  11|0x00000000fcb00000, 0x00000000fcb00000, 0x00000000fcc00000|  0%| F|  |TAMS 0x00000000fcb00000, 0x00000000fcb00000| Untracked 
|  12|0x00000000fcc00000, 0x00000000fcc00000, 0x00000000fcd00000|  0%| F|  |TAMS 0x00000000fcc00000, 0x00000000fcc00000| Untracked 
|  13|0x00000000fcd00000, 0x00000000fcd00000, 0x00000000fce00000|  0%| F|  |TAMS 0x00000000fcd00000, 0x00000000fcd00000| Untracked 
|  14|0x00000000fce00000, 0x00000000fce00000, 0x00000000fcf00000|  0%| F|  |TAMS 0x00000000fce00000, 0x00000000fce00000| Untracked 
|  15|0x00000000fcf00000, 0x00000000fcf00000, 0x00000000fd000000|  0%| F|  |TAMS 0x00000000fcf00000, 0x00000000fcf00000| Untracked 
|  16|0x00000000fd000000, 0x00000000fd000000, 0x00000000fd100000|  0%| F|  |TAMS 0x00000000fd000000, 0x00000000fd000000| Untracked 
|  17|0x00000000fd100000, 0x00000000fd100000, 0x00000000fd200000|  0%| F|  |TAMS 0x00000000fd100000, 0x00000000fd100000| Untracked 
|  18|0x00000000fd200000, 0x00000000fd200000, 0x00000000fd300000|  0%| F|  |TAMS 0x00000000fd200000, 0x00000000fd200000| Untracked 
|  19|0x00000000fd300000, 0x00000000fd300000, 0x00000000fd400000|  0%| F|  |TAMS 0x00000000fd300000, 0x00000000fd300000| Untracked 
|  20|0x00000000fd400000, 0x00000000fd400000, 0x00000000fd500000|  0%| F|  |TAMS 0x00000000fd400000, 0x00000000fd400000| Untracked 
|  21|0x00000000fd500000, 0x00000000fd500000, 0x00000000fd600000|  0%| F|  |TAMS 0x00000000fd500000, 0x00000000fd500000| Untracked 
|  22|0x00000000fd600000, 0x00000000fd600000, 0x00000000fd700000|  0%| F|  |TAMS 0x00000000fd600000, 0x00000000fd600000| Untracked 
|  23|0x00000000fd700000, 0x00000000fd700000, 0x00000000fd800000|  0%| F|  |TAMS 0x00000000fd700000, 0x00000000fd700000| Untracked 
|  24|0x00000000fd800000, 0x00000000fd800000, 0x00000000fd900000|  0%| F|  |TAMS 0x00000000fd800000, 0x00000000fd800000| Untracked 
|  25|0x00000000fd900000, 0x00000000fd900000, 0x00000000fda00000|  0%| F|  |TAMS 0x00000000fd900000, 0x00000000fd900000| Untracked 
|  26|0x00000000fda00000, 0x00000000fda00000, 0x00000000fdb00000|  0%| F|  |TAMS 0x00000000fda00000, 0x00000000fda00000| Untracked 
|  27|0x00000000fdb00000, 0x00000000fdb00000, 0x00000000fdc00000|  0%| F|  |TAMS 0x00000000fdb00000, 0x00000000fdb00000| Untracked 
|  28|0x00000000fdc00000, 0x00000000fdd00000, 0x00000000fdd00000|100%| S|CS|TAMS 0x00000000fdc00000, 0x00000000fdc00000| Complete 
|  29|0x00000000fdd00000, 0x00000000fde00000, 0x00000000fde00000|100%| S|CS|TAMS 0x00000000fdd00000, 0x00000000fdd00000| Complete 
|  30|0x00000000fde00000, 0x00000000fdf00000, 0x00000000fdf00000|100%| S|CS|TAMS 0x00000000fde00000, 0x00000000fde00000| Complete 
|  31|0x00000000fdf00000, 0x00000000fe000000, 0x00000000fe000000|100%| S|CS|TAMS 0x00000000fdf00000, 0x00000000fdf00000| Complete 
|  32|0x00000000fe000000, 0x00000000fe000000, 0x00000000fe100000|  0%| F|  |TAMS 0x00000000fe000000, 0x00000000fe000000| Untracked 
|  33|0x00000000fe100000, 0x00000000fe100000, 0x00000000fe200000|  0%| F|  |TAMS 0x00000000fe100000, 0x00000000fe100000| Untracked 
|  34|0x00000000fe200000, 0x00000000fe200000, 0x00000000fe300000|  0%| F|  |TAMS 0x00000000fe200000, 0x00000000fe200000| Untracked 
|  35|0x00000000fe300000, 0x00000000fe300000, 0x00000000fe400000|  0%| F|  |TAMS 0x00000000fe300000, 0x00000000fe300000| Untracked 
|  36|0x00000000fe400000, 0x00000000fe400000, 0x00000000fe500000|  0%| F|  |TAMS 0x00000000fe400000, 0x00000000fe400000| Untracked 
|  37|0x00000000fe500000, 0x00000000fe500000, 0x00000000fe600000|  0%| F|  |TAMS 0x00000000fe500000, 0x00000000fe500000| Untracked 
|  38|0x00000000fe600000, 0x00000000fe600000, 0x00000000fe700000|  0%| F|  |TAMS 0x00000000fe600000, 0x00000000fe600000| Untracked 
|  39|0x00000000fe700000, 0x00000000fe700000, 0x00000000fe800000|  0%| F|  |TAMS 0x00000000fe700000, 0x00000000fe700000| Untracked 
|  40|0x00000000fe800000, 0x00000000fe800000, 0x00000000fe900000|  0%| F|  |TAMS 0x00000000fe800000, 0x00000000fe800000| Untracked 
|  41|0x00000000fe900000, 0x00000000fe900000, 0x00000000fea00000|  0%| F|  |TAMS 0x00000000fe900000, 0x00000000fe900000| Untracked 
|  42|0x00000000fea00000, 0x00000000fea00000, 0x00000000feb00000|  0%| F|  |TAMS 0x00000000fea00000, 0x00000000fea00000| Untracked 
|  43|0x00000000feb00000, 0x00000000feb00000, 0x00000000fec00000|  0%| F|  |TAMS 0x00000000feb00000, 0x00000000feb00000| Untracked 
|  44|0x00000000fec00000, 0x00000000fec00000, 0x00000000fed00000|  0%| F|  |TAMS 0x00000000fec00000, 0x00000000fec00000| Untracked 
|  45|0x00000000fed00000, 0x00000000fed00000, 0x00000000fee00000|  0%| F|  |TAMS 0x00000000fed00000, 0x00000000fed00000| Untracked 
|  46|0x00000000fee00000, 0x00000000fee00000, 0x00000000fef00000|  0%| F|  |TAMS 0x00000000fee00000, 0x00000000fee00000| Untracked 
|  47|0x00000000fef00000, 0x00000000fef00000, 0x00000000ff000000|  0%| F|  |TAMS 0x00000000fef00000, 0x00000000fef00000| Untracked 
|  48|0x00000000ff000000, 0x00000000ff000000, 0x00000000ff100000|  0%| F|  |TAMS 0x00000000ff000000, 0x00000000ff000000| Untracked 
|  49|0x00000000ff100000, 0x00000000ff100000, 0x00000000ff200000|  0%| F|  |TAMS 0x00000000ff100000, 0x00000000ff100000| Untracked 
|  50|0x00000000ff200000, 0x00000000ff200000, 0x00000000ff300000|  0%| F|  |TAMS 0x00000000ff200000, 0x00000000ff200000| Untracked 
|  51|0x00000000ff300000, 0x00000000ff300000, 0x00000000ff400000|  0%| F|  |TAMS 0x00000000ff300000, 0x00000000ff300000| Untracked 
|  52|0x00000000ff400000, 0x00000000ff400000, 0x00000000ff500000|  0%| F|  |TAMS 0x00000000ff400000, 0x00000000ff400000| Untracked 
|  53|0x00000000ff500000, 0x00000000ff500000, 0x00000000ff600000|  0%| F|  |TAMS 0x00000000ff500000, 0x00000000ff500000| Untracked 
|  54|0x00000000ff600000, 0x00000000ff600000, 0x00000000ff700000|  0%| F|  |TAMS 0x00000000ff600000, 0x00000000ff600000| Untracked 
|  55|0x00000000ff700000, 0x00000000ff76d3e0, 0x00000000ff800000| 42%| E|  |TAMS 0x00000000ff700000, 0x00000000ff700000| Complete 
|  56|0x00000000ff800000, 0x00000000ff900000, 0x00000000ff900000|100%| E|CS|TAMS 0x00000000ff800000, 0x00000000ff800000| Complete 
|  57|0x00000000ff900000, 0x00000000ffa00000, 0x00000000ffa00000|100%| E|CS|TAMS 0x00000000ff900000, 0x00000000ff900000| Complete 
|  58|0x00000000ffa00000, 0x00000000ffb00000, 0x00000000ffb00000|100%| E|CS|TAMS 0x00000000ffa00000, 0x00000000ffa00000| Complete 
|  59|0x00000000ffb00000, 0x00000000ffc00000, 0x00000000ffc00000|100%| E|CS|TAMS 0x00000000ffb00000, 0x00000000ffb00000| Complete 
|  60|0x00000000ffc00000, 0x00000000ffd00000, 0x00000000ffd00000|100%| E|CS|TAMS 0x00000000ffc00000, 0x00000000ffc00000| Complete 
|  61|0x00000000ffd00000, 0x00000000ffe00000, 0x00000000ffe00000|100%| E|CS|TAMS 0x00000000ffd00000, 0x00000000ffd00000| Complete 
|  62|0x00000000ffe00000, 0x00000000fff00000, 0x00000000fff00000|100%| E|CS|TAMS 0x00000000ffe00000, 0x00000000ffe00000| Complete 
|  63|0x00000000fff00000, 0x0000000100000000, 0x0000000100000000|100%| E|CS|TAMS 0x00000000fff00000, 0x00000000fff00000| Complete 

Card table byte_map: [0x000001fdc1a60000,0x000001fdc1a80000] _byte_map_base: 0x000001fdc1280000

Marking Bits (Prev, Next): (CMBitMap*) 0x000001fdc3b1f190, (CMBitMap*) 0x000001fdc3b1f1d0
 Prev Bits: [0x000001fddbf40000, 0x000001fddc040000)
 Next Bits: [0x000001fddc040000, 0x000001fddc140000)

Polling page: 0x000001fdc1a00000

Metaspace:

Usage:
  Non-class:      8.14 MB used.
      Class:      1.22 MB used.
       Both:      9.36 MB used.

Virtual space:
  Non-class space:       64.00 MB reserved,       8.25 MB ( 13%) committed,  1 nodes.
      Class space:        1.00 GB reserved,       1.31 MB ( <1%) committed,  1 nodes.
             Both:        1.06 GB reserved,       9.56 MB ( <1%) committed. 

Chunk freelists:
   Non-Class:  7.66 MB
       Class:  14.52 MB
        Both:  22.17 MB

MaxMetaspaceSize: unlimited
CompressedClassSpaceSize: 1.00 GB
Initial GC threshold: 21.00 MB
Current GC threshold: 21.00 MB
CDS: on
MetaspaceReclaimPolicy: balanced
 - commit_granule_bytes: 65536.
 - commit_granule_words: 8192.
 - virtual_space_node_default_size: 8388608.
 - enlarge_chunks_in_place: 1.
 - new_chunks_are_fully_committed: 0.
 - uncommit_free_chunks: 1.
 - use_allocation_guard: 0.
 - handle_deallocations: 1.


Internal statistics:

num_allocs_failed_limit: 0.
num_arena_births: 72.
num_arena_deaths: 0.
num_vsnodes_births: 2.
num_vsnodes_deaths: 0.
num_space_committed: 153.
num_space_uncommitted: 0.
num_chunks_returned_to_freelist: 0.
num_chunks_taken_from_freelist: 332.
num_chunk_merges: 0.
num_chunk_splits: 215.
num_chunks_enlarged: 180.
num_inconsistent_stats: 0.

CodeHeap 'non-profiled nmethods': size=120000Kb used=771Kb max_used=771Kb free=119228Kb
 bounds [0x000001fdd44c0000, 0x000001fdd4730000, 0x000001fddb9f0000]
CodeHeap 'profiled nmethods': size=120000Kb used=3435Kb max_used=3435Kb free=116564Kb
 bounds [0x000001fdcc9f0000, 0x000001fdccd50000, 0x000001fdd3f20000]
CodeHeap 'non-nmethods': size=5760Kb used=1169Kb max_used=1190Kb free=4591Kb
 bounds [0x000001fdd3f20000, 0x000001fdd4190000, 0x000001fdd44c0000]
 total_blobs=2315 nmethods=1850 adapters=378
 compilation: enabled
              stopped_count=0, restarted_count=0
 full_count=0

Compilation events (20 events):
Event: 189.229 Thread 0x000001fdded34a30 1863       4       com.google.common.collect.RegularImmutableList::get (7 bytes)
Event: 189.234 Thread 0x000001fdded34a30 nmethod 1863 0x000001fdd4580a90 code [0x000001fdd4580c20, 0x000001fdd4580cd8]
Event: 192.325 Thread 0x000001fdded39360 1864       3       org.gradle.internal.logging.sink.GroupingProgressLogEventGenerator::onStart (134 bytes)
Event: 192.362 Thread 0x000001fdded39360 nmethod 1864 0x000001fdccd46010 code [0x000001fdccd46260, 0x000001fdccd46e38]
Event: 192.364 Thread 0x000001fdded39360 1865       3       org.gradle.internal.logging.console.MultiLineBuildProgressArea::setVisible (43 bytes)
Event: 192.388 Thread 0x000001fdded39360 nmethod 1865 0x000001fdccd47110 code [0x000001fdccd47300, 0x000001fdccd47848]
Event: 194.227 Thread 0x000001fdded39360 1866       3       com.google.common.collect.Iterators$ArrayItr::<init> (13 bytes)
Event: 194.231 Thread 0x000001fdded39360 nmethod 1866 0x000001fdccd47a10 code [0x000001fdccd47be0, 0x000001fdccd47f88]
Event: 194.231 Thread 0x000001fdded39360 1867       3       com.google.common.collect.AbstractIndexedListIterator::<init> (21 bytes)
Event: 194.232 Thread 0x000001fdded39360 nmethod 1867 0x000001fdccd48190 code [0x000001fdccd48360, 0x000001fdccd48648]
Event: 195.240 Thread 0x000001fdded39360 1868       3       com.google.common.collect.ImmutableList::iterator (5 bytes)
Event: 195.403 Thread 0x000001fdded39360 nmethod 1868 0x000001fdccd48790 code [0x000001fdccd48960, 0x000001fdccd48ce8]
Event: 195.784 Thread 0x000001fdded39360 1871   !   3       java.nio.CharBuffer::wrap (21 bytes)
Event: 196.082 Thread 0x000001fdded39360 nmethod 1871 0x000001fdccd48e10 code [0x000001fdccd48fe0, 0x000001fdccd49278]
Event: 197.523 Thread 0x000001fdded39360 1874       3       org.gradle.internal.logging.console.WorkInProgressRenderer::unshow (48 bytes)
Event: 197.771 Thread 0x000001fdded39360 nmethod 1874 0x000001fdccd49410 code [0x000001fdccd49600, 0x000001fdccd49ae8]
Event: 203.329 Thread 0x000001fdded39360 1877       3       org.gradle.internal.logging.sink.GroupingProgressLogEventGenerator::onComplete (58 bytes)
Event: 203.336 Thread 0x000001fdded39360 nmethod 1877 0x000001fdccd49c90 code [0x000001fdccd49ea0, 0x000001fdccd4a6e8]
Event: 215.215 Thread 0x000001fdded34a30 1878       4       java.util.AbstractList::equals (117 bytes)
Event: 218.578 Thread 0x000001fdded39360 1880       3       org.fusesource.jansi.Ansi$Color::fg (8 bytes)

GC Heap History (4 events):
Event: 1.814 GC heap before
{Heap before GC invocations=0 (full 0):
 garbage-first heap   total 65536K, used 23552K [0x00000000fc000000, 0x0000000100000000)
  region size 1024K, 23 young (23552K), 0 survivors (0K)
 Metaspace       used 1751K, committed 1856K, reserved 1114112K
  class space    used 159K, committed 192K, reserved 1048576K
}
Event: 1.850 GC heap after
{Heap after GC invocations=1 (full 0):
 garbage-first heap   total 65536K, used 1824K [0x00000000fc000000, 0x0000000100000000)
  region size 1024K, 2 young (2048K), 2 survivors (2048K)
 Metaspace       used 1751K, committed 1856K, reserved 1114112K
  class space    used 159K, committed 192K, reserved 1048576K
}
Event: 6.414 GC heap before
{Heap before GC invocations=1 (full 0):
 garbage-first heap   total 65536K, used 35616K [0x00000000fc000000, 0x0000000100000000)
  region size 1024K, 32 young (32768K), 2 survivors (2048K)
 Metaspace       used 7703K, committed 7808K, reserved 1114112K
  class space    used 1041K, committed 1088K, reserved 1048576K
}
Event: 6.427 GC heap after
{Heap after GC invocations=2 (full 0):
 garbage-first heap   total 65536K, used 10803K [0x00000000fc000000, 0x0000000100000000)
  region size 1024K, 4 young (4096K), 4 survivors (4096K)
 Metaspace       used 7703K, committed 7808K, reserved 1114112K
  class space    used 1041K, committed 1088K, reserved 1048576K
}

Dll operation events (13 events):
Event: 0.016 Loaded shared library C:\Jdkk\openlogic-openjdk-17.0.17+10-windows-x64\bin\java.dll
Event: 0.053 Loaded shared library C:\Jdkk\openlogic-openjdk-17.0.17+10-windows-x64\bin\jsvml.dll
Event: 0.238 Loaded shared library C:\Jdkk\openlogic-openjdk-17.0.17+10-windows-x64\bin\net.dll
Event: 0.241 Loaded shared library C:\Jdkk\openlogic-openjdk-17.0.17+10-windows-x64\bin\nio.dll
Event: 0.248 Loaded shared library C:\Jdkk\openlogic-openjdk-17.0.17+10-windows-x64\bin\zip.dll
Event: 1.760 Loaded shared library C:\Jdkk\openlogic-openjdk-17.0.17+10-windows-x64\bin\jimage.dll
Event: 3.271 Loaded shared library C:\Jdkk\openlogic-openjdk-17.0.17+10-windows-x64\bin\management.dll
Event: 3.279 Loaded shared library C:\Jdkk\openlogic-openjdk-17.0.17+10-windows-x64\bin\management_ext.dll
Event: 3.449 Loaded shared library C:\Jdkk\openlogic-openjdk-17.0.17+10-windows-x64\bin\verify.dll
Event: 3.478 Loaded shared library C:\Users\Arvind\.gradle\native\1def1411415f61bf3af743bc5b6707747c0891f09f0c88961ee8f79bc544acac\windows-amd64\native-platform.dll
Event: 3.724 Loaded shared library C:\Users\Arvind\.gradle\native\jansi\1.18\windows64\jansi.dll
Event: 6.127 Loaded shared library C:\Jdkk\openlogic-openjdk-17.0.17+10-windows-x64\bin\extnet.dll
Event: 6.760 Loaded shared library C:\Jdkk\openlogic-openjdk-17.0.17+10-windows-x64\bin\sunmscapi.dll

Deoptimization events (20 events):
Event: 6.806 Thread 0x000001fdc3afb780 Uncommon trap: trap_request=0xffffffde fr.pc=0x000001fdd44fb814 relative=0x0000000000000074
Event: 6.806 Thread 0x000001fdc3afb780 Uncommon trap: reason=class_check action=maybe_recompile pc=0x000001fdd44fb814 method=java.util.AbstractList$Itr.hasNext()Z @ 8 c2
Event: 6.806 Thread 0x000001fdc3afb780 DEOPT PACKING pc=0x000001fdd44fb814 sp=0x0000005d234fc1f0
Event: 6.806 Thread 0x000001fdc3afb780 DEOPT UNPACKING pc=0x000001fdd3f769a3 sp=0x0000005d234fc188 mode 2
Event: 6.806 Thread 0x000001fdc3afb780 Uncommon trap: trap_request=0xffffffde fr.pc=0x000001fdd44fbb54 relative=0x00000000000000b4
Event: 6.806 Thread 0x000001fdc3afb780 Uncommon trap: reason=class_check action=maybe_recompile pc=0x000001fdd44fbb54 method=java.util.AbstractList$Itr.next()Ljava/lang/Object; @ 14 c2
Event: 6.806 Thread 0x000001fdc3afb780 DEOPT PACKING pc=0x000001fdd44fbb54 sp=0x0000005d234fc1e0
Event: 6.806 Thread 0x000001fdc3afb780 DEOPT UNPACKING pc=0x000001fdd3f769a3 sp=0x0000005d234fc178 mode 2
Event: 6.833 Thread 0x000001fde3ab1490 Uncommon trap: trap_request=0xffffffde fr.pc=0x000001fdd44fb814 relative=0x0000000000000074
Event: 6.833 Thread 0x000001fde3ab1490 Uncommon trap: reason=class_check action=maybe_recompile pc=0x000001fdd44fb814 method=java.util.AbstractList$Itr.hasNext()Z @ 8 c2
Event: 6.834 Thread 0x000001fde3ab1490 DEOPT PACKING pc=0x000001fdd44fb814 sp=0x0000005d24afeb70
Event: 6.834 Thread 0x000001fde3ab1490 DEOPT UNPACKING pc=0x000001fdd3f769a3 sp=0x0000005d24afeb08 mode 2
Event: 6.834 Thread 0x000001fde3ab1490 Uncommon trap: trap_request=0xffffffde fr.pc=0x000001fdd44fbb54 relative=0x00000000000000b4
Event: 6.834 Thread 0x000001fde3ab1490 Uncommon trap: reason=class_check action=maybe_recompile pc=0x000001fdd44fbb54 method=java.util.AbstractList$Itr.next()Ljava/lang/Object; @ 14 c2
Event: 6.834 Thread 0x000001fde3ab1490 DEOPT PACKING pc=0x000001fdd44fbb54 sp=0x0000005d24afeb60
Event: 6.834 Thread 0x000001fde3ab1490 DEOPT UNPACKING pc=0x000001fdd3f769a3 sp=0x0000005d24afeaf8 mode 2
Event: 103.141 Thread 0x000001fdc3afb780 Uncommon trap: trap_request=0xffffff45 fr.pc=0x000001fdd4563430 relative=0x0000000000001550
Event: 103.141 Thread 0x000001fdc3afb780 Uncommon trap: reason=unstable_if action=reinterpret pc=0x000001fdd4563430 method=java.util.concurrent.ConcurrentHashMap.transfer([Ljava/util/concurrent/ConcurrentHashMap$Node;[Ljava/util/concurrent/ConcurrentHashMap$Node;)V @ 26 c2
Event: 103.141 Thread 0x000001fdc3afb780 DEOPT PACKING pc=0x000001fdd4563430 sp=0x0000005d234f8500
Event: 103.142 Thread 0x000001fdc3afb780 DEOPT UNPACKING pc=0x000001fdd3f769a3 sp=0x0000005d234f8470 mode 2

Classes loaded (20 events):
Event: 103.486 Loading class jdk/internal/logger/LazyLoggers$LazyLoggerFactories
Event: 103.487 Loading class jdk/internal/logger/LazyLoggers$LazyLoggerFactories done
Event: 103.516 Loading class jdk/internal/logger/LoggerFinderLoader
Event: 103.519 Loading class jdk/internal/logger/LoggerFinderLoader done
Event: 103.575 Loading class jdk/internal/logger/LoggerFinderLoader$TemporaryLoggerFinder
Event: 103.578 Loading class jdk/internal/logger/LoggerFinderLoader$TemporaryLoggerFinder done
Event: 103.606 Loading class sun/util/logging/internal/LoggingProviderImpl$JULWrapper
Event: 103.611 Loading class sun/util/logging/PlatformLogger$ConfigurableBridge$LoggerConfiguration
Event: 103.613 Loading class sun/util/logging/PlatformLogger$ConfigurableBridge$LoggerConfiguration done
Event: 103.614 Loading class sun/util/logging/internal/LoggingProviderImpl$JULWrapper done
Event: 103.615 Loading class java/io/ObjectInputFilter
Event: 103.615 Loading class java/io/ObjectInputFilter done
Event: 103.619 Loading class java/io/ObjectInputFilter$Config$BuiltinFilterFactory
Event: 103.622 Loading class java/io/ObjectInputFilter$Config$BuiltinFilterFactory done
Event: 103.622 Loading class jdk/internal/access/JavaObjectInputFilterAccess
Event: 103.623 Loading class jdk/internal/access/JavaObjectInputFilterAccess done
Event: 103.624 Loading class java/lang/System$Logger$Level
Event: 103.625 Loading class java/lang/System$Logger$Level done
Event: 103.626 Loading class java/io/Bits
Event: 103.627 Loading class java/io/Bits done

Classes unloaded (0 events):
No events

Classes redefined (0 events):
No events

Internal exceptions (20 events):
Event: 0.579 Thread 0x000001fdc3afb780 Exception <a 'java/lang/NoSuchMethodError'{0x00000000ffc6cff0}: 'int java.lang.invoke.DirectMethodHandle$Holder.invokeStaticInit(java.lang.Object, java.lang.Object)'> (0x00000000ffc6cff0) 
thrown [s\src\hotspot\share\interpreter\linkResolver.cpp, line 759]
Event: 2.818 Thread 0x000001fdc3afb780 Exception <a 'java/lang/NoSuchMethodError'{0x00000000ff46e6b8}: 'int java.lang.invoke.DirectMethodHandle$Holder.invokeStatic(java.lang.Object, java.lang.Object, int)'> (0x00000000ff46e6b8) 
thrown [s\src\hotspot\share\interpreter\linkResolver.cpp, line 759]
Event: 3.255 Thread 0x000001fdc3afb780 Exception <a 'java/lang/NoSuchMethodError'{0x00000000ff0160a0}: 'java.lang.Object java.lang.invoke.DirectMethodHandle$Holder.invokeStaticInit(java.lang.Object)'> (0x00000000ff0160a0) 
thrown [s\src\hotspot\share\interpreter\linkResolver.cpp, line 759]
Event: 3.308 Thread 0x000001fdc3afb780 Exception <a 'java/lang/NoSuchMethodError'{0x00000000ff030d90}: 'int java.lang.invoke.DirectMethodHandle$Holder.invokeSpecial(java.lang.Object, java.lang.Object, java.lang.Object)'> (0x00000000ff030d90) 
thrown [s\src\hotspot\share\interpreter\linkResolver.cpp, line 759]
Event: 3.343 Thread 0x000001fdc3afb780 Exception <a 'java/lang/NoSuchMethodError'{0x00000000ff06dcc0}: 'void java.lang.invoke.DirectMethodHandle$Holder.invokeStatic(java.lang.Object, java.lang.Object)'> (0x00000000ff06dcc0) 
thrown [s\src\hotspot\share\interpreter\linkResolver.cpp, line 759]
Event: 3.347 Thread 0x000001fdc3afb780 Implicit null exception at 0x000001fdd453128a to 0x000001fdd45317cc
Event: 3.582 Thread 0x000001fdc3afb780 Exception <a 'java/lang/NoSuchMethodError'{0x00000000fee1cb80}: 'java.lang.Object java.lang.invoke.Invokers$Holder.invoker(java.lang.Object, java.lang.Object, java.lang.Object)'> (0x00000000fee1cb80) 
thrown [s\src\hotspot\share\interpreter\linkResolver.cpp, line 759]
Event: 3.584 Thread 0x000001fdc3afb780 Exception <a 'java/lang/NoSuchMethodError'{0x00000000fee25cd8}: 'java.lang.Object java.lang.invoke.DirectMethodHandle$Holder.invokeStatic(java.lang.Object, java.lang.Object, int)'> (0x00000000fee25cd8) 
thrown [s\src\hotspot\share\interpreter\linkResolver.cpp, line 759]
Event: 3.585 Thread 0x000001fdc3afb780 Exception <a 'java/lang/NoSuchMethodError'{0x00000000fee319c8}: 'void java.lang.invoke.DelegatingMethodHandle$Holder.delegate(java.lang.Object, java.lang.Object, int, java.lang.Object)'> (0x00000000fee319c8) 
thrown [s\src\hotspot\share\interpreter\linkResolver.cpp, line 759]
Event: 3.593 Thread 0x000001fdc3afb780 Exception <a 'java/lang/NoSuchMethodError'{0x00000000fee45010}: 'java.lang.Object java.lang.invoke.Invokers$Holder.invokeExact_MT(java.lang.Object, java.lang.Object, java.lang.Object, java.lang.Object)'> (0x00000000fee45010) 
thrown [s\src\hotspot\share\interpreter\linkResolver.cpp, line 759]
Event: 3.624 Thread 0x000001fdc3afb780 Exception <a 'java/lang/NoSuchMethodError'{0x00000000fee74230}: 'java.lang.Object java.lang.invoke.DirectMethodHandle$Holder.invokeVirtual(java.lang.Object, java.lang.Object, java.lang.Object)'> (0x00000000fee74230) 
thrown [s\src\hotspot\share\interpreter\linkResolver.cpp, line 759]
Event: 5.087 Thread 0x000001fdc3afb780 Exception <a 'java/lang/NoSuchMethodError'{0x00000000feae44d0}: 'java.lang.Object java.lang.invoke.DirectMethodHandle$Holder.newInvokeSpecial(java.lang.Object, java.lang.Object, java.lang.Object, java.lang.Object, java.lang.Object)'> (0x00000000feae44d0) 
thrown [s\src\hotspot\share\interpreter\linkResolver.cpp, line 759]
Event: 5.424 Thread 0x000001fdc3afb780 Exception <a 'java/lang/NoSuchMethodError'{0x00000000fe618ba8}: 'void java.lang.invoke.DirectMethodHandle$Holder.invokeSpecial(java.lang.Object, java.lang.Object, java.lang.Object)'> (0x00000000fe618ba8) 
thrown [s\src\hotspot\share\interpreter\linkResolver.cpp, line 759]
Event: 5.439 Thread 0x000001fdc3afb780 Implicit null exception at 0x000001fdd450d70f to 0x000001fdd450dc50
Event: 5.476 Thread 0x000001fdc3afb780 Implicit null exception at 0x000001fdd44f54af to 0x000001fdd44f5529
Event: 6.130 Thread 0x000001fdc3afb780 Exception <a 'java/lang/NoSuchMethodError'{0x00000000fe433020}: 'void java.lang.invoke.DirectMethodHandle$Holder.invokeStatic(java.lang.Object, java.lang.Object, java.lang.Object)'> (0x00000000fe433020) 
thrown [s\src\hotspot\share\interpreter\linkResolver.cpp, line 759]
Event: 6.442 Thread 0x000001fdc3afb780 Exception <a 'java/lang/NoSuchMethodError'{0x00000000fff18fc0}: 'java.lang.Object java.lang.invoke.DirectMethodHandle$Holder.invokeStaticInit(java.lang.Object, int, int, int, int)'> (0x00000000fff18fc0) 
thrown [s\src\hotspot\share\interpreter\linkResolver.cpp, line 759]
Event: 6.585 Thread 0x000001fdc3afb780 Exception <a 'java/lang/NoSuchMethodError'{0x00000000fff388c0}: 'java.lang.Object java.lang.invoke.DirectMethodHandle$Holder.invokeStaticInit(java.lang.Object, java.lang.Object, int, int, int, int)'> (0x00000000fff388c0) 
thrown [s\src\hotspot\share\interpreter\linkResolver.cpp, line 759]
Event: 6.650 Thread 0x000001fdc3afb780 Implicit null exception at 0x000001fdd450ca72 to 0x000001fdd450d040
Event: 6.653 Thread 0x000001fdc3afb780 Implicit null exception at 0x000001fdd45226f2 to 0x000001fdd4522cd0

VM Operations (20 events):
Event: 146.987 Executing VM operation: Cleanup
Event: 146.987 Executing VM operation: Cleanup done
Event: 148.000 Executing VM operation: Cleanup
Event: 148.000 Executing VM operation: Cleanup done
Event: 150.012 Executing VM operation: Cleanup
Event: 150.013 Executing VM operation: Cleanup done
Event: 157.100 Executing VM operation: Cleanup
Event: 159.174 Executing VM operation: Cleanup done
Event: 161.190 Executing VM operation: Cleanup
Event: 161.190 Executing VM operation: Cleanup done
Event: 169.274 Executing VM operation: Cleanup
Event: 169.276 Executing VM operation: Cleanup done
Event: 172.303 Executing VM operation: Cleanup
Event: 172.304 Executing VM operation: Cleanup done
Event: 174.328 Executing VM operation: Cleanup
Event: 174.343 Executing VM operation: Cleanup done
Event: 190.502 Executing VM operation: Cleanup
Event: 190.503 Executing VM operation: Cleanup done
Event: 203.668 Executing VM operation: Cleanup
Event: 203.669 Executing VM operation: Cleanup done

Memory protections (0 events):
No events

Nmethod flushes (0 events):
No events

Events (13 events):
Event: 0.054 Thread 0x000001fdc3afb780 Thread added: 0x000001fdc3afb780
Event: 0.083 Thread 0x000001fdc3afb780 Thread added: 0x000001fdded16510
Event: 0.083 Thread 0x000001fdc3afb780 Thread added: 0x000001fdded16fe0
Event: 0.148 Thread 0x000001fdc3afb780 Thread added: 0x000001fdded303b0
Event: 0.148 Thread 0x000001fdc3afb780 Thread added: 0x000001fdded32c90
Event: 0.148 Thread 0x000001fdc3afb780 Thread added: 0x000001fdded33560
Event: 0.148 Thread 0x000001fdc3afb780 Thread added: 0x000001fdded33e30
Event: 0.148 Thread 0x000001fdc3afb780 Thread added: 0x000001fdded34a30
Event: 0.152 Thread 0x000001fdc3afb780 Thread added: 0x000001fdded39360
Event: 0.154 Thread 0x000001fdc3afb780 Thread added: 0x000001fddeda91c0
Event: 0.206 Thread 0x000001fdc3afb780 Thread added: 0x000001fde30d0020
Event: 0.208 Thread 0x000001fdc3afb780 Thread added: 0x000001fde30d0950
Event: 4.051 Thread 0x000001fdc3afb780 Thread added: 0x000001fde3ab1490


Dynamic libraries:
0x00007ff747920000 - 0x00007ff74792e000 	C:\Jdkk\openlogic-openjdk-17.0.17+10-windows-x64\bin\java.exe
0x00007ff816380000 - 0x00007ff8165e7000 	C:\WINDOWS\SYSTEM32\ntdll.dll
0x00007ff815100000 - 0x00007ff8151c9000 	C:\WINDOWS\System32\KERNEL32.DLL
0x00007ff813590000 - 0x00007ff81397f000 	C:\WINDOWS\System32\KERNELBASE.dll
0x00007ff813dc0000 - 0x00007ff813f0b000 	C:\WINDOWS\System32\ucrtbase.dll
0x00007ff808650000 - 0x00007ff808667000 	C:\Jdkk\openlogic-openjdk-17.0.17+10-windows-x64\bin\jli.dll
0x00007ff815d20000 - 0x00007ff815ee5000 	C:\WINDOWS\System32\USER32.dll
0x00007ff8140f0000 - 0x00007ff814117000 	C:\WINDOWS\System32\win32u.dll
0x00007ff815cf0000 - 0x00007ff815d1b000 	C:\WINDOWS\System32\GDI32.dll
0x00007ff813fc0000 - 0x00007ff8140ec000 	C:\WINDOWS\System32\gdi32full.dll
0x00007ff813b10000 - 0x00007ff813bb3000 	C:\WINDOWS\System32\msvcp_win.dll
0x00007ff808670000 - 0x00007ff80868b000 	C:\Jdkk\openlogic-openjdk-17.0.17+10-windows-x64\bin\VCRUNTIME140.dll
0x00007ffff81b0000 - 0x00007ffff8443000 	C:\WINDOWS\WinSxS\amd64_microsoft.windows.common-controls_6595b64144ccf1df_6.0.26100.7309_none_3e05feeae336a044\COMCTL32.dll
0x00007ff815a50000 - 0x00007ff815af9000 	C:\WINDOWS\System32\msvcrt.dll
0x00007ff816280000 - 0x00007ff8162b1000 	C:\WINDOWS\System32\IMM32.DLL
0x00007ff80e200000 - 0x00007ff80e20c000 	C:\Jdkk\openlogic-openjdk-17.0.17+10-windows-x64\bin\vcruntime140_1.dll
0x00007ff806980000 - 0x00007ff806a0d000 	C:\Jdkk\openlogic-openjdk-17.0.17+10-windows-x64\bin\msvcp140.dll
0x00007fff967f0000 - 0x00007fff9745c000 	C:\Jdkk\openlogic-openjdk-17.0.17+10-windows-x64\bin\server\jvm.dll
0x00007ff815ef0000 - 0x00007ff815fa4000 	C:\WINDOWS\System32\ADVAPI32.dll
0x00007ff814120000 - 0x00007ff8141c6000 	C:\WINDOWS\System32\sechost.dll
0x00007ff8149a0000 - 0x00007ff814ab8000 	C:\WINDOWS\System32\RPCRT4.dll
0x00007ff8162c0000 - 0x00007ff816334000 	C:\WINDOWS\System32\WS2_32.dll
0x00007ff813350000 - 0x00007ff8133ae000 	C:\WINDOWS\SYSTEM32\POWRPROF.dll
0x00007ff800090000 - 0x00007ff8000c5000 	C:\WINDOWS\SYSTEM32\WINMM.dll
0x00007ff8000d0000 - 0x00007ff8000db000 	C:\WINDOWS\SYSTEM32\VERSION.dll
0x00007ff813330000 - 0x00007ff813344000 	C:\WINDOWS\SYSTEM32\UMPDC.dll
0x00007ff812280000 - 0x00007ff81229b000 	C:\WINDOWS\SYSTEM32\kernel.appcore.dll
0x00007ff80cb50000 - 0x00007ff80cb5a000 	C:\Jdkk\openlogic-openjdk-17.0.17+10-windows-x64\bin\jimage.dll
0x00007ff810d10000 - 0x00007ff810f52000 	C:\WINDOWS\SYSTEM32\DBGHELP.DLL
0x00007ff8151d0000 - 0x00007ff815555000 	C:\WINDOWS\System32\combase.dll
0x00007ff814b60000 - 0x00007ff814c36000 	C:\WINDOWS\System32\OLEAUT32.dll
0x00007ffff0460000 - 0x00007ffff049c000 	C:\WINDOWS\SYSTEM32\dbgcore.DLL
0x00007ff813f10000 - 0x00007ff813fb5000 	C:\WINDOWS\System32\bcryptPrimitives.dll
0x00007ff808620000 - 0x00007ff808645000 	C:\Jdkk\openlogic-openjdk-17.0.17+10-windows-x64\bin\java.dll
0x00007ff8056f0000 - 0x00007ff8057c6000 	C:\Jdkk\openlogic-openjdk-17.0.17+10-windows-x64\bin\jsvml.dll
0x00007ff814240000 - 0x00007ff814993000 	C:\WINDOWS\System32\SHELL32.dll
0x00007ff813bc0000 - 0x00007ff813d2a000 	C:\WINDOWS\System32\wintypes.dll
0x00007ff811110000 - 0x00007ff81196e000 	C:\WINDOWS\SYSTEM32\windows.storage.dll
0x00007ff814c40000 - 0x00007ff814d35000 	C:\WINDOWS\System32\SHCORE.dll
0x00007ff816150000 - 0x00007ff8161b6000 	C:\WINDOWS\System32\shlwapi.dll
0x00007ff8133f0000 - 0x00007ff813419000 	C:\WINDOWS\SYSTEM32\profapi.dll
0x00007ff808050000 - 0x00007ff808069000 	C:\Jdkk\openlogic-openjdk-17.0.17+10-windows-x64\bin\net.dll
0x00007ff80add0000 - 0x00007ff80aef8000 	C:\WINDOWS\SYSTEM32\WINHTTP.dll
0x00007ff8127f0000 - 0x00007ff81285b000 	C:\WINDOWS\system32\mswsock.dll
0x00007ff806f20000 - 0x00007ff806f36000 	C:\Jdkk\openlogic-openjdk-17.0.17+10-windows-x64\bin\nio.dll
0x00007ff806ba0000 - 0x00007ff806bb8000 	C:\Jdkk\openlogic-openjdk-17.0.17+10-windows-x64\bin\zip.dll
0x00007ff80cb20000 - 0x00007ff80cb29000 	C:\Jdkk\openlogic-openjdk-17.0.17+10-windows-x64\bin\management.dll
0x00007ff80c680000 - 0x00007ff80c68b000 	C:\Jdkk\openlogic-openjdk-17.0.17+10-windows-x64\bin\management_ext.dll
0x00007ff815560000 - 0x00007ff815568000 	C:\WINDOWS\System32\PSAPI.DLL
0x00007ff80b020000 - 0x00007ff80b030000 	C:\Jdkk\openlogic-openjdk-17.0.17+10-windows-x64\bin\verify.dll
0x00007ff80b030000 - 0x00007ff80b057000 	C:\Users\Arvind\.gradle\native\1def1411415f61bf3af743bc5b6707747c0891f09f0c88961ee8f79bc544acac\windows-amd64\native-platform.dll
0x00007ff807040000 - 0x00007ff80704a000 	C:\Users\Arvind\.gradle\native\jansi\1.18\windows64\jansi.dll
0x00007ff811c90000 - 0x00007ff811cc4000 	C:\WINDOWS\SYSTEM32\IPHLPAPI.DLL
0x00007ff8141d0000 - 0x00007ff8141da000 	C:\WINDOWS\System32\NSI.dll
0x00007ff80a7f0000 - 0x00007ff80a80e000 	C:\WINDOWS\SYSTEM32\dhcpcsvc6.DLL
0x00007ff80a7c0000 - 0x00007ff80a7e3000 	C:\WINDOWS\SYSTEM32\dhcpcsvc.DLL
0x00007ff811d80000 - 0x00007ff811eac000 	C:\WINDOWS\SYSTEM32\DNSAPI.dll
0x00007ff809170000 - 0x00007ff809178000 	C:\Jdkk\openlogic-openjdk-17.0.17+10-windows-x64\bin\extnet.dll
0x00007ff812ab0000 - 0x00007ff812acb000 	C:\WINDOWS\SYSTEM32\CRYPTSP.dll
0x00007ff8121e0000 - 0x00007ff81221a000 	C:\WINDOWS\system32\rsaenh.dll
0x00007ff8128a0000 - 0x00007ff8128cb000 	C:\WINDOWS\SYSTEM32\USERENV.dll
0x00007ff8133c0000 - 0x00007ff8133ea000 	C:\WINDOWS\SYSTEM32\bcrypt.dll
0x00007ff812ad0000 - 0x00007ff812adc000 	C:\WINDOWS\SYSTEM32\CRYPTBASE.dll
0x00007ff808040000 - 0x00007ff80804e000 	C:\Jdkk\openlogic-openjdk-17.0.17+10-windows-x64\bin\sunmscapi.dll
0x00007ff813990000 - 0x00007ff813b07000 	C:\WINDOWS\System32\CRYPT32.dll
0x00007ff812cd0000 - 0x00007ff812d00000 	C:\WINDOWS\SYSTEM32\ncrypt.dll
0x00007ff812c80000 - 0x00007ff812cbf000 	C:\WINDOWS\SYSTEM32\NTASN1.dll
0x00007ff80ca20000 - 0x00007ff80ca28000 	C:\WINDOWS\system32\wshunix.dll

dbghelp: loaded successfully - version: 4.0.5 - missing functions: none
symbol engine: initialized successfully - sym options: 0x614 - pdb path: .;C:\Jdkk\openlogic-openjdk-17.0.17+10-windows-x64\bin;C:\WINDOWS\SYSTEM32;C:\WINDOWS\WinSxS\amd64_microsoft.windows.common-controls_6595b64144ccf1df_6.0.26100.7309_none_3e05feeae336a044;C:\Jdkk\openlogic-openjdk-17.0.17+10-windows-x64\bin\server;C:\Users\Arvind\.gradle\native\1def1411415f61bf3af743bc5b6707747c0891f09f0c88961ee8f79bc544acac\windows-amd64;C:\Users\Arvind\.gradle\native\jansi\1.18\windows64

VM Arguments:
jvm_args: -Xmx64m -Xms64m -Dorg.gradle.appname=gradlew 
java_command: C:\Newhergaurd\HerGuardClean\android\\gradle\wrapper\gradle-wrapper.jar app:installDebug -PreactNativeDevServerPort=8081
java_class_path (initial): C:\Newhergaurd\HerGuardClean\android\\gradle\wrapper\gradle-wrapper.jar
Launcher Type: SUN_STANDARD

[Global flags]
     intx CICompilerCount                          = 4                                         {product} {ergonomic}
     uint ConcGCThreads                            = 3                                         {product} {ergonomic}
     uint G1ConcRefinementThreads                  = 10                                        {product} {ergonomic}
   size_t G1HeapRegionSize                         = 1048576                                   {product} {ergonomic}
    uintx GCDrainStackTargetSize                   = 64                                        {product} {ergonomic}
   size_t InitialHeapSize                          = 67108864                                  {product} {command line}
   size_t MarkStackSize                            = 4194304                                   {product} {ergonomic}
   size_t MaxHeapSize                              = 67108864                                  {product} {command line}
   size_t MaxNewSize                               = 39845888                                  {product} {ergonomic}
   size_t MinHeapDeltaBytes                        = 1048576                                   {product} {ergonomic}
   size_t MinHeapSize                              = 67108864                                  {product} {command line}
    uintx NonNMethodCodeHeapSize                   = 5839372                                {pd product} {ergonomic}
    uintx NonProfiledCodeHeapSize                  = 122909434                              {pd product} {ergonomic}
    uintx ProfiledCodeHeapSize                     = 122909434                              {pd product} {ergonomic}
    uintx ReservedCodeCacheSize                    = 251658240                              {pd product} {ergonomic}
     bool SegmentedCodeCache                       = true                                      {product} {ergonomic}
   size_t SoftMaxHeapSize                          = 67108864                               {manageable} {ergonomic}
     bool UseCompressedClassPointers               = true                           {product lp64_product} {ergonomic}
     bool UseCompressedOops                        = true                           {product lp64_product} {ergonomic}
     bool UseG1GC                                  = true                                      {product} {ergonomic}
     bool UseLargePagesIndividualAllocation        = false                                  {pd product} {ergonomic}

Logging:
Log output configuration:
 #0: stdout all=warning uptime,level,tags
 #1: stderr all=off uptime,level,tags

Environment Variables:
JAVA_HOME=C:\Jdkk\openlogic-openjdk-17.0.17+10-windows-x64
PATH=C:\Newhergaurd\herguardclean\node_modules\.bin;C:\Newhergaurd\herguardclean\android\node_modules\.bin;C:\Newhergaurd\herguardclean\node_modules\.bin;C:\Newhergaurd\node_modules\.bin;C:\node_modules\.bin;C:\Program Files\nodejs\node_modules\npm\node_modules\@npmcli\run-script\lib\node-gyp-bin;C:\Windows\system32;C:\Windows;C:\Windows\System32\Wbem;C:\Windows\System32\WindowsPowerShell\v1.0\;C:\Windows\System32\OpenSSH\;C:\Program Files (x86)\NVIDIA Corporation\PhysX\Common;C:\WINDOWS\system32;C:\WINDOWS;C:\WINDOWS\System32\Wbem;C:\WINDOWS\System32\WindowsPowerShell\v1.0\;C:\WINDOWS\System32\OpenSSH\;C:\Program Files\NVIDIA Corporation\NVIDIA NvDLISR;C:\WINDOWS\system32;C:\WINDOWS;C:\WINDOWS\System32\Wbem;C:\WINDOWS\System32\WindowsPowerShell\v1.0\;C:\WINDOWS\System32\OpenSSH\;C:\Program Files\dotnet\;C:\MinGW\bin;C:\Program Files\Git\cmd;C:\Program Files\Git\mingw64\bin;C:\Program Files\Git\usr\bin;C:\Program Files\nodejs\;C:\MinGW\bin;C:\Program Files\Redis;C:\Flutter\flutter;C:\Jdkk\openlogic-openjdk-17.0.17+10-windows-x64\bin;C:\Users\Arvind\AppData\Local\Microsoft\WindowsApps;C:\Users\Arvind\AppData\Local\Programs\Microsoft VS Code\bin;C:\MinGW\bin;C:\Program Files\JetBrains\IntelliJ IDEA Community Edition 2024.1.4\bin;;C:\Users\Arvind\AppData\Roaming\npm;C:\Flutter\flutter\bin;C:\Users\Arvind\AppData\Local\Android\Sdk;C:\Users\Arvind\AppData\Local\Android\Sdk\platform-tools;C:\Users\Arvind\AppData\Local\Android\Sdk\emulator;C:\Users\Arvind\AppData\Local\Android\Sdk\build-tools;C:\Users\Arvind\AppData\Local\Android\Sdk\cmdline-tools\latest\bin;c:\Users\Arvind\.vscode\extensions\vscjava.vscode-java-debug-0.58.5\bundled\scripts\noConfigScripts
USERNAME=Arvind
LANG=en_US.UTF-8
OS=Windows_NT
PROCESSOR_IDENTIFIER=AMD64 Family 25 Model 80 Stepping 0, AuthenticAMD
TMP=C:\Users\Arvind\AppData\Local\Temp
TEMP=C:\Users\Arvind\AppData\Local\Temp



Periodic native trim disabled


---------------  S Y S T E M  ---------------

OS:
 Windows 11 , 64 bit Build 26100 (10.0.26100.7309)
OS uptime: 0 days 1:10 hours

CPU: total 12 (initial active 12) (12 cores per cpu, 2 threads per core) family 25 model 80 stepping 0 microcode 0xa50000c, cx8, cmov, fxsr, ht, mmx, 3dnowpref, sse, sse2, sse3, ssse3, sse4a, sse4.1, sse4.2, popcnt, lzcnt, tsc, tscinvbit, avx, avx2, aes, erms, clmul, bmi1, bmi2, adx, sha, fma, vzeroupper, clflush, clflushopt
Processor Information for processor 0
  Max Mhz: 3301, Current Mhz: 2630, Mhz Limit: 3301
Processor Information for processor 1
  Max Mhz: 3301, Current Mhz: 3301, Mhz Limit: 3301
Processor Information for processor 2
  Max Mhz: 3301, Current Mhz: 3301, Mhz Limit: 3301
Processor Information for processor 3
  Max Mhz: 3301, Current Mhz: 2630, Mhz Limit: 3301
Processor Information for processor 4
  Max Mhz: 3301, Current Mhz: 2630, Mhz Limit: 3301
Processor Information for processor 5
  Max Mhz: 3301, Current Mhz: 2630, Mhz Limit: 3301
Processor Information for processor 6
  Max Mhz: 3301, Current Mhz: 2630, Mhz Limit: 3301
Processor Information for processor 7
  Max Mhz: 3301, Current Mhz: 2630, Mhz Limit: 3301
Processor Information for processor 8
  Max Mhz: 3301, Current Mhz: 2630, Mhz Limit: 3301
Processor Information for processor 9
  Max Mhz: 3301, Current Mhz: 3301, Mhz Limit: 3301
Processor Information for processor 10
  Max Mhz: 3301, Current Mhz: 2630, Mhz Limit: 3301
Processor Information for processor 11
  Max Mhz: 3301, Current Mhz: 2630, Mhz Limit: 3301

Memory: 4k page, system-wide physical 5996M (186M free)
TotalPageFile size 24428M (AvailPageFile size 0M)
current process WorkingSet (physical memory assigned to process): 13M, peak: 105M
current process commit charge ("private bytes"): 170M, peak: 172M

vm_info: OpenJDK 64-Bit Server VM (17.0.17+10-adhoc..jdk17u) for windows-amd64 JRE (17.0.17+10-adhoc..jdk17u), built on Nov  3 2025 07:55:22 by "" with MS VC++ 16.10 / 16.11 (VS2019)

END.
